#
# A fatal error has been detected by the Java Runtime Environment:
#
#  SIGBUS (0xa) at pc=0x000000010e94d4f0, pid=1653, tid=35595
#
# JRE version: OpenJDK Runtime Environment Corretto-17.0.2.8.1 (17.0.2+8) (build 17.0.2+8-LTS)
# Java VM: OpenJDK 64-Bit Server VM Corretto-17.0.2.8.1 (17.0.2+8-LTS, mixed mode, sharing, tiered, compressed oops, compressed class ptrs, g1 gc, bsd-aarch64)
# Problematic frame:
# v  ~StubRoutines::SafeFetchN
#
# No core dump will be written. Core dumps have been disabled. To enable core dumping, try "ulimit -c unlimited" before starting Java again
#
# If you would like to submit a bug report, please visit:
#   https://github.com/corretto/corretto-17/issues/
# The crash happened outside the Java Virtual Machine in native code.
# See problematic frame for where to report the bug.
#

---------------  S U M M A R Y ------------

Command Line: -javaagent:/Applications/IntelliJ IDEA CE.app/Contents/lib/idea_rt.jar=49428:/Applications/IntelliJ IDEA CE.app/Contents/bin -Dfile.encoding=UTF-8 --module-path=/Users/simonluo/.m2/repository/org/openjfx/javafx-controls/17.0.0.1/javafx-controls-17.0.0.1-mac-aarch64.jar:/Users/simonluo/.m2/repository/org/openjfx/javafx-graphics/17.0.0.1/javafx-graphics-17.0.0.1-mac-aarch64.jar:/Users/simonluo/.m2/repository/org/openjfx/javafx-fxml/17.0.0.1/javafx-fxml-17.0.0.1-mac-aarch64.jar:/Users/simonluo/cs151proj/passaver/target/classes:/Users/simonluo/.m2/repository/org/openjfx/javafx-base/17.0.0.1/javafx-base-17.0.0.1-mac-aarch64.jar:/Users/simonluo/.m2/repository/org/xerial/sqlite-jdbc/3.36.0.3/sqlite-jdbc-3.36.0.3.jar -Djdk.module.main=cs151.passaver cs151.passaver/cs151.passaver.Passaver

Host: "MacBookAir10,1" arm64 1 MHz, 8 cores, 8G, Darwin 21.4.0, macOS 12.3.1 (21E258)
Time: Wed Apr 27 13:54:47 2022 PDT elapsed time: 2.416913 seconds (0d 0h 0m 2s)

---------------  T H R E A D  ---------------

Current thread (0x000000013d8bda00):  JavaThread "InvokeLaterDispatcher" daemon [_thread_in_native, id=35595, stack(0x000000016dbe8000,0x000000016ddeb000)]

Stack: [0x000000016dbe8000,0x000000016ddeb000],  sp=0x000000016ddea790,  free space=2057k
Native frames: (J=compiled Java code, j=interpreted, Vv=VM code, C=native code)
v  ~StubRoutines::SafeFetchN
V  [libjvm.dylib+0x7b4740]  _ZN10OopStorage7releaseEPKP7oopDesc+0x20
V  [libjvm.dylib+0x4c7020]  jni_DeleteGlobalRef+0xd8
C  [libglass.dylib+0xab08]  -[GlassRunnable dealloc]+0x34
C  [Foundation+0x85618]  -[_NSThreadPerformInfo dealloc]+0x30
C  [Foundation+0x5198c]  -[NSObject(NSThreadPerformAdditions) performSelectorOnMainThread:withObject:waitUntilDone:]+0x88
C  0xca5080010e9558ac
j  com.sun.glass.ui.mac.MacApplication.submitForLaterInvocation(Ljava/lang/Runnable;)V+2 javafx.graphics
j  com.sun.glass.ui.InvokeLaterDispatcher.run()V+82 javafx.graphics
v  ~StubRoutines::call_stub
V  [libjvm.dylib+0x46bebc]  _ZN9JavaCalls11call_helperEP9JavaValueRK12methodHandleP17JavaCallArgumentsP10JavaThread+0x390
V  [libjvm.dylib+0x46af28]  _ZN9JavaCalls12call_virtualEP9JavaValueP5KlassP6SymbolS5_P17JavaCallArgumentsP10JavaThread+0xf8
V  [libjvm.dylib+0x46aff0]  _ZN9JavaCalls12call_virtualEP9JavaValue6HandleP5KlassP6SymbolS6_P10JavaThread+0x64
V  [libjvm.dylib+0x520354]  _ZL12thread_entryP10JavaThreadS0_+0xc4
V  [libjvm.dylib+0x997944]  _ZN10JavaThread17thread_main_innerEv+0x138
V  [libjvm.dylib+0x996020]  _ZN6Thread8call_runEv+0x128
V  [libjvm.dylib+0x7bb6a4]  _ZL19thread_native_entryP6Thread+0x158
C  [libsystem_pthread.dylib+0x726c]  _pthread_start+0x94

Java frames: (J=compiled Java code, j=interpreted, Vv=VM code)
j  com.sun.glass.ui.mac.MacApplication._submitForLaterInvocation(Ljava/lang/Runnable;)V+0 javafx.graphics
j  com.sun.glass.ui.mac.MacApplication.submitForLaterInvocation(Ljava/lang/Runnable;)V+2 javafx.graphics
j  com.sun.glass.ui.InvokeLaterDispatcher.run()V+82 javafx.graphics
v  ~StubRoutines::call_stub

siginfo: si_signo: 10 (SIGBUS), si_code: 1 (BUS_ADRALN), si_addr: 0x000000010e94d4f0

Register to memory mapping:

 x0=0x000000013e007488 points into unknown readable memory: 0x0000000000000000 | 00 00 00 00 00 00 00 00
 x1=0x0 is NULL
 x2=0x0000000786fef130 is an oop: com.sun.glass.ui.InvokeLaterDispatcher$Future 
{0x0000000786fef130} - klass: 'com/sun/glass/ui/InvokeLaterDispatcher$Future'
 - ---- fields (total size 3 words):
 - private 'done' 'Z' @12  true
 - private final 'runnable' 'Ljava/lang/Runnable;' @16  a 'com/sun/javafx/tk/quantum/QuantumToolkit$$Lambda$107+0x0000000800c3a418'{0x0000000786821b00} (f0d04360)
 - final synthetic 'this$0' 'Lcom/sun/glass/ui/InvokeLaterDispatcher;' @20  a 'com/sun/glass/ui/InvokeLaterDispatcher'{0x000000078680add8} (f0d015bb)
 x3=0x0 is NULL
 x4=0x00000000000130a8 is an unknown value
 x5=0x0 is NULL
 x6=0x0 is NULL
 x7=0x0 is NULL
 x8=0x000000010e94d4ec is at begin+0 in a stub
StubRoutines::SafeFetchN [0x000000010e94d4ec, 0x000000010e94d4f8] (12 bytes)
 x9=0x0 is NULL
x10=0x2010000030300000 is an unknown value
x11=0x0000000000000007 is an unknown value
x12=0x0000000000000004 is an unknown value
x13=0x000060000258c190 points into unknown readable memory: 0xe44b00019491fc40 | 40 fc 91 94 01 00 4b e4
x14=0x0000040000000000 is an unknown value
x15=0x000000011fc09f98: OBJC_CLASS_$_GlassRunnable+0 in /Users/simonluo/.openjfx/cache/17.0.0.1/libglass.dylib at 0x000000011fbc4000
x16=0x0000000194a890fc: pthread_getspecific+0 in /usr/lib/system/libsystem_pthread.dylib at 0x0000000194a87000
x17=0x0000600002fad8c0 points into unknown readable memory: 0xfffffffffffffffe | fe ff ff ff ff ff ff ff
x18=0x0 is NULL
x19=0x00006000020a8070 points into unknown readable memory: 0x00006000009b0130 | 30 01 9b 00 00 60 00 00
x20=0x000000013e007280 points into unknown readable memory: 0x00000007868210b8 | b8 10 82 86 07 00 00 00
x21=0x000000013e007488 points into unknown readable memory: 0x0000000000000000 | 00 00 00 00 00 00 00 00
x22=0x000000013d8bda00 is a thread
x23=0x0000000000000001 is an unknown value
x24=0x000000013e007440 is a global jni handle
x25=0x0000000106b3fa08: _ZN12StubRoutines17_safefetchN_entryE+0 in /Users/simonluo/Library/Java/JavaVirtualMachines/corretto-17.0.2/Contents/Home/lib/server/libjvm.dylib at 0x0000000105ee8000
x26=0x000000012f51a4a0 is pointing into metadata
x27=0x0 is NULL
x28=0x000000013d8bda00 is a thread


Registers:
 x0=0x000000013e007488  x1=0x0000000000000000  x2=0x0000000786fef130  x3=0x0000000000000000
 x4=0x00000000000130a8  x5=0x0000000000000000  x6=0x0000000000000000  x7=0x0000000000000000
 x8=0x000000010e94d4ec  x9=0x0000000000000000 x10=0x2010000030300000 x11=0x0000000000000007
x12=0x0000000000000004 x13=0x000060000258c190 x14=0x0000040000000000 x15=0x000000011fc09f98
x16=0x0000000194a890fc x17=0x0000600002fad8c0 x18=0x0000000000000000 x19=0x00006000020a8070
x20=0x000000013e007280 x21=0x000000013e007488 x22=0x000000013d8bda00 x23=0x0000000000000001
x24=0x000000013e007440 x25=0x0000000106b3fa08 x26=0x000000012f51a4a0 x27=0x0000000000000000
x28=0x000000013d8bda00  fp=0x000000016ddea7d0  lr=0x000000010669b51c  sp=0x000000016ddea790
pc=0x000000010e94d4f0 cpsr=0x0000000060001000
Top of Stack: (sp=0x000000016ddea790)
0x000000016ddea790:   000000012f51a4a0 0000000000000001
0x000000016ddea7a0:   000000012c8ad138 0000000000000000
0x000000016ddea7b0:   000000012c8ad0a8 000000013e007470
0x000000016ddea7c0:   000000013e007470 00006000020a8070
0x000000016ddea7d0:   000000016ddea810 000000010669c740
0x000000016ddea7e0:   0000000000000001 000000013e007470
0x000000016ddea7f0:   000000012c8ad0a8 000000013e007470
0x000000016ddea800:   0000000000000001 000000012c8ace00
0x000000016ddea810:   000000016ddea850 00000001063af020
0x000000016ddea820:   000000016ddea998 00006000009b8600
0x000000016ddea830:   00006000009b85f0 00000001deb4ebe0
0x000000016ddea840:   0000000000000000 00006000009b85f0
0x000000016ddea850:   000000016ddea880 000000011fbceb08
0x000000016ddea860:   12e90719d95700a7 0000000000000000
0x000000016ddea870:   0000000000000000 0000600001ea9d80
0x000000016ddea880:   000000016ddea8c0 0000000195a56618
0x000000016ddea890:   000000016ddea998 00006000009b8600
0x000000016ddea8a0:   00006000009b85f0 12e90719d95700a7
0x000000016ddea8b0:   0000000000000000 0000000000000000
0x000000016ddea8c0:   000000016ddea900 3a71000195a2298c
0x000000016ddea8d0:   000000016ddea998 000000010e9547c0
0x000000016ddea8e0:   0000000000000000 0000000106b473c8
0x000000016ddea8f0:   000000016ddea910 000000010e953730
0x000000016ddea900:   000000016ddea970 ca5080010e9558ac
0x000000016ddea910:   000000016ddea910 00000008009865d5
0x000000016ddea920:   000000016ddea920 0000000000000000
0x000000016ddea930:   000000016ddea998 000000012f51a4a0
0x000000016ddea940:   00000007868210b8 0000000000000000
0x000000016ddea950:   0000000000000000 000000012f4f29c0
0x000000016ddea960:   0000000000000000 000000016ddea970
0x000000016ddea970:   000000016ddea9f0 000000010e951fc8
0x000000016ddea980:   0000000000000000 0000000000000000 

Instructions: (pc=0x000000010e94d4f0)
0x000000010e94d3f0:   f2a0d609 f2c00029 6d425935 1e640886
0x000000010e94d400:   0c402d31 1e6408c7 1f5654d0 1e6c1017
0x000000010e94d410:   1f5050d0 1f504cd0 1f5048d0 1e650af6
0x000000010e94d420:   1f50d8f6 1f5694d6 1f5158f6 1e762880
0x000000010e94d430:   36000501 1e614000 14000026 2e251ca5
0x000000010e94d440:   d2983009 f2a0d609 f2c00029 6d425d36
0x000000010e94d450:   1e600806 0c402d32 1f5758c7 1e6c101a
0x000000010e94d460:   1f4754c7 1e650805 1f4750c7 d2866668
0x000000010e94d470:   f2a7fa68 1f474cc7 1e6608c0 1f4748c7
0x000000010e94d480:   1e6e1019 eb08007f 540000ac 1f479400
0x000000010e94d490:   1f460340 1e603b20 1400000e d2a7fd29
0x000000010e94d4a0:   eb09007f 540000ac 51480069 d3607d29
0x000000010e94d4b0:   9e670121 14000002 1e6a5001 1f679417
0x000000010e94d4c0:   1f668742 1e613b23 1e773857 1e773860
0x000000010e94d4d0:   a8c17ff3 910003bf a8c17bfd d65f03c0
0x000000010e94d4e0:   b9400001 aa0103e0 d65f03c0 f9400001
0x000000010e94d4f0:   aa0103e0 d65f03c0 00000000 00000000
0x000000010e94d500:   00000000 00000000 00000000 00000000
0x000000010e94d510:   00000000 00000000 00000000 00000000
0x000000010e94d520:   00000000 00000000 00000000 00000000
0x000000010e94d530:   00000000 00000000 00000000 00000000
0x000000010e94d540:   00000000 00000000 00000000 00000000
0x000000010e94d550:   00000000 00000000 00000000 00000000
0x000000010e94d560:   00000000 00000000 00000000 00000000
0x000000010e94d570:   00000000 00000000 00000000 00000000
0x000000010e94d580:   00000000 00000000 00000000 00000000
0x000000010e94d590:   00000000 00000000 00000000 00000000
0x000000010e94d5a0:   00000000 00000000 00000000 00000000
0x000000010e94d5b0:   00000000 00000000 00000000 00000000
0x000000010e94d5c0:   00000000 00000000 00000000 00000000
0x000000010e94d5d0:   00000000 00000000 00000000 00000000
0x000000010e94d5e0:   00000000 00000000 00000000 00000000 


Stack slot to memory mapping:
stack at sp + 0 slots: 0x000000012f51a4a0 is pointing into metadata
stack at sp + 1 slots: 0x0000000000000001 is an unknown value
stack at sp + 2 slots: 0x000000012c8ad138 points into unknown readable memory: 0xb20a000000000006 | 06 00 00 00 00 00 0a b2
stack at sp + 3 slots: 0x0 is NULL
stack at sp + 4 slots: 0x000000012c8ad0a8 points into unknown readable memory: 0x0000000106afa8b0 | b0 a8 af 06 01 00 00 00
stack at sp + 5 slots: 0x000000013e007470 is a global jni handle
stack at sp + 6 slots: 0x000000013e007470 is a global jni handle
stack at sp + 7 slots: 0x00006000020a8070 points into unknown readable memory: 0x00006000009b0130 | 30 01 9b 00 00 60 00 00

StubRoutines::SafeFetchN [0x000000010e94d4ec, 0x000000010e94d4f8] (12 bytes)
[MachCode]
  0x000000010e94d4ec: 0100 40f9 | e003 01aa | c003 5fd6 
[/MachCode]

---------------  P R O C E S S  ---------------

Threads class SMR info:
_java_thread_list=0x0000600000b654a0, length=20, elements={
0x000000012e808200, 0x000000012c809800, 0x000000012f80a400, 0x000000013e835200,
0x000000013e833c00, 0x000000012e82c200, 0x000000012a079200, 0x000000012e82b000,
0x000000012e82b600, 0x000000013d80f200, 0x000000013d80e200, 0x000000013d888800,
0x000000013e828800, 0x000000013d8bda00, 0x000000012c8ace00, 0x000000013a019200,
0x000000013ebd5a00, 0x000000012ec37a00, 0x000000012eab1a00, 0x000000013ecf7800
}

Java Threads: ( => current thread )
  0x000000012e808200 JavaThread "main" [_thread_blocked, id=5891, stack(0x000000016b1e0000,0x000000016b3e3000)]
  0x000000012c809800 JavaThread "Reference Handler" daemon [_thread_blocked, id=16131, stack(0x000000016c034000,0x000000016c237000)]
  0x000000012f80a400 JavaThread "Finalizer" daemon [_thread_blocked, id=17411, stack(0x000000016c240000,0x000000016c443000)]
  0x000000013e835200 JavaThread "Signal Dispatcher" daemon [_thread_blocked, id=41987, stack(0x000000016c564000,0x000000016c767000)]
  0x000000013e833c00 JavaThread "Service Thread" daemon [_thread_blocked, id=22531, stack(0x000000016c770000,0x000000016c973000)]
  0x000000012e82c200 JavaThread "Monitor Deflation Thread" daemon [_thread_blocked, id=41475, stack(0x000000016c97c000,0x000000016cb7f000)]
  0x000000012a079200 JavaThread "C2 CompilerThread0" daemon [_thread_blocked, id=23043, stack(0x000000016cb88000,0x000000016cd8b000)]
  0x000000012e82b000 JavaThread "C1 CompilerThread0" daemon [_thread_blocked, id=23555, stack(0x000000016cd94000,0x000000016cf97000)]
  0x000000012e82b600 JavaThread "Sweeper thread" daemon [_thread_blocked, id=40963, stack(0x000000016cfa0000,0x000000016d1a3000)]
  0x000000013d80f200 JavaThread "Common-Cleaner" daemon [_thread_blocked, id=40451, stack(0x000000016d1ac000,0x000000016d3af000)]
  0x000000013d80e200 JavaThread "Monitor Ctrl-Break" daemon [_thread_in_native, id=24323, stack(0x000000016d3b8000,0x000000016d5bb000)]
  0x000000013d888800 JavaThread "Notification Thread" daemon [_thread_blocked, id=24835, stack(0x000000016d5c4000,0x000000016d7c7000)]
  0x000000013e828800 JavaThread "QuantumRenderer-0" daemon [_thread_blocked, id=39683, stack(0x000000016d9dc000,0x000000016dbdf000)]
=>0x000000013d8bda00 JavaThread "InvokeLaterDispatcher" daemon [_thread_in_native, id=35595, stack(0x000000016dbe8000,0x000000016ddeb000)]
  0x000000012c8ace00 JavaThread "JavaFX Application Thread" [_thread_in_vm, id=259, stack(0x000000016a958000,0x000000016b154000)]
  0x000000013a019200 JavaThread "JavaFX-Launcher" [_thread_blocked, id=79111, stack(0x000000016e08c000,0x000000016e28f000)]
  0x000000013ebd5a00 JavaThread "Prism Font Disposer" daemon [_thread_blocked, id=72203, stack(0x000000016ecd4000,0x000000016eed7000)]
  0x000000012ec37a00 JavaThread "Cleaner-0" daemon [_thread_blocked, id=74247, stack(0x000000016ef6c000,0x000000016f16f000)]
  0x000000012eab1a00 JavaThread "Attach Listener" daemon [_thread_blocked, id=52231, stack(0x000000016faf8000,0x000000016fcfb000)]
  0x000000013ecf7800 JavaThread "PulseTimer-CVDisplayLink thread" daemon [_thread_in_native, id=68355, stack(0x000000016ddf4000,0x000000016de77000)]

Other Threads:
  0x000000013d7051e0 VMThread "VM Thread" [stack: 0x000000016be28000,0x000000016c02b000] [id=17667]
  0x000000013d61b560 WatcherThread [stack: 0x000000016d7d0000,0x000000016d9d3000] [id=25091]
  0x000000012d906530 GCTaskThread "GC Thread#0" [stack: 0x000000016b3ec000,0x000000016b5ef000] [id=19971]
  0x000000013d63fd40 GCTaskThread "GC Thread#1" [stack: 0x000000016e298000,0x000000016e49b000] [id=52743]
  0x000000013d63fff0 GCTaskThread "GC Thread#2" [stack: 0x000000016e4a4000,0x000000016e6a7000] [id=75267]
  0x000000013d640470 GCTaskThread "GC Thread#3" [stack: 0x000000016e6b0000,0x000000016e8b3000] [id=74755]
  0x000000013d640ce0 GCTaskThread "GC Thread#4" [stack: 0x000000016e8bc000,0x000000016eabf000] [id=55811]
  0x000000013d641550 GCTaskThread "GC Thread#5" [stack: 0x000000016eac8000,0x000000016eccb000] [id=56067]
  0x000000011fa042b0 ConcurrentGCThread "G1 Main Marker" [stack: 0x000000016b5f8000,0x000000016b7fb000] [id=19459]
  0x000000011fa04b30 ConcurrentGCThread "G1 Conc#0" [stack: 0x000000016b804000,0x000000016ba07000] [id=13315]
  0x000000011fa069a0 ConcurrentGCThread "G1 Refine#0" [stack: 0x000000016ba10000,0x000000016bc13000] [id=13827]
  0x000000013e0043f0 ConcurrentGCThread "G1 Service" [stack: 0x000000016bc1c000,0x000000016be1f000] [id=14083]

Threads with active compile tasks:

VM state: not at safepoint (normal execution)

VM Mutex/Monitor currently owned by a thread: None

Heap address: 0x0000000780000000, size: 2048 MB, Compressed Oops mode: Zero based, Oop shift amount: 3

CDS archive(s) mapped at: [0x0000000800000000-0x0000000800bd4000-0x0000000800bd4000), size 12402688, SharedBaseAddress: 0x0000000800000000, ArchiveRelocationMode: 0.
Compressed class space mapped at: 0x0000000800c00000-0x0000000840c00000, reserved size: 1073741824
Narrow klass base: 0x0000000800000000, Narrow klass shift: 0, Narrow klass range: 0x100000000

GC Precious Log:
 CPUs: 8 total, 8 available
 Memory: 8192M
 Large Page Support: Disabled
 NUMA Support: Disabled
 Compressed Oops: Enabled (Zero based)
 Heap Region Size: 1M
 Heap Min Capacity: 8M
 Heap Initial Capacity: 128M
 Heap Max Capacity: 2G
 Pre-touch: Disabled
 Parallel Workers: 8
 Concurrent Workers: 2
 Concurrent Refinement Workers: 8
 Periodic GC: Disabled

Heap:
 garbage-first heap   total 133120K, used 28792K [0x0000000780000000, 0x0000000800000000)
  region size 1024K, 27 young (27648K), 3 survivors (3072K)
 Metaspace       used 12640K, committed 12864K, reserved 1064960K
  class space    used 1743K, committed 1856K, reserved 1048576K

Heap Regions: E=young(eden), S=young(survivor), O=old, HS=humongous(starts), HC=humongous(continues), CS=collection set, F=free, OA=open archive, CA=closed archive, TAMS=top-at-mark-start (previous, next)
|   0|0x0000000780000000, 0x0000000780026000, 0x0000000780100000| 14%| O|  |TAMS 0x0000000780000000, 0x0000000780000000| Untracked 
|   1|0x0000000780100000, 0x0000000780200000, 0x0000000780200000|100%|HS|  |TAMS 0x0000000780100000, 0x0000000780100000| Complete 
|   2|0x0000000780200000, 0x0000000780300000, 0x0000000780300000|100%|HC|  |TAMS 0x0000000780200000, 0x0000000780200000| Complete 
|   3|0x0000000780300000, 0x0000000780300000, 0x0000000780400000|  0%| F|  |TAMS 0x0000000780300000, 0x0000000780300000| Untracked 
|   4|0x0000000780400000, 0x0000000780400000, 0x0000000780500000|  0%| F|  |TAMS 0x0000000780400000, 0x0000000780400000| Untracked 
|   5|0x0000000780500000, 0x0000000780500000, 0x0000000780600000|  0%| F|  |TAMS 0x0000000780500000, 0x0000000780500000| Untracked 
|   6|0x0000000780600000, 0x0000000780600000, 0x0000000780700000|  0%| F|  |TAMS 0x0000000780600000, 0x0000000780600000| Untracked 
|   7|0x0000000780700000, 0x0000000780700000, 0x0000000780800000|  0%| F|  |TAMS 0x0000000780700000, 0x0000000780700000| Untracked 
|   8|0x0000000780800000, 0x0000000780800000, 0x0000000780900000|  0%| F|  |TAMS 0x0000000780800000, 0x0000000780800000| Untracked 
|   9|0x0000000780900000, 0x0000000780900000, 0x0000000780a00000|  0%| F|  |TAMS 0x0000000780900000, 0x0000000780900000| Untracked 
|  10|0x0000000780a00000, 0x0000000780a00000, 0x0000000780b00000|  0%| F|  |TAMS 0x0000000780a00000, 0x0000000780a00000| Untracked 
|  11|0x0000000780b00000, 0x0000000780b00000, 0x0000000780c00000|  0%| F|  |TAMS 0x0000000780b00000, 0x0000000780b00000| Untracked 
|  12|0x0000000780c00000, 0x0000000780c00000, 0x0000000780d00000|  0%| F|  |TAMS 0x0000000780c00000, 0x0000000780c00000| Untracked 
|  13|0x0000000780d00000, 0x0000000780d00000, 0x0000000780e00000|  0%| F|  |TAMS 0x0000000780d00000, 0x0000000780d00000| Untracked 
|  14|0x0000000780e00000, 0x0000000780e00000, 0x0000000780f00000|  0%| F|  |TAMS 0x0000000780e00000, 0x0000000780e00000| Untracked 
|  15|0x0000000780f00000, 0x0000000780f00000, 0x0000000781000000|  0%| F|  |TAMS 0x0000000780f00000, 0x0000000780f00000| Untracked 
|  16|0x0000000781000000, 0x0000000781000000, 0x0000000781100000|  0%| F|  |TAMS 0x0000000781000000, 0x0000000781000000| Untracked 
|  17|0x0000000781100000, 0x0000000781100000, 0x0000000781200000|  0%| F|  |TAMS 0x0000000781100000, 0x0000000781100000| Untracked 
|  18|0x0000000781200000, 0x0000000781200000, 0x0000000781300000|  0%| F|  |TAMS 0x0000000781200000, 0x0000000781200000| Untracked 
|  19|0x0000000781300000, 0x0000000781300000, 0x0000000781400000|  0%| F|  |TAMS 0x0000000781300000, 0x0000000781300000| Untracked 
|  20|0x0000000781400000, 0x0000000781400000, 0x0000000781500000|  0%| F|  |TAMS 0x0000000781400000, 0x0000000781400000| Untracked 
|  21|0x0000000781500000, 0x0000000781500000, 0x0000000781600000|  0%| F|  |TAMS 0x0000000781500000, 0x0000000781500000| Untracked 
|  22|0x0000000781600000, 0x0000000781600000, 0x0000000781700000|  0%| F|  |TAMS 0x0000000781600000, 0x0000000781600000| Untracked 
|  23|0x0000000781700000, 0x0000000781700000, 0x0000000781800000|  0%| F|  |TAMS 0x0000000781700000, 0x0000000781700000| Untracked 
|  24|0x0000000781800000, 0x0000000781800000, 0x0000000781900000|  0%| F|  |TAMS 0x0000000781800000, 0x0000000781800000| Untracked 
|  25|0x0000000781900000, 0x0000000781900000, 0x0000000781a00000|  0%| F|  |TAMS 0x0000000781900000, 0x0000000781900000| Untracked 
|  26|0x0000000781a00000, 0x0000000781a00000, 0x0000000781b00000|  0%| F|  |TAMS 0x0000000781a00000, 0x0000000781a00000| Untracked 
|  27|0x0000000781b00000, 0x0000000781b00000, 0x0000000781c00000|  0%| F|  |TAMS 0x0000000781b00000, 0x0000000781b00000| Untracked 
|  28|0x0000000781c00000, 0x0000000781c00000, 0x0000000781d00000|  0%| F|  |TAMS 0x0000000781c00000, 0x0000000781c00000| Untracked 
|  29|0x0000000781d00000, 0x0000000781d00000, 0x0000000781e00000|  0%| F|  |TAMS 0x0000000781d00000, 0x0000000781d00000| Untracked 
|  30|0x0000000781e00000, 0x0000000781e00000, 0x0000000781f00000|  0%| F|  |TAMS 0x0000000781e00000, 0x0000000781e00000| Untracked 
|  31|0x0000000781f00000, 0x0000000781f00000, 0x0000000782000000|  0%| F|  |TAMS 0x0000000781f00000, 0x0000000781f00000| Untracked 
|  32|0x0000000782000000, 0x0000000782000000, 0x0000000782100000|  0%| F|  |TAMS 0x0000000782000000, 0x0000000782000000| Untracked 
|  33|0x0000000782100000, 0x0000000782100000, 0x0000000782200000|  0%| F|  |TAMS 0x0000000782100000, 0x0000000782100000| Untracked 
|  34|0x0000000782200000, 0x0000000782200000, 0x0000000782300000|  0%| F|  |TAMS 0x0000000782200000, 0x0000000782200000| Untracked 
|  35|0x0000000782300000, 0x0000000782300000, 0x0000000782400000|  0%| F|  |TAMS 0x0000000782300000, 0x0000000782300000| Untracked 
|  36|0x0000000782400000, 0x0000000782400000, 0x0000000782500000|  0%| F|  |TAMS 0x0000000782400000, 0x0000000782400000| Untracked 
|  37|0x0000000782500000, 0x0000000782500000, 0x0000000782600000|  0%| F|  |TAMS 0x0000000782500000, 0x0000000782500000| Untracked 
|  38|0x0000000782600000, 0x0000000782600000, 0x0000000782700000|  0%| F|  |TAMS 0x0000000782600000, 0x0000000782600000| Untracked 
|  39|0x0000000782700000, 0x0000000782700000, 0x0000000782800000|  0%| F|  |TAMS 0x0000000782700000, 0x0000000782700000| Untracked 
|  40|0x0000000782800000, 0x0000000782800000, 0x0000000782900000|  0%| F|  |TAMS 0x0000000782800000, 0x0000000782800000| Untracked 
|  41|0x0000000782900000, 0x0000000782900000, 0x0000000782a00000|  0%| F|  |TAMS 0x0000000782900000, 0x0000000782900000| Untracked 
|  42|0x0000000782a00000, 0x0000000782a00000, 0x0000000782b00000|  0%| F|  |TAMS 0x0000000782a00000, 0x0000000782a00000| Untracked 
|  43|0x0000000782b00000, 0x0000000782b00000, 0x0000000782c00000|  0%| F|  |TAMS 0x0000000782b00000, 0x0000000782b00000| Untracked 
|  44|0x0000000782c00000, 0x0000000782c00000, 0x0000000782d00000|  0%| F|  |TAMS 0x0000000782c00000, 0x0000000782c00000| Untracked 
|  45|0x0000000782d00000, 0x0000000782d00000, 0x0000000782e00000|  0%| F|  |TAMS 0x0000000782d00000, 0x0000000782d00000| Untracked 
|  46|0x0000000782e00000, 0x0000000782e00000, 0x0000000782f00000|  0%| F|  |TAMS 0x0000000782e00000, 0x0000000782e00000| Untracked 
|  47|0x0000000782f00000, 0x0000000782f00000, 0x0000000783000000|  0%| F|  |TAMS 0x0000000782f00000, 0x0000000782f00000| Untracked 
|  48|0x0000000783000000, 0x0000000783000000, 0x0000000783100000|  0%| F|  |TAMS 0x0000000783000000, 0x0000000783000000| Untracked 
|  49|0x0000000783100000, 0x0000000783100000, 0x0000000783200000|  0%| F|  |TAMS 0x0000000783100000, 0x0000000783100000| Untracked 
|  50|0x0000000783200000, 0x0000000783200000, 0x0000000783300000|  0%| F|  |TAMS 0x0000000783200000, 0x0000000783200000| Untracked 
|  51|0x0000000783300000, 0x0000000783300000, 0x0000000783400000|  0%| F|  |TAMS 0x0000000783300000, 0x0000000783300000| Untracked 
|  52|0x0000000783400000, 0x0000000783400000, 0x0000000783500000|  0%| F|  |TAMS 0x0000000783400000, 0x0000000783400000| Untracked 
|  53|0x0000000783500000, 0x0000000783500000, 0x0000000783600000|  0%| F|  |TAMS 0x0000000783500000, 0x0000000783500000| Untracked 
|  54|0x0000000783600000, 0x0000000783600000, 0x0000000783700000|  0%| F|  |TAMS 0x0000000783600000, 0x0000000783600000| Untracked 
|  55|0x0000000783700000, 0x0000000783700000, 0x0000000783800000|  0%| F|  |TAMS 0x0000000783700000, 0x0000000783700000| Untracked 
|  56|0x0000000783800000, 0x0000000783800000, 0x0000000783900000|  0%| F|  |TAMS 0x0000000783800000, 0x0000000783800000| Untracked 
|  57|0x0000000783900000, 0x0000000783900000, 0x0000000783a00000|  0%| F|  |TAMS 0x0000000783900000, 0x0000000783900000| Untracked 
|  58|0x0000000783a00000, 0x0000000783a00000, 0x0000000783b00000|  0%| F|  |TAMS 0x0000000783a00000, 0x0000000783a00000| Untracked 
|  59|0x0000000783b00000, 0x0000000783b00000, 0x0000000783c00000|  0%| F|  |TAMS 0x0000000783b00000, 0x0000000783b00000| Untracked 
|  60|0x0000000783c00000, 0x0000000783c00000, 0x0000000783d00000|  0%| F|  |TAMS 0x0000000783c00000, 0x0000000783c00000| Untracked 
|  61|0x0000000783d00000, 0x0000000783d00000, 0x0000000783e00000|  0%| F|  |TAMS 0x0000000783d00000, 0x0000000783d00000| Untracked 
|  62|0x0000000783e00000, 0x0000000783e00000, 0x0000000783f00000|  0%| F|  |TAMS 0x0000000783e00000, 0x0000000783e00000| Untracked 
|  63|0x0000000783f00000, 0x0000000783f00000, 0x0000000784000000|  0%| F|  |TAMS 0x0000000783f00000, 0x0000000783f00000| Untracked 
|  64|0x0000000784000000, 0x0000000784000000, 0x0000000784100000|  0%| F|  |TAMS 0x0000000784000000, 0x0000000784000000| Untracked 
|  65|0x0000000784100000, 0x0000000784100000, 0x0000000784200000|  0%| F|  |TAMS 0x0000000784100000, 0x0000000784100000| Untracked 
|  66|0x0000000784200000, 0x0000000784200000, 0x0000000784300000|  0%| F|  |TAMS 0x0000000784200000, 0x0000000784200000| Untracked 
|  67|0x0000000784300000, 0x0000000784300000, 0x0000000784400000|  0%| F|  |TAMS 0x0000000784300000, 0x0000000784300000| Untracked 
|  68|0x0000000784400000, 0x0000000784400000, 0x0000000784500000|  0%| F|  |TAMS 0x0000000784400000, 0x0000000784400000| Untracked 
|  69|0x0000000784500000, 0x0000000784500000, 0x0000000784600000|  0%| F|  |TAMS 0x0000000784500000, 0x0000000784500000| Untracked 
|  70|0x0000000784600000, 0x0000000784600000, 0x0000000784700000|  0%| F|  |TAMS 0x0000000784600000, 0x0000000784600000| Untracked 
|  71|0x0000000784700000, 0x0000000784700000, 0x0000000784800000|  0%| F|  |TAMS 0x0000000784700000, 0x0000000784700000| Untracked 
|  72|0x0000000784800000, 0x0000000784800000, 0x0000000784900000|  0%| F|  |TAMS 0x0000000784800000, 0x0000000784800000| Untracked 
|  73|0x0000000784900000, 0x0000000784900000, 0x0000000784a00000|  0%| F|  |TAMS 0x0000000784900000, 0x0000000784900000| Untracked 
|  74|0x0000000784a00000, 0x0000000784a00000, 0x0000000784b00000|  0%| F|  |TAMS 0x0000000784a00000, 0x0000000784a00000| Untracked 
|  75|0x0000000784b00000, 0x0000000784b00000, 0x0000000784c00000|  0%| F|  |TAMS 0x0000000784b00000, 0x0000000784b00000| Untracked 
|  76|0x0000000784c00000, 0x0000000784c00000, 0x0000000784d00000|  0%| F|  |TAMS 0x0000000784c00000, 0x0000000784c00000| Untracked 
|  77|0x0000000784d00000, 0x0000000784d00000, 0x0000000784e00000|  0%| F|  |TAMS 0x0000000784d00000, 0x0000000784d00000| Untracked 
|  78|0x0000000784e00000, 0x0000000784e00000, 0x0000000784f00000|  0%| F|  |TAMS 0x0000000784e00000, 0x0000000784e00000| Untracked 
|  79|0x0000000784f00000, 0x0000000784f00000, 0x0000000785000000|  0%| F|  |TAMS 0x0000000784f00000, 0x0000000784f00000| Untracked 
|  80|0x0000000785000000, 0x0000000785000000, 0x0000000785100000|  0%| F|  |TAMS 0x0000000785000000, 0x0000000785000000| Untracked 
|  81|0x0000000785100000, 0x0000000785100000, 0x0000000785200000|  0%| F|  |TAMS 0x0000000785100000, 0x0000000785100000| Untracked 
|  82|0x0000000785200000, 0x0000000785200000, 0x0000000785300000|  0%| F|  |TAMS 0x0000000785200000, 0x0000000785200000| Untracked 
|  83|0x0000000785300000, 0x0000000785300000, 0x0000000785400000|  0%| F|  |TAMS 0x0000000785300000, 0x0000000785300000| Untracked 
|  84|0x0000000785400000, 0x0000000785400000, 0x0000000785500000|  0%| F|  |TAMS 0x0000000785400000, 0x0000000785400000| Untracked 
|  85|0x0000000785500000, 0x0000000785500000, 0x0000000785600000|  0%| F|  |TAMS 0x0000000785500000, 0x0000000785500000| Untracked 
|  86|0x0000000785600000, 0x0000000785600000, 0x0000000785700000|  0%| F|  |TAMS 0x0000000785600000, 0x0000000785600000| Untracked 
|  87|0x0000000785700000, 0x0000000785700000, 0x0000000785800000|  0%| F|  |TAMS 0x0000000785700000, 0x0000000785700000| Untracked 
|  88|0x0000000785800000, 0x0000000785800000, 0x0000000785900000|  0%| F|  |TAMS 0x0000000785800000, 0x0000000785800000| Untracked 
|  89|0x0000000785900000, 0x0000000785900000, 0x0000000785a00000|  0%| F|  |TAMS 0x0000000785900000, 0x0000000785900000| Untracked 
|  90|0x0000000785a00000, 0x0000000785a00000, 0x0000000785b00000|  0%| F|  |TAMS 0x0000000785a00000, 0x0000000785a00000| Untracked 
|  91|0x0000000785b00000, 0x0000000785b00000, 0x0000000785c00000|  0%| F|  |TAMS 0x0000000785b00000, 0x0000000785b00000| Untracked 
|  92|0x0000000785c00000, 0x0000000785c00000, 0x0000000785d00000|  0%| F|  |TAMS 0x0000000785c00000, 0x0000000785c00000| Untracked 
|  93|0x0000000785d00000, 0x0000000785d00000, 0x0000000785e00000|  0%| F|  |TAMS 0x0000000785d00000, 0x0000000785d00000| Untracked 
|  94|0x0000000785e00000, 0x0000000785e00000, 0x0000000785f00000|  0%| F|  |TAMS 0x0000000785e00000, 0x0000000785e00000| Untracked 
|  95|0x0000000785f00000, 0x0000000785f00000, 0x0000000786000000|  0%| F|  |TAMS 0x0000000785f00000, 0x0000000785f00000| Untracked 
|  96|0x0000000786000000, 0x0000000786000000, 0x0000000786100000|  0%| F|  |TAMS 0x0000000786000000, 0x0000000786000000| Untracked 
|  97|0x0000000786100000, 0x0000000786100000, 0x0000000786200000|  0%| F|  |TAMS 0x0000000786100000, 0x0000000786100000| Untracked 
|  98|0x0000000786200000, 0x0000000786200000, 0x0000000786300000|  0%| F|  |TAMS 0x0000000786200000, 0x0000000786200000| Untracked 
|  99|0x0000000786300000, 0x0000000786300000, 0x0000000786400000|  0%| F|  |TAMS 0x0000000786300000, 0x0000000786300000| Untracked 
| 100|0x0000000786400000, 0x0000000786400000, 0x0000000786500000|  0%| F|  |TAMS 0x0000000786400000, 0x0000000786400000| Untracked 
| 101|0x0000000786500000, 0x0000000786580800, 0x0000000786600000| 50%| E|  |TAMS 0x0000000786500000, 0x0000000786500000| Complete 
| 102|0x0000000786600000, 0x0000000786700000, 0x0000000786700000|100%| S|CS|TAMS 0x0000000786600000, 0x0000000786600000| Complete 
| 103|0x0000000786700000, 0x0000000786800000, 0x0000000786800000|100%| S|CS|TAMS 0x0000000786700000, 0x0000000786700000| Complete 
| 104|0x0000000786800000, 0x0000000786900000, 0x0000000786900000|100%| S|CS|TAMS 0x0000000786800000, 0x0000000786800000| Complete 
| 105|0x0000000786900000, 0x0000000786a00000, 0x0000000786a00000|100%| E|CS|TAMS 0x0000000786900000, 0x0000000786900000| Complete 
| 106|0x0000000786a00000, 0x0000000786b00000, 0x0000000786b00000|100%| E|CS|TAMS 0x0000000786a00000, 0x0000000786a00000| Complete 
| 107|0x0000000786b00000, 0x0000000786c00000, 0x0000000786c00000|100%| E|CS|TAMS 0x0000000786b00000, 0x0000000786b00000| Complete 
| 108|0x0000000786c00000, 0x0000000786d00000, 0x0000000786d00000|100%| E|CS|TAMS 0x0000000786c00000, 0x0000000786c00000| Complete 
| 109|0x0000000786d00000, 0x0000000786e00000, 0x0000000786e00000|100%| E|  |TAMS 0x0000000786d00000, 0x0000000786d00000| Complete 
| 110|0x0000000786e00000, 0x0000000786f00000, 0x0000000786f00000|100%| E|CS|TAMS 0x0000000786e00000, 0x0000000786e00000| Complete 
| 111|0x0000000786f00000, 0x0000000787000000, 0x0000000787000000|100%| E|CS|TAMS 0x0000000786f00000, 0x0000000786f00000| Complete 
| 112|0x0000000787000000, 0x0000000787100000, 0x0000000787100000|100%| E|CS|TAMS 0x0000000787000000, 0x0000000787000000| Complete 
| 113|0x0000000787100000, 0x0000000787200000, 0x0000000787200000|100%| E|CS|TAMS 0x0000000787100000, 0x0000000787100000| Complete 
| 114|0x0000000787200000, 0x0000000787300000, 0x0000000787300000|100%| E|CS|TAMS 0x0000000787200000, 0x0000000787200000| Complete 
| 115|0x0000000787300000, 0x0000000787400000, 0x0000000787400000|100%| E|CS|TAMS 0x0000000787300000, 0x0000000787300000| Complete 
| 116|0x0000000787400000, 0x0000000787500000, 0x0000000787500000|100%| E|CS|TAMS 0x0000000787400000, 0x0000000787400000| Complete 
| 117|0x0000000787500000, 0x0000000787600000, 0x0000000787600000|100%| E|CS|TAMS 0x0000000787500000, 0x0000000787500000| Complete 
| 118|0x0000000787600000, 0x0000000787700000, 0x0000000787700000|100%| E|CS|TAMS 0x0000000787600000, 0x0000000787600000| Complete 
| 119|0x0000000787700000, 0x0000000787800000, 0x0000000787800000|100%| E|CS|TAMS 0x0000000787700000, 0x0000000787700000| Complete 
| 120|0x0000000787800000, 0x0000000787900000, 0x0000000787900000|100%| E|CS|TAMS 0x0000000787800000, 0x0000000787800000| Complete 
| 121|0x0000000787900000, 0x0000000787a00000, 0x0000000787a00000|100%| E|CS|TAMS 0x0000000787900000, 0x0000000787900000| Complete 
| 122|0x0000000787a00000, 0x0000000787b00000, 0x0000000787b00000|100%| E|CS|TAMS 0x0000000787a00000, 0x0000000787a00000| Complete 
| 123|0x0000000787b00000, 0x0000000787c00000, 0x0000000787c00000|100%| E|CS|TAMS 0x0000000787b00000, 0x0000000787b00000| Complete 
| 124|0x0000000787c00000, 0x0000000787d00000, 0x0000000787d00000|100%| E|CS|TAMS 0x0000000787c00000, 0x0000000787c00000| Complete 
| 125|0x0000000787d00000, 0x0000000787e00000, 0x0000000787e00000|100%| E|CS|TAMS 0x0000000787d00000, 0x0000000787d00000| Complete 
| 126|0x0000000787e00000, 0x0000000787f00000, 0x0000000787f00000|100%| E|CS|TAMS 0x0000000787e00000, 0x0000000787e00000| Complete 
| 127|0x0000000787f00000, 0x0000000788000000, 0x0000000788000000|100%| E|CS|TAMS 0x0000000787f00000, 0x0000000787f00000| Complete 
|2046|0x00000007ffe00000, 0x00000007ffe78000, 0x00000007fff00000| 46%|OA|  |TAMS 0x00000007ffe00000, 0x00000007ffe00000| Untracked 
|2047|0x00000007fff00000, 0x00000007fff80000, 0x0000000800000000| 50%|CA|  |TAMS 0x00000007fff00000, 0x00000007fff00000| Untracked 

Card table byte_map: [0x00000001055c4000,0x00000001059c4000] _byte_map_base: 0x00000001019c4000

Marking Bits (Prev, Next): (CMBitMap*) 0x000000012a008210, (CMBitMap*) 0x000000012a008250
 Prev Bits: [0x000000011d94c000, 0x000000011f94c000)
 Next Bits: [0x0000000128000000, 0x000000012a000000)

Polling page: 0x0000000104d00000

Metaspace:

Usage:
  Non-class:     10.64 MB used.
      Class:      1.70 MB used.
       Both:     12.34 MB used.

Virtual space:
  Non-class space:       16.00 MB reserved,      10.75 MB ( 67%) committed,  2 nodes.
      Class space:        1.00 GB reserved,       1.81 MB ( <1%) committed,  1 nodes.
             Both:        1.02 GB reserved,      12.56 MB (  1%) committed. 

Chunk freelists:
   Non-Class:  1.09 MB
       Class:  2.15 MB
        Both:  3.25 MB

MaxMetaspaceSize: unlimited
CompressedClassSpaceSize: 1.00 GB
Initial GC threshold: 21.00 MB
Current GC threshold: 21.00 MB
CDS: on
MetaspaceReclaimPolicy: balanced
 - commit_granule_bytes: 65536.
 - commit_granule_words: 8192.
 - virtual_space_node_default_size: 1048576.
 - enlarge_chunks_in_place: 1.
 - new_chunks_are_fully_committed: 0.
 - uncommit_free_chunks: 1.
 - use_allocation_guard: 0.
 - handle_deallocations: 1.


Internal statistics:

num_allocs_failed_limit: 0.
num_arena_births: 186.
num_arena_deaths: 0.
num_vsnodes_births: 3.
num_vsnodes_deaths: 0.
num_space_committed: 201.
num_space_uncommitted: 0.
num_chunks_returned_to_freelist: 0.
num_chunks_taken_from_freelist: 562.
num_chunk_merges: 0.
num_chunk_splits: 389.
num_chunks_enlarged: 299.
num_purges: 0.
num_inconsistent_stats: 0.

CodeHeap 'non-profiled nmethods': size=120032Kb used=595Kb max_used=595Kb free=119436Kb
 bounds [0x0000000116414000, 0x0000000116684000, 0x000000011d94c000]
CodeHeap 'profiled nmethods': size=120016Kb used=2835Kb max_used=2835Kb free=117180Kb
 bounds [0x000000010eee0000, 0x000000010f1b0000, 0x0000000116414000]
CodeHeap 'non-nmethods': size=5712Kb used=1356Kb max_used=1480Kb free=4355Kb
 bounds [0x000000010e94c000, 0x000000010ebbc000, 0x000000010eee0000]
 total_blobs=2236 nmethods=1494 adapters=659
 compilation: enabled
              stopped_count=0, restarted_count=0
 full_count=0

Compilation events (20 events):
Event: 2.005 Thread 0x000000012e82b000 nmethod 1536 0x00000001164a6610 code [0x00000001164a6780, 0x00000001164a6868]
Event: 2.006 Thread 0x000000012e82b000 1537       1       com.sun.prism.impl.BaseTexture::getContentWidth (5 bytes)
Event: 2.006 Thread 0x000000012e82b000 nmethod 1537 0x00000001164a6910 code [0x00000001164a6a80, 0x00000001164a6b68]
Event: 2.006 Thread 0x000000012e82b000 1538       1       com.sun.prism.es2.GLContext::getActiveTextureUnit (5 bytes)
Event: 2.006 Thread 0x000000012e82b000 nmethod 1538 0x00000001164a6c10 code [0x00000001164a6d80, 0x00000001164a6e68]
Event: 2.014 Thread 0x000000012a079200 nmethod 1533 0x00000001164a6f10 code [0x00000001164a7140, 0x00000001164a79a0]
Event: 2.014 Thread 0x000000012a079200 1534       4       java.util.HashMap::getNode (150 bytes)
Event: 2.015 Thread 0x000000012e82b000 1539       3       java.lang.StrictMath::floorOrCeil (128 bytes)
Event: 2.016 Thread 0x000000012e82b000 nmethod 1539 0x000000010f1a2910 code [0x000000010f1a2b00, 0x000000010f1a2f28]
Event: 2.016 Thread 0x000000012e82b000 1540       3       java.lang.Math::getExponent (17 bytes)
Event: 2.016 Thread 0x000000012e82b000 nmethod 1540 0x000000010f1a3010 code [0x000000010f1a31c0, 0x000000010f1a32e8]
Event: 2.017 Thread 0x000000012a079200 nmethod 1534 0x00000001164a8210 code [0x00000001164a8400, 0x00000001164a8900]
Event: 2.065 Thread 0x000000012e82b000 1541       3       java.util.WeakHashMap$HashIterator::hasNext (95 bytes)
Event: 2.066 Thread 0x000000012e82b000 nmethod 1541 0x000000010f1a3390 code [0x000000010f1a3580, 0x000000010f1a3b68]
Event: 2.215 Thread 0x000000012e82b000 1542       3       java.util.WeakHashMap::size (18 bytes)
Event: 2.216 Thread 0x000000012e82b000 nmethod 1542 0x000000010f1a3d10 code [0x000000010f1a3ec0, 0x000000010f1a40d8]
Event: 2.265 Thread 0x000000012e82b000 1543       3       java.lang.invoke.DirectMethodHandle$Holder::newInvokeSpecial (21 bytes)
Event: 2.266 Thread 0x000000012e82b000 nmethod 1543 0x000000010f1a4190 code [0x000000010f1a43c0, 0x000000010f1a4c58]
Event: 2.366 Thread 0x000000012e82b000 1544       1       java.util.WeakHashMap$Entry::getValue (5 bytes)
Event: 2.366 Thread 0x000000012e82b000 nmethod 1544 0x00000001164a8c10 code [0x00000001164a8d80, 0x00000001164a8e68]

GC Heap History (2 events):
Event: 0.379 GC heap before
{Heap before GC invocations=0 (full 0):
 garbage-first heap   total 133120K, used 23520K [0x0000000780000000, 0x0000000800000000)
  region size 1024K, 23 young (23552K), 0 survivors (0K)
 Metaspace       used 7305K, committed 7488K, reserved 1056768K
  class space    used 932K, committed 1024K, reserved 1048576K
}
Event: 0.381 GC heap after
{Heap after GC invocations=1 (full 0):
 garbage-first heap   total 133120K, used 4216K [0x0000000780000000, 0x0000000800000000)
  region size 1024K, 3 young (3072K), 3 survivors (3072K)
 Metaspace       used 7305K, committed 7488K, reserved 1056768K
  class space    used 932K, committed 1024K, reserved 1048576K
}

Deoptimization events (20 events):
Event: 0.699 Thread 0x000000013e828800 DEOPT PACKING pc=0x0000000116481744 sp=0x000000016dbdd340
Event: 0.699 Thread 0x000000013e828800 DEOPT UNPACKING pc=0x000000010e98ad1c sp=0x000000016dbdd2d0 mode 2
Event: 0.699 Thread 0x000000013e828800 Uncommon trap: trap_request=0xffffffc6 fr.pc=0x0000000116481744 relative=0x0000000000000504
Event: 0.699 Thread 0x000000013e828800 Uncommon trap: reason=bimorphic_or_optimized_type_check action=maybe_recompile pc=0x0000000116481744 method=java.util.concurrent.ConcurrentHashMap.get(Ljava/lang/Object;)Ljava/lang/Object; @ 149 c2
Event: 0.699 Thread 0x000000013e828800 DEOPT PACKING pc=0x0000000116481744 sp=0x000000016dbdd340
Event: 0.699 Thread 0x000000013e828800 DEOPT UNPACKING pc=0x000000010e98ad1c sp=0x000000016dbdd2d0 mode 2
Event: 1.183 Thread 0x000000012eab1a00 Uncommon trap: trap_request=0xffffff45 fr.pc=0x0000000116420644 relative=0x0000000000000104
Event: 1.183 Thread 0x000000012eab1a00 Uncommon trap: reason=unstable_if action=reinterpret pc=0x0000000116420644 method=java.lang.StringLatin1.lastIndexOf([BI[BII)I @ 86 c2
Event: 1.183 Thread 0x000000012eab1a00 DEOPT PACKING pc=0x0000000116420644 sp=0x000000016fcf98b0
Event: 1.183 Thread 0x000000012eab1a00 DEOPT UNPACKING pc=0x000000010e98ad1c sp=0x000000016fcf9810 mode 2
Event: 1.926 Thread 0x000000013e828800 DEOPT PACKING pc=0x000000010f167e4c sp=0x000000016dbdd4c0
Event: 1.926 Thread 0x000000013e828800 DEOPT UNPACKING pc=0x000000010e98ab7c sp=0x000000016dbdd120 mode 0
Event: 2.001 Thread 0x000000013e828800 DEOPT PACKING pc=0x000000010f167e4c sp=0x000000016dbdd4c0
Event: 2.001 Thread 0x000000013e828800 DEOPT UNPACKING pc=0x000000010e98ab7c sp=0x000000016dbdd120 mode 0
Event: 2.002 Thread 0x000000013e828800 DEOPT PACKING pc=0x000000010f167e74 sp=0x000000016dbdd4c0
Event: 2.002 Thread 0x000000013e828800 DEOPT UNPACKING pc=0x000000010e98ab7c sp=0x000000016dbdd120 mode 0
Event: 2.004 Thread 0x000000013e828800 DEOPT PACKING pc=0x000000010f167e4c sp=0x000000016dbdd4c0
Event: 2.004 Thread 0x000000013e828800 DEOPT UNPACKING pc=0x000000010e98ab7c sp=0x000000016dbdd120 mode 0
Event: 2.005 Thread 0x000000013e828800 DEOPT PACKING pc=0x000000010f167e74 sp=0x000000016dbdd4c0
Event: 2.005 Thread 0x000000013e828800 DEOPT UNPACKING pc=0x000000010e98ab7c sp=0x000000016dbdd120 mode 0

Classes unloaded (0 events):
No events

Classes redefined (0 events):
No events

Internal exceptions (20 events):
Event: 0.304 Thread 0x000000012c8ace00 Exception <a 'java/lang/NoSuchMethodError'{0x00000007872947b0}: 'void java.lang.invoke.DirectMethodHandle$Holder.invokeStaticInit(java.lang.Object)'> (0x00000007872947b0) 
thrown [src/hotspot/share/interpreter/linkResolver.cpp, line 766]
Event: 0.305 Thread 0x000000012e808200 Exception <a 'java/lang/NoSuchMethodError'{0x00000007875507b8}: 'java.lang.Object java.lang.invoke.DirectMethodHandle$Holder.newInvokeSpecial(java.lang.Object, java.lang.Object, java.lang.Object, java.lang.Object, java.lang.Object, java.lang.Object)'> (0x00000007875507b8) 
thrown [src/hotspot/share/interpreter/linkResolver.cpp, line 766]
Event: 0.314 Thread 0x000000012e808200 Exception <a 'java/lang/NoSuchMethodError'{0x000000078710a2c0}: 'java.lang.Object java.lang.invoke.DirectMethodHandle$Holder.newInvokeSpecial(java.lang.Object, java.lang.Object, java.lang.Object, java.lang.Object, java.lang.Object)'> (0x000000078710a2c0) 
thrown [src/hotspot/share/interpreter/linkResolver.cpp, line 766]
Event: 0.339 Thread 0x000000012c8ace00 Exception <a 'sun/nio/fs/UnixException'{0x0000000786d74110}> (0x0000000786d74110) 
thrown [src/hotspot/share/prims/jni.cpp, line 516]
Event: 0.363 Thread 0x000000012c8ace00 Exception <a 'java/lang/NoSuchMethodError'{0x0000000786bc5260}: 'java.lang.Object java.lang.invoke.DirectMethodHandle$Holder.invokeStaticInit(java.lang.Object, java.lang.Object, java.lang.Object, java.lang.Object)'> (0x0000000786bc5260) 
thrown [src/hotspot/share/interpreter/linkResolver.cpp, line 766]
Event: 0.364 Thread 0x000000012c8ace00 Exception <a 'java/lang/NullPointerException'{0x0000000786bd0f68}> (0x0000000786bd0f68) 
thrown [src/hotspot/share/interpreter/linkResolver.cpp, line 1357]
Event: 0.372 Thread 0x000000012c8ace00 Exception <a 'java/lang/NoSuchMethodError'{0x000000078695d0d8}: 'java.lang.Object java.lang.invoke.DirectMethodHandle$Holder.invokeSpecial(java.lang.Object, java.lang.Object, java.lang.Object, int, java.lang.Object)'> (0x000000078695d0d8) 
thrown [src/hotspot/share/interpreter/linkResolver.cpp, line 766]
Event: 0.436 Thread 0x000000012c8ace00 Exception <a 'java/lang/NoSuchMethodError'{0x0000000787af7370}: 'void java.lang.invoke.DirectMethodHandle$Holder.invokeStaticInit(java.lang.Object, java.lang.Object)'> (0x0000000787af7370) 
thrown [src/hotspot/share/interpreter/linkResolver.cpp, line 766]
Event: 0.447 Thread 0x000000012c8ace00 Exception <a 'sun/nio/fs/UnixException'{0x00000007878c0e88}> (0x00000007878c0e88) 
thrown [src/hotspot/share/prims/jni.cpp, line 516]
Event: 0.452 Thread 0x000000012c8ace00 Implicit null exception at 0x0000000116456e78 to 0x0000000116456f08
Event: 0.457 Thread 0x000000012c8ace00 Implicit null exception at 0x0000000116464d54 to 0x0000000116465034
Event: 0.486 Thread 0x000000012c8ace00 Implicit null exception at 0x0000000116462254 to 0x00000001164623e0
Event: 0.573 Thread 0x000000012c8ace00 Exception <a 'java/lang/NoSuchMethodError'{0x00000007871114b8}: 'java.lang.Object java.lang.invoke.DirectMethodHandle$Holder.invokeInterface(java.lang.Object, java.lang.Object, java.lang.Object)'> (0x00000007871114b8) 
thrown [src/hotspot/share/interpreter/linkResolver.cpp, line 766]
Event: 0.573 Thread 0x000000012c8ace00 Exception <a 'java/lang/IncompatibleClassChangeError'{0x0000000787114e40}: Found class java.lang.Object, but interface was expected> (0x0000000787114e40) 
thrown [src/hotspot/share/interpreter/linkResolver.cpp, line 833]
Event: 0.603 Thread 0x000000012c8ace00 Exception <a 'java/lang/NoSuchMethodError'{0x00000007870fc170}: 'java.lang.Object java.lang.invoke.DirectMethodHandle$Holder.newInvokeSpecial(java.lang.Object, java.lang.Object, int)'> (0x00000007870fc170) 
thrown [src/hotspot/share/interpreter/linkResolver.cpp, line 766]
Event: 0.636 Thread 0x000000013e828800 Exception <a 'java/lang/NoSuchMethodError'{0x0000000786e66ca0}: 'int java.lang.invoke.DirectMethodHandle$Holder.invokeStaticInit(java.lang.Object, java.lang.Object)'> (0x0000000786e66ca0) 
thrown [src/hotspot/share/interpreter/linkResolver.cpp, line 766]
Event: 1.916 Thread 0x000000012c8ace00 Exception <a 'java/lang/NoSuchMethodError'{0x00000007865092f8}: 'long java.lang.invoke.DirectMethodHandle$Holder.invokeStatic(java.lang.Object, java.lang.Object, java.lang.Object)'> (0x00000007865092f8) 
thrown [src/hotspot/share/interpreter/linkResolver.cpp, line 766]
Event: 1.917 Thread 0x000000012c8ace00 Exception <a 'java/lang/NoSuchMethodError'{0x000000078650caa0}: 'long java.lang.invoke.DirectMethodHandle$Holder.invokeStaticInit(java.lang.Object, java.lang.Object, java.lang.Object)'> (0x000000078650caa0) 
thrown [src/hotspot/share/interpreter/linkResolver.cpp, line 766]
Event: 1.919 Thread 0x000000012c8ace00 Exception <a 'java/lang/NoSuchMethodError'{0x00000007865246a8}: 'java.lang.Object java.lang.invoke.DirectMethodHandle$Holder.newInvokeSpecial(java.lang.Object, java.lang.Object, long)'> (0x00000007865246a8) 
thrown [src/hotspot/share/interpreter/linkResolver.cpp, line 766]
Event: 1.919 Thread 0x000000012c8ace00 Exception <a 'java/lang/NoSuchMethodError'{0x0000000786527f70}: 'java.lang.Object java.lang.invoke.Invokers$Holder.linkToTargetMethod(java.lang.Object, long, java.lang.Object)'> (0x0000000786527f70) 
thrown [src/hotspot/share/interpreter/linkResolver.cpp, line 766]

VM Operations (20 events):
Event: 0.071 Executing VM operation: HandshakeAllThreads
Event: 0.071 Executing VM operation: HandshakeAllThreads done
Event: 0.084 Executing VM operation: HandshakeAllThreads
Event: 0.084 Executing VM operation: HandshakeAllThreads done
Event: 0.131 Executing VM operation: ICBufferFull
Event: 0.131 Executing VM operation: ICBufferFull done
Event: 0.376 Executing VM operation: HandshakeAllThreads
Event: 0.376 Executing VM operation: HandshakeAllThreads done
Event: 0.379 Executing VM operation: G1CollectForAllocation
Event: 0.381 Executing VM operation: G1CollectForAllocation done
Event: 0.415 Executing VM operation: HandshakeAllThreads
Event: 0.415 Executing VM operation: HandshakeAllThreads done
Event: 0.448 Executing VM operation: ICBufferFull
Event: 0.448 Executing VM operation: ICBufferFull done
Event: 0.563 Executing VM operation: HandshakeAllThreads
Event: 0.563 Executing VM operation: HandshakeAllThreads done
Event: 1.182 Executing VM operation: ICBufferFull
Event: 1.182 Executing VM operation: ICBufferFull done
Event: 2.187 Executing VM operation: Cleanup
Event: 2.187 Executing VM operation: Cleanup done

Events (20 events):
Event: 1.177 loading class sun/util/locale/provider/TimeZoneNameUtility$TimeZoneNameGetter
Event: 1.177 loading class sun/util/locale/provider/TimeZoneNameUtility$TimeZoneNameGetter done
Event: 1.179 loading class sun/util/cldr/CLDRTimeZoneNameProviderImpl
Event: 1.179 loading class sun/util/locale/provider/TimeZoneNameProviderImpl
Event: 1.179 loading class sun/util/locale/provider/TimeZoneNameProviderImpl done
Event: 1.179 loading class sun/util/cldr/CLDRTimeZoneNameProviderImpl done
Event: 1.181 loading class sun/util/locale/provider/BaseLocaleDataMetaInfo
Event: 1.181 loading class sun/util/locale/provider/BaseLocaleDataMetaInfo done
Event: 1.182 loading class sun/util/resources/cldr/TimeZoneNames
Event: 1.182 loading class sun/util/resources/TimeZoneNamesBundle
Event: 1.182 loading class sun/util/resources/OpenListResourceBundle
Event: 1.182 loading class sun/util/resources/OpenListResourceBundle done
Event: 1.182 loading class sun/util/resources/TimeZoneNamesBundle done
Event: 1.182 loading class sun/util/resources/cldr/TimeZoneNames done
Event: 1.183 loading class sun/util/resources/cldr/TimeZoneNames_en
Event: 1.183 loading class sun/util/resources/cldr/TimeZoneNames_en done
Event: 1.183 loading class sun/util/resources/cldr/TimeZoneNames_en_US
Event: 1.183 loading class sun/util/resources/cldr/TimeZoneNames_en_US done
Event: 1.632 Protecting memory [0x000000016ddf4000,0x000000016de00000] with protection modes 0
Event: 1.632 Thread 0x000000013ecf7800 Thread added: 0x000000013ecf7800


Dynamic libraries:
0x0000000104ce0000 	/Users/simonluo/Library/Java/JavaVirtualMachines/corretto-17.0.2/Contents/Home/lib/libjli.dylib
0x000000019f51c000 	/usr/lib/libz.1.dylib
0x000000019f5d3000 	/usr/lib/libSystem.B.dylib
0x000000019f5cd000 	/usr/lib/system/libcache.dylib
0x000000019f58b000 	/usr/lib/system/libcommonCrypto.dylib
0x000000019f5b4000 	/usr/lib/system/libcompiler_rt.dylib
0x000000019f5ab000 	/usr/lib/system/libcopyfile.dylib
0x0000000194813000 	/usr/lib/system/libcorecrypto.dylib
0x00000001948c6000 	/usr/lib/system/libdispatch.dylib
0x0000000194a94000 	/usr/lib/system/libdyld.dylib
0x000000019f5c3000 	/usr/lib/system/libkeymgr.dylib
0x000000019f566000 	/usr/lib/system/libmacho.dylib
0x000000019ec5b000 	/usr/lib/system/libquarantine.dylib
0x000000019f5c0000 	/usr/lib/system/libremovefile.dylib
0x0000000199bfc000 	/usr/lib/system/libsystem_asl.dylib
0x00000001947b5000 	/usr/lib/system/libsystem_blocks.dylib
0x000000019494e000 	/usr/lib/system/libsystem_c.dylib
0x000000019f5b8000 	/usr/lib/system/libsystem_collections.dylib
0x000000019e0e9000 	/usr/lib/system/libsystem_configuration.dylib
0x000000019d345000 	/usr/lib/system/libsystem_containermanager.dylib
0x000000019f2c8000 	/usr/lib/system/libsystem_coreservices.dylib
0x00000001971bc000 	/usr/lib/system/libsystem_darwin.dylib
0x000000019f5c4000 	/usr/lib/system/libsystem_dnssd.dylib
0x000000019494b000 	/usr/lib/system/libsystem_featureflags.dylib
0x0000000194aa9000 	/usr/lib/system/libsystem_info.dylib
0x000000019f52e000 	/usr/lib/system/libsystem_m.dylib
0x000000019489b000 	/usr/lib/system/libsystem_malloc.dylib
0x0000000199b8b000 	/usr/lib/system/libsystem_networkextension.dylib
0x0000000197615000 	/usr/lib/system/libsystem_notify.dylib
0x00000001a5911000 	/usr/lib/system/libsystem_product_info_filter.dylib
0x000000019e0ee000 	/usr/lib/system/libsystem_sandbox.dylib
0x000000019f5bd000 	/usr/lib/system/libsystem_secinit.dylib
0x0000000194a4f000 	/usr/lib/system/libsystem_kernel.dylib
0x0000000194aa1000 	/usr/lib/system/libsystem_platform.dylib
0x0000000194a87000 	/usr/lib/system/libsystem_pthread.dylib
0x000000019b354000 	/usr/lib/system/libsystem_symptoms.dylib
0x00000001947f9000 	/usr/lib/system/libsystem_trace.dylib
0x000000019f598000 	/usr/lib/system/libunwind.dylib
0x00000001947b7000 	/usr/lib/system/libxpc.dylib
0x0000000194a37000 	/usr/lib/libc++abi.dylib
0x000000019490d000 	/usr/lib/libobjc.A.dylib
0x000000019f5a3000 	/usr/lib/liboah.dylib
0x00000001949d0000 	/usr/lib/libc++.1.dylib
0x00000001ab42a000 	/System/Library/Frameworks/Cocoa.framework/Versions/A/Cocoa
0x0000000197676000 	/System/Library/Frameworks/AppKit.framework/Versions/C/AppKit
0x000000019ab7c000 	/System/Library/Frameworks/CoreData.framework/Versions/A/CoreData
0x00000001959d1000 	/System/Library/Frameworks/Foundation.framework/Versions/C/Foundation
0x000000019852e000 	/System/Library/PrivateFrameworks/UIFoundation.framework/Versions/A/UIFoundation
0x00000001a560b000 	/System/Library/PrivateFrameworks/RemoteViewServices.framework/Versions/A/RemoteViewServices
0x000000019da91000 	/System/Library/PrivateFrameworks/XCTTargetBootstrap.framework/Versions/A/XCTTargetBootstrap
0x00000001a130f000 	/System/Library/PrivateFrameworks/InternationalSupport.framework/Versions/A/InternationalSupport
0x00000001a1398000 	/System/Library/PrivateFrameworks/UserActivity.framework/Versions/A/UserActivity
0x00000001a080a000 	/usr/lib/libspindump.dylib
0x000000019879f000 	/System/Library/Frameworks/UniformTypeIdentifiers.framework/Versions/A/UniformTypeIdentifiers
0x000000019bfdc000 	/usr/lib/libapp_launch_measurement.dylib
0x000000019b506000 	/System/Library/PrivateFrameworks/CoreAnalytics.framework/Versions/A/CoreAnalytics
0x000000019bfdf000 	/System/Library/PrivateFrameworks/CoreAutoLayout.framework/Versions/A/CoreAutoLayout
0x000000019d382000 	/System/Library/Frameworks/Metal.framework/Versions/A/Metal
0x000000019e0f9000 	/usr/lib/liblangid.dylib
0x000000019da96000 	/System/Library/PrivateFrameworks/CoreSVG.framework/Versions/A/CoreSVG
0x0000000199c30000 	/System/Library/PrivateFrameworks/SkyLight.framework/Versions/A/SkyLight
0x000000019a005000 	/System/Library/Frameworks/CoreGraphics.framework/Versions/A/CoreGraphics
0x00000001a5cd7000 	/System/Library/Frameworks/Accelerate.framework/Versions/A/Accelerate
0x00000001a0281000 	/System/Library/PrivateFrameworks/IconServices.framework/Versions/A/IconServices
0x000000019d364000 	/System/Library/Frameworks/IOSurface.framework/Versions/A/IOSurface
0x000000019b537000 	/usr/lib/libDiagnosticMessagesClient.dylib
0x00000001a91d8000 	/System/Library/Frameworks/ApplicationServices.framework/Versions/A/ApplicationServices
0x000000019da79000 	/System/Library/PrivateFrameworks/DFRFoundation.framework/Versions/A/DFRFoundation
0x0000000196f06000 	/usr/lib/libicucore.A.dylib
0x00000001a21bb000 	/System/Library/Frameworks/AudioToolbox.framework/Versions/A/AudioToolbox
0x00000001a131b000 	/System/Library/PrivateFrameworks/DataDetectorsCore.framework/Versions/A/DataDetectorsCore
0x00000001b7c5b000 	/System/Library/PrivateFrameworks/TextInput.framework/Versions/A/TextInput
0x0000000199ba5000 	/usr/lib/libMobileGestalt.dylib
0x000000019d745000 	/System/Library/Frameworks/Carbon.framework/Versions/A/Frameworks/HIToolbox.framework/Versions/A/HIToolbox
0x000000019b9b8000 	/System/Library/Frameworks/QuartzCore.framework/Versions/A/QuartzCore
0x0000000196b89000 	/System/Library/Frameworks/Security.framework/Versions/A/Security
0x00000001a564b000 	/System/Library/Frameworks/Carbon.framework/Versions/A/Frameworks/SpeechRecognition.framework/Versions/A/SpeechRecognition
0x000000019bd32000 	/System/Library/PrivateFrameworks/CoreUI.framework/Versions/A/CoreUI
0x0000000196466000 	/System/Library/Frameworks/CoreAudio.framework/Versions/A/CoreAudio
0x000000019b62c000 	/System/Library/Frameworks/DiskArbitration.framework/Versions/A/DiskArbitration
0x00000001a0c14000 	/System/Library/PrivateFrameworks/MultitouchSupport.framework/Versions/A/MultitouchSupport
0x0000000199ba3000 	/usr/lib/libenergytrace.dylib
0x000000019753e000 	/System/Library/Frameworks/IOKit.framework/Versions/A/IOKit
0x00000001a5a3a000 	/System/Library/Frameworks/CoreServices.framework/Versions/A/CoreServices
0x000000019bf6c000 	/System/Library/PrivateFrameworks/PerformanceAnalysis.framework/Versions/A/PerformanceAnalysis
0x00000001f5f43000 	/System/Library/Frameworks/OpenGL.framework/Versions/A/OpenGL
0x000000019eb73000 	/System/Library/PrivateFrameworks/MobileKeyBag.framework/Versions/A/MobileKeyBag
0x000000019a612000 	/System/Library/Frameworks/ColorSync.framework/Versions/A/ColorSync
0x0000000194ad6000 	/System/Library/Frameworks/CoreFoundation.framework/Versions/A/CoreFoundation
0x000000019dd15000 	/System/Library/Frameworks/CoreImage.framework/Versions/A/CoreImage
0x000000019628a000 	/System/Library/Frameworks/CoreText.framework/Versions/A/CoreText
0x000000019dac6000 	/System/Library/Frameworks/ImageIO.framework/Versions/A/ImageIO
0x000000019f5d9000 	/System/Library/PrivateFrameworks/SoftLinking.framework/Versions/A/SoftLinking
0x000000019c02a000 	/usr/lib/libxml2.2.dylib
0x000000019f872000 	/usr/lib/libcompression.dylib
0x00000001a126b000 	/System/Library/PrivateFrameworks/TextureIO.framework/Versions/A/TextureIO
0x000000019ff9a000 	/usr/lib/libate.dylib
0x000000019fe5f000 	/usr/lib/liblzma.5.dylib
0x00000001956c5000 	/System/Library/Frameworks/SystemConfiguration.framework/Versions/A/SystemConfiguration
0x000000019f5d5000 	/usr/lib/libfakelink.dylib
0x00000001996d7000 	/System/Library/Frameworks/CFNetwork.framework/Versions/A/CFNetwork
0x000000019f71b000 	/usr/lib/libarchive.2.dylib
0x000000019e0f5000 	/System/Library/PrivateFrameworks/AppleSystemInfo.framework/Versions/A/AppleSystemInfo
0x000000019ec86000 	/usr/lib/libbsm.0.dylib
0x0000000198c48000 	/usr/lib/libnetwork.dylib
0x000000019f56f000 	/usr/lib/system/libkxld.dylib
0x000000019e899000 	/System/Library/PrivateFrameworks/IOMobileFramebuffer.framework/Versions/A/IOMobileFramebuffer
0x000000021386f000 	/usr/lib/libCoreEntitlements.dylib
0x000000019f2aa000 	/System/Library/PrivateFrameworks/AppleFSCompression.framework/Versions/A/AppleFSCompression
0x000000019ec6e000 	/usr/lib/libcoretls.dylib
0x000000019fe78000 	/usr/lib/libcoretls_cfhelpers.dylib
0x000000019f86d000 	/usr/lib/libpam.2.dylib
0x000000019af6b000 	/usr/lib/libsqlite3.dylib
0x000000019fee1000 	/usr/lib/libxar.1.dylib
0x000000019f2bb000 	/usr/lib/libbz2.1.0.dylib
0x000000019f5da000 	/usr/lib/libpcap.A.dylib
0x000000019b34b000 	/usr/lib/libdns_services.dylib
0x000000019f840000 	/usr/lib/libapple_nghttp2.dylib
0x000000019f617000 	/usr/lib/libiconv.2.dylib
0x000000019f565000 	/usr/lib/libcharset.1.dylib
0x000000019bfa8000 	/System/Library/Frameworks/CoreServices.framework/Versions/A/Frameworks/FSEvents.framework/Versions/A/FSEvents
0x00000001971c7000 	/System/Library/Frameworks/CoreServices.framework/Versions/A/Frameworks/CarbonCore.framework/Versions/A/CarbonCore
0x000000019b58c000 	/System/Library/Frameworks/CoreServices.framework/Versions/A/Frameworks/Metadata.framework/Versions/A/Metadata
0x000000019f2ce000 	/System/Library/Frameworks/CoreServices.framework/Versions/A/Frameworks/OSServices.framework/Versions/A/OSServices
0x000000019f7a1000 	/System/Library/Frameworks/CoreServices.framework/Versions/A/Frameworks/SearchKit.framework/Versions/A/SearchKit
0x000000019b2da000 	/System/Library/Frameworks/CoreServices.framework/Versions/A/Frameworks/AE.framework/Versions/A/AE
0x000000019501c000 	/System/Library/Frameworks/CoreServices.framework/Versions/A/Frameworks/LaunchServices.framework/Versions/A/LaunchServices
0x000000019fe08000 	/System/Library/Frameworks/CoreServices.framework/Versions/A/Frameworks/DictionaryServices.framework/Versions/A/DictionaryServices
0x000000019bfb5000 	/System/Library/Frameworks/CoreServices.framework/Versions/A/Frameworks/SharedFileList.framework/Versions/A/SharedFileList
0x000000019ec5e000 	/usr/lib/libCheckFix.dylib
0x0000000199c14000 	/System/Library/PrivateFrameworks/TCC.framework/Versions/A/TCC
0x000000019e0fb000 	/System/Library/PrivateFrameworks/CoreNLP.framework/Versions/A/CoreNLP
0x000000019b53a000 	/System/Library/PrivateFrameworks/MetadataUtilities.framework/Versions/A/MetadataUtilities
0x000000019577e000 	/usr/lib/libmecabra.dylib
0x000000019ec97000 	/usr/lib/libmecab.dylib
0x000000019574a000 	/usr/lib/libCRFSuite.dylib
0x000000019ecf4000 	/usr/lib/libgermantok.dylib
0x000000019f819000 	/usr/lib/libThaiTokenizer.dylib
0x000000019b634000 	/System/Library/Frameworks/Accelerate.framework/Versions/A/Frameworks/vImage.framework/Versions/A/vImage
0x00000001a5a11000 	/System/Library/Frameworks/Accelerate.framework/Versions/A/Frameworks/vecLib.framework/Versions/A/vecLib
0x000000019ff26000 	/System/Library/Frameworks/Accelerate.framework/Versions/A/Frameworks/vecLib.framework/Versions/A/libvMisc.dylib
0x000000019e7a0000 	/System/Library/Frameworks/Accelerate.framework/Versions/A/Frameworks/vecLib.framework/Versions/A/libvDSP.dylib
0x00000001953a5000 	/System/Library/Frameworks/Accelerate.framework/Versions/A/Frameworks/vecLib.framework/Versions/A/libBLAS.dylib
0x000000019f943000 	/System/Library/Frameworks/Accelerate.framework/Versions/A/Frameworks/vecLib.framework/Versions/A/libLAPACK.dylib
0x000000019ecf7000 	/System/Library/Frameworks/Accelerate.framework/Versions/A/Frameworks/vecLib.framework/Versions/A/libLinearAlgebra.dylib
0x000000019f858000 	/System/Library/Frameworks/Accelerate.framework/Versions/A/Frameworks/vecLib.framework/Versions/A/libSparseBLAS.dylib
0x000000019f93e000 	/System/Library/Frameworks/Accelerate.framework/Versions/A/Frameworks/vecLib.framework/Versions/A/libQuadrature.dylib
0x000000019e1f4000 	/System/Library/Frameworks/Accelerate.framework/Versions/A/Frameworks/vecLib.framework/Versions/A/libBNNS.dylib
0x0000000195663000 	/System/Library/Frameworks/Accelerate.framework/Versions/A/Frameworks/vecLib.framework/Versions/A/libSparse.dylib
0x000000019e1ec000 	/System/Library/PrivateFrameworks/LinguisticData.framework/Versions/A/LinguisticData
0x000000019561b000 	/System/Library/PrivateFrameworks/Lexicon.framework/Versions/A/Lexicon
0x000000019ff1e000 	/usr/lib/libChineseTokenizer.dylib
0x0000000195dc2000 	/System/Library/PrivateFrameworks/LanguageModeling.framework/Versions/A/LanguageModeling
0x000000019f81b000 	/System/Library/PrivateFrameworks/AppleSauce.framework/Versions/A/AppleSauce
0x000000019e886000 	/System/Library/PrivateFrameworks/CoreEmoji.framework/Versions/A/CoreEmoji
0x000000019f709000 	/usr/lib/libcmph.dylib
0x000000019bf88000 	/System/Library/Frameworks/OpenDirectory.framework/Versions/A/Frameworks/CFOpenDirectory.framework/Versions/A/CFOpenDirectory
0x000000019bf78000 	/System/Library/Frameworks/OpenDirectory.framework/Versions/A/OpenDirectory
0x000000019fe7a000 	/System/Library/PrivateFrameworks/APFS.framework/Versions/A/APFS
0x000000019ebae000 	/System/Library/Frameworks/SecurityFoundation.framework/Versions/A/SecurityFoundation
0x000000019fef0000 	/usr/lib/libutil.dylib
0x0000000197500000 	/System/Library/PrivateFrameworks/CoreServicesStore.framework/Versions/A/CoreServicesStore
0x000000019fef4000 	/usr/lib/libxslt.1.dylib
0x000000019ec42000 	/System/Library/PrivateFrameworks/BackgroundTaskManagement.framework/Versions/A/BackgroundTaskManagement
0x00000001a118c000 	/System/Library/Frameworks/ImageIO.framework/Versions/A/Resources/libRadiance.dylib
0x00000001a1195000 	/System/Library/Frameworks/ImageIO.framework/Versions/A/Resources/libJPEG.dylib
0x00000001a10e8000 	/System/Library/Frameworks/ImageIO.framework/Versions/A/Resources/libPng.dylib
0x00000001a110a000 	/System/Library/Frameworks/ImageIO.framework/Versions/A/Resources/libTIFF.dylib
0x00000001a11f0000 	/System/Library/Frameworks/ImageIO.framework/Versions/A/Resources/libGIF.dylib
0x00000001a0b24000 	/System/Library/Frameworks/ImageIO.framework/Versions/A/Resources/libJP2.dylib
0x00000001a0246000 	/usr/lib/libexpat.1.dylib
0x00000001a0adf000 	/System/Library/PrivateFrameworks/AppleJPEG.framework/Versions/A/AppleJPEG
0x000000019d601000 	/System/Library/PrivateFrameworks/FontServices.framework/libFontParser.dylib
0x000000019b27f000 	/System/Library/PrivateFrameworks/RunningBoardServices.framework/Versions/A/RunningBoardServices
0x00000001abafd000 	/System/Library/PrivateFrameworks/IOSurfaceAccelerator.framework/Versions/A/IOSurfaceAccelerator
0x00000001a0c10000 	/System/Library/PrivateFrameworks/WatchdogClient.framework/Versions/A/WatchdogClient
0x0000000195ec6000 	/System/Library/Frameworks/CoreDisplay.framework/Versions/A/CoreDisplay
0x000000019d4eb000 	/System/Library/Frameworks/CoreMedia.framework/Versions/A/CoreMedia
0x000000019d378000 	/System/Library/PrivateFrameworks/IOAccelerator.framework/Versions/A/IOAccelerator
0x000000019c118000 	/System/Library/Frameworks/CoreVideo.framework/Versions/A/CoreVideo
0x000000019f86b000 	/System/Library/Frameworks/MetalPerformanceShaders.framework/Versions/A/MetalPerformanceShaders
0x00000001a0c4f000 	/System/Library/Frameworks/VideoToolbox.framework/Versions/A/VideoToolbox
0x000000019b1c3000 	/System/Library/PrivateFrameworks/BaseBoard.framework/Versions/A/BaseBoard
0x000000019af51000 	/System/Library/PrivateFrameworks/ProtocolBuffer.framework/Versions/A/ProtocolBuffer
0x00000001a1187000 	/System/Library/PrivateFrameworks/GPUWrangler.framework/Versions/A/GPUWrangler
0x00000001a1167000 	/System/Library/PrivateFrameworks/IOPresentment.framework/Versions/A/IOPresentment
0x00000001a118f000 	/System/Library/PrivateFrameworks/DSExternalDisplay.framework/Versions/A/DSExternalDisplay
0x00000001f5f36000 	/System/Library/Frameworks/OpenGL.framework/Versions/A/Libraries/libCoreFSCache.dylib
0x00000002003f5000 	/System/Library/PrivateFrameworks/GPUCompiler.framework/Versions/31001/Libraries/libGPUCompilerUtils.dylib
0x00000001a11f5000 	/System/Library/PrivateFrameworks/CMCaptureCore.framework/Versions/A/CMCaptureCore
0x00000001a07f7000 	/System/Library/PrivateFrameworks/AppServerSupport.framework/Versions/A/AppServerSupport
0x00000001a2a78000 	/System/Library/PrivateFrameworks/perfdata.framework/Versions/A/perfdata
0x0000000195fe6000 	/System/Library/PrivateFrameworks/AudioToolboxCore.framework/Versions/A/AudioToolboxCore
0x000000019d4c4000 	/System/Library/PrivateFrameworks/caulk.framework/Versions/A/caulk
0x00000001a236d000 	/usr/lib/libAudioStatistics.dylib
0x00000001b42c2000 	/System/Library/PrivateFrameworks/SystemPolicy.framework/Versions/A/SystemPolicy
0x00000001a25d9000 	/usr/lib/libSMC.dylib
0x00000001ab30c000 	/System/Library/Frameworks/CoreMIDI.framework/Versions/A/CoreMIDI
0x00000001a10b6000 	/usr/lib/libAudioToolboxUtility.dylib
0x00000001b038f000 	/System/Library/PrivateFrameworks/OSAServicesClient.framework/Versions/A/OSAServicesClient
0x00000001a2a85000 	/usr/lib/libperfcheck.dylib
0x00000001b4dda000 	/usr/lib/libmis.dylib
0x00000001f5f98000 	/System/Library/Frameworks/OpenGL.framework/Versions/A/Libraries/libGLU.dylib
0x00000001f5f57000 	/System/Library/Frameworks/OpenGL.framework/Versions/A/Libraries/libGFXShared.dylib
0x00000001f6144000 	/System/Library/Frameworks/OpenGL.framework/Versions/A/Libraries/libGL.dylib
0x00000001f5f60000 	/System/Library/Frameworks/OpenGL.framework/Versions/A/Libraries/libGLImage.dylib
0x00000001f5f54000 	/System/Library/Frameworks/OpenGL.framework/Versions/A/Libraries/libCVMSPluginSupport.dylib
0x00000001f5f3d000 	/System/Library/Frameworks/OpenGL.framework/Versions/A/Libraries/libCoreVMClient.dylib
0x000000019e075000 	/System/Library/Frameworks/MetalPerformanceShaders.framework/Versions/A/Frameworks/MPSCore.framework/Versions/A/MPSCore
0x000000019f21d000 	/System/Library/Frameworks/MetalPerformanceShaders.framework/Versions/A/Frameworks/MPSImage.framework/Versions/A/MPSImage
0x000000019ed0c000 	/System/Library/Frameworks/MetalPerformanceShaders.framework/Versions/A/Frameworks/MPSNeuralNetwork.framework/Versions/A/MPSNeuralNetwork
0x000000019f145000 	/System/Library/Frameworks/MetalPerformanceShaders.framework/Versions/A/Frameworks/MPSMatrix.framework/Versions/A/MPSMatrix
0x000000019ef1e000 	/System/Library/Frameworks/MetalPerformanceShaders.framework/Versions/A/Frameworks/MPSRayIntersector.framework/Versions/A/MPSRayIntersector
0x000000019f176000 	/System/Library/Frameworks/MetalPerformanceShaders.framework/Versions/A/Frameworks/MPSNDArray.framework/Versions/A/MPSNDArray
0x00000001f80af000 	/System/Library/Frameworks/MetalPerformanceShaders.framework/Versions/A/Frameworks/MPSFunctions.framework/Versions/A/MPSFunctions
0x000000019527c000 	/System/Library/PrivateFrameworks/MetalTools.framework/Versions/A/MetalTools
0x000000019e0f3000 	/System/Library/PrivateFrameworks/AggregateDictionary.framework/Versions/A/AggregateDictionary
0x00000001a002b000 	/usr/lib/libIOReport.dylib
0x00000001aa32a000 	/System/Library/PrivateFrameworks/ASEProcessing.framework/Versions/A/ASEProcessing
0x00000001a03a0000 	/System/Library/PrivateFrameworks/FaceCore.framework/Versions/A/FaceCore
0x00000001a0392000 	/System/Library/PrivateFrameworks/GraphVisualizer.framework/Versions/A/GraphVisualizer
0x000000020030c000 	/System/Library/PrivateFrameworks/FontServices.framework/Versions/A/FontServices
0x00000001a07b3000 	/System/Library/PrivateFrameworks/OTSVG.framework/Versions/A/OTSVG
0x000000019bce2000 	/System/Library/Frameworks/ApplicationServices.framework/Versions/A/Frameworks/ATS.framework/Versions/A/Resources/libFontRegistry.dylib
0x00000001a0800000 	/System/Library/PrivateFrameworks/FontServices.framework/libhvf.dylib
0x000000020030d000 	/System/Library/PrivateFrameworks/FontServices.framework/libXTFontStaticRegistryData.dylib
0x00000001f62e5000 	/System/Library/Frameworks/OpenCL.framework/Versions/A/OpenCL
0x00000001a01fa000 	/System/Library/PrivateFrameworks/AppleVA.framework/Versions/A/AppleVA
0x00000001a2395000 	/System/Library/Frameworks/ApplicationServices.framework/Versions/A/Frameworks/ATS.framework/Versions/A/ATS
0x000000019a70f000 	/System/Library/Frameworks/ApplicationServices.framework/Versions/A/Frameworks/HIServices.framework/Versions/A/HIServices
0x00000001a11ff000 	/System/Library/Frameworks/ApplicationServices.framework/Versions/A/Frameworks/PrintCore.framework/Versions/A/PrintCore
0x00000001a272c000 	/System/Library/Frameworks/ApplicationServices.framework/Versions/A/Frameworks/QD.framework/Versions/A/QD
0x00000001a2724000 	/System/Library/Frameworks/ApplicationServices.framework/Versions/A/Frameworks/ColorSyncLegacy.framework/Versions/A/ColorSyncLegacy
0x00000001a2381000 	/System/Library/Frameworks/ApplicationServices.framework/Versions/A/Frameworks/SpeechSynthesis.framework/Versions/A/SpeechSynthesis
0x00000001a11c0000 	/System/Library/Frameworks/ApplicationServices.framework/Versions/A/Frameworks/ATSUI.framework/Versions/A/ATSUI
0x00000001a26b9000 	/usr/lib/libcups.2.dylib
0x00000001a2a93000 	/System/Library/Frameworks/Kerberos.framework/Versions/A/Kerberos
0x00000001a2aa4000 	/System/Library/Frameworks/GSS.framework/Versions/A/GSS
0x00000001a2405000 	/usr/lib/libresolv.9.dylib
0x00000001a080f000 	/System/Library/PrivateFrameworks/Heimdal.framework/Versions/A/Heimdal
0x00000001a955f000 	/System/Library/Frameworks/Kerberos.framework/Versions/A/Libraries/libHeimdalProxy.dylib
0x000000019b35d000 	/System/Library/Frameworks/Network.framework/Versions/A/Network
0x00000001a0261000 	/usr/lib/libheimdal-asn1.dylib
0x00000001a2af4000 	/System/Library/PrivateFrameworks/CommonAuth.framework/Versions/A/CommonAuth
0x00000001a22fb000 	/System/Library/PrivateFrameworks/AudioSession.framework/Versions/A/AudioSession
0x00000001a02f3000 	/System/Library/PrivateFrameworks/MediaExperience.framework/Versions/A/MediaExperience
0x00000001a2181000 	/System/Library/PrivateFrameworks/AudioSession.framework/libSessionUtility.dylib
0x00000001a2738000 	/System/Library/PrivateFrameworks/AudioResourceArbitration.framework/Versions/A/AudioResourceArbitration
0x00000001a68ee000 	/System/Library/PrivateFrameworks/PowerLog.framework/Versions/A/PowerLog
0x00000001a026b000 	/System/Library/PrivateFrameworks/IconFoundation.framework/Versions/A/IconFoundation
0x00000001a5637000 	/System/Library/PrivateFrameworks/SpeechRecognitionCore.framework/Versions/A/SpeechRecognitionCore
0x0000000105ee8000 	/Users/simonluo/Library/Java/JavaVirtualMachines/corretto-17.0.2/Contents/Home/lib/server/libjvm.dylib
0x0000000104f00000 	/Users/simonluo/Library/Java/JavaVirtualMachines/corretto-17.0.2/Contents/Home/lib/libjimage.dylib
0x0000000104f2c000 	/Users/simonluo/Library/Java/JavaVirtualMachines/corretto-17.0.2/Contents/Home/lib/libinstrument.dylib
0x0000000104f78000 	/Users/simonluo/Library/Java/JavaVirtualMachines/corretto-17.0.2/Contents/Home/lib/libjava.dylib
0x0000000105e2c000 	/Users/simonluo/Library/Java/JavaVirtualMachines/corretto-17.0.2/Contents/Home/lib/libnio.dylib
0x0000000105e4c000 	/Users/simonluo/Library/Java/JavaVirtualMachines/corretto-17.0.2/Contents/Home/lib/libnet.dylib
0x0000000104f5c000 	/Users/simonluo/Library/Java/JavaVirtualMachines/corretto-17.0.2/Contents/Home/lib/libzip.dylib
0x0000000105e70000 	/Users/simonluo/.openjfx/cache/17.0.0.1/libprism_es2.dylib
0x00000001974c3000 	/System/Library/PrivateFrameworks/CoreServicesInternal.framework/Versions/A/CoreServicesInternal
0x00000001f614e000 	/System/Library/Frameworks/OpenGL.framework/Versions/A/Resources/GLEngine.bundle/GLEngine
0x00000001f5fd6000 	/System/Library/Frameworks/OpenGL.framework/Versions/A/Libraries/libGLProgrammability.dylib
0x000000011fc3c000 	/System/Library/Extensions/AppleMetalOpenGLRenderer.bundle/Contents/MacOS/AppleMetalOpenGLRenderer
0x00000001f62bd000 	/System/Library/Frameworks/OpenGL.framework/Versions/A/Resources/GLRendererFloat.bundle/GLRendererFloat
0x00000001f63bd000 	/System/Library/Extensions/AGXMetal13_3.bundle/Contents/MacOS/AGXMetal13_3
0x00000001b4df6000 	/System/Library/PrivateFrameworks/GPURawCounter.framework/Versions/A/GPURawCounter
0x00000001af500000 	/System/Library/PrivateFrameworks/IOGPU.framework/Versions/A/IOGPU
0x000000011fbc4000 	/Users/simonluo/.openjfx/cache/17.0.0.1/libglass.dylib
0x00000001a6b46000 	/System/Library/Frameworks/FileProvider.framework/Versions/A/FileProvider
0x000000019b12b000 	/System/Library/Frameworks/Accounts.framework/Versions/A/Accounts
0x00000001a6cca000 	/System/Library/PrivateFrameworks/GenerationalStorage.framework/Versions/A/GenerationalStorage
0x00000001a788d000 	/System/Library/PrivateFrameworks/CoreSymbolication.framework/Versions/A/CoreSymbolication
0x00000001a68e2000 	/System/Library/PrivateFrameworks/SymptomDiagnosticReporter.framework/Versions/A/SymptomDiagnosticReporter
0x00000001987b3000 	/System/Library/PrivateFrameworks/DesktopServicesPriv.framework/Versions/A/DesktopServicesPriv
0x0000000197625000 	/usr/lib/libsandbox.1.dylib
0x000000019c1a6000 	/System/Library/PrivateFrameworks/UserManagement.framework/Versions/A/UserManagement
0x00000001a784a000 	/System/Library/PrivateFrameworks/DebugSymbols.framework/Versions/A/DebugSymbols
0x00000001a2717000 	/System/Library/PrivateFrameworks/NetAuth.framework/Versions/A/NetAuth
0x00000001a3635000 	/System/Library/PrivateFrameworks/Sharing.framework/Versions/A/Sharing
0x000000019c176000 	/System/Library/PrivateFrameworks/login.framework/Versions/A/Frameworks/loginsupport.framework/Versions/A/loginsupport
0x00000001a8a7f000 	/System/Library/PrivateFrameworks/Apple80211.framework/Versions/A/Apple80211
0x000000019f301000 	/System/Library/PrivateFrameworks/AuthKit.framework/Versions/A/AuthKit
0x000000019e982000 	/System/Library/PrivateFrameworks/CoreUtils.framework/Versions/A/CoreUtils
0x000000019e8a5000 	/System/Library/Frameworks/CoreWLAN.framework/Versions/A/CoreWLAN
0x00000001a37a5000 	/System/Library/Frameworks/IOBluetooth.framework/Versions/A/IOBluetooth
0x00000001a8adf000 	/System/Library/PrivateFrameworks/CoreWiFi.framework/Versions/A/CoreWiFi
0x00000001a742a000 	/System/Library/PrivateFrameworks/FrontBoardServices.framework/Versions/A/FrontBoardServices
0x00000001a74c2000 	/System/Library/PrivateFrameworks/BoardServices.framework/Versions/A/BoardServices
0x000000019eb9c000 	/System/Library/PrivateFrameworks/AssertionServices.framework/Versions/A/AssertionServices
0x00000001a8c5c000 	/System/Library/PrivateFrameworks/BackBoardServices.framework/Versions/A/BackBoardServices
0x00000001a2b8b000 	/System/Library/PrivateFrameworks/CorePhoneNumbers.framework/Versions/A/CorePhoneNumbers
0x00000001a6a12000 	/System/Library/PrivateFrameworks/DiskManagement.framework/Versions/A/DiskManagement
0x00000001a6915000 	/System/Library/PrivateFrameworks/AppleIDAuthSupport.framework/Versions/A/AppleIDAuthSupport
0x00000001fa8d6000 	/System/Library/PrivateFrameworks/AAAFoundation.framework/Versions/A/AAAFoundation
0x00000001a2b6a000 	/System/Library/PrivateFrameworks/KeychainCircle.framework/Versions/A/KeychainCircle
0x00000001a69de000 	/System/Library/PrivateFrameworks/MediaKit.framework/Versions/A/MediaKit
0x00000001a6922000 	/System/Library/Frameworks/DiscRecording.framework/Versions/A/DiscRecording
0x00000001a0176000 	/usr/lib/libCoreStorage.dylib
0x00000001a8f59000 	/usr/lib/libcsfde.dylib
0x00000001a387a000 	/System/Library/PrivateFrameworks/ProtectedCloudStorage.framework/Versions/A/ProtectedCloudStorage
0x00000001a8f51000 	/System/Library/PrivateFrameworks/EFILogin.framework/Versions/A/EFILogin
0x00000001a6cf1000 	/System/Library/PrivateFrameworks/OctagonTrust.framework/Versions/A/OctagonTrust
0x00000001ff4a7000 	/System/Library/PrivateFrameworks/CoreUtilsExtras.framework/Versions/A/CoreUtilsExtras
0x00000001a6847000 	/System/Library/Frameworks/CoreBluetooth.framework/Versions/A/CoreBluetooth
0x00000001a95e4000 	/System/Library/Frameworks/AudioUnit.framework/Versions/A/AudioUnit
0x00000001a016e000 	/usr/lib/libMatch.1.dylib
0x00000001b92a2000 	/System/Library/Frameworks/Accelerate.framework/Versions/A/Frameworks/vImage.framework/Versions/A/Libraries/libCGInterfaces.dylib
0x000000012deb0000 	/usr/lib/libobjc-trampolines.dylib
0x000000019be70000 	/System/Library/PrivateFrameworks/ViewBridge.framework/Versions/A/ViewBridge
0x00000001faf89000 	/System/Library/PrivateFrameworks/AccessibilityBundles.framework/Versions/A/AccessibilityBundles
0x000000013c4d8000 	/Users/simonluo/.openjfx/cache/17.0.0.1/libjavafx_font.dylib
0x00000001a08d2000 	/System/Library/PrivateFrameworks/login.framework/Versions/A/login
0x00000002139ed000 	/usr/lib/libRosetta.dylib


VM Arguments:
jvm_args: -javaagent:/Applications/IntelliJ IDEA CE.app/Contents/lib/idea_rt.jar=49428:/Applications/IntelliJ IDEA CE.app/Contents/bin -Dfile.encoding=UTF-8 --module-path=/Users/simonluo/.m2/repository/org/openjfx/javafx-controls/17.0.0.1/javafx-controls-17.0.0.1-mac-aarch64.jar:/Users/simonluo/.m2/repository/org/openjfx/javafx-graphics/17.0.0.1/javafx-graphics-17.0.0.1-mac-aarch64.jar:/Users/simonluo/.m2/repository/org/openjfx/javafx-fxml/17.0.0.1/javafx-fxml-17.0.0.1-mac-aarch64.jar:/Users/simonluo/cs151proj/passaver/target/classes:/Users/simonluo/.m2/repository/org/openjfx/javafx-base/17.0.0.1/javafx-base-17.0.0.1-mac-aarch64.jar:/Users/simonluo/.m2/repository/org/xerial/sqlite-jdbc/3.36.0.3/sqlite-jdbc-3.36.0.3.jar -Djdk.module.main=cs151.passaver 
java_command: cs151.passaver/cs151.passaver.Passaver
java_class_path (initial): /Users/simonluo/.m2/repository/org/openjfx/javafx-controls/17.0.0.1/javafx-controls-17.0.0.1.jar:/Users/simonluo/.m2/repository/org/openjfx/javafx-graphics/17.0.0.1/javafx-graphics-17.0.0.1.jar:/Users/simonluo/.m2/repository/org/openjfx/javafx-base/17.0.0.1/javafx-base-17.0.0.1.jar:/Users/simonluo/.m2/repository/org/openjfx/javafx-fxml/17.0.0.1/javafx-fxml-17.0.0.1.jar
Launcher Type: SUN_STANDARD

[Global flags]
     intx CICompilerCount                          = 4                                         {product} {ergonomic}
     uint ConcGCThreads                            = 2                                         {product} {ergonomic}
     uint G1ConcRefinementThreads                  = 8                                         {product} {ergonomic}
   size_t G1HeapRegionSize                         = 1048576                                   {product} {ergonomic}
    uintx GCDrainStackTargetSize                   = 64                                        {product} {ergonomic}
   size_t InitialHeapSize                          = 134217728                                 {product} {ergonomic}
   size_t MarkStackSize                            = 4194304                                   {product} {ergonomic}
   size_t MaxHeapSize                              = 2147483648                                {product} {ergonomic}
   size_t MaxNewSize                               = 1287651328                                {product} {ergonomic}
   size_t MinHeapDeltaBytes                        = 1048576                                   {product} {ergonomic}
   size_t MinHeapSize                              = 8388608                                   {product} {ergonomic}
    uintx NonNMethodCodeHeapSize                   = 5839564                                {pd product} {ergonomic}
    uintx NonProfiledCodeHeapSize                  = 122909338                              {pd product} {ergonomic}
    uintx ProfiledCodeHeapSize                     = 122909338                              {pd product} {ergonomic}
    uintx ReservedCodeCacheSize                    = 251658240                              {pd product} {ergonomic}
     bool SegmentedCodeCache                       = true                                      {product} {ergonomic}
   size_t SoftMaxHeapSize                          = 2147483648                             {manageable} {ergonomic}
     bool UseCompressedClassPointers               = true                           {product lp64_product} {ergonomic}
     bool UseCompressedOops                        = true                           {product lp64_product} {ergonomic}
     bool UseG1GC                                  = true                                      {product} {ergonomic}
     bool UseNUMA                                  = false                                     {product} {ergonomic}
     bool UseNUMAInterleaving                      = false                                     {product} {ergonomic}

Logging:
Log output configuration:
 #0: stdout all=warning uptime,level,tags
 #1: stderr all=off uptime,level,tags

Environment Variables:
PATH=/Users/simonluo/opt/anaconda3/bin:/Users/simonluo/opt/anaconda3/condabin:/Library/Frameworks/Python.framework/Versions/3.9/bin:/usr/local/bin:/usr/bin:/bin:/usr/sbin:/sbin
SHELL=/bin/zsh
LC_CTYPE=en_US.UTF-8

Signal Handlers:
   SIGSEGV: _ZL13crash_handleriP9__siginfoPv in libjvm.dylib, mask=11100110000111110111111111111111, flags=SA_RESTART|SA_SIGINFO
    SIGBUS: _ZL13crash_handleriP9__siginfoPv in libjvm.dylib, mask=11100110000111110111111111111111, flags=SA_RESTART|SA_SIGINFO
    SIGFPE: _ZL13crash_handleriP9__siginfoPv in libjvm.dylib, mask=11100110000111110111111111111111, flags=SA_RESTART|SA_SIGINFO
   SIGPIPE: _ZL17javaSignalHandleriP9__siginfoPv in libjvm.dylib, mask=11100110000111110111111111111111, flags=SA_RESTART|SA_SIGINFO
   SIGXFSZ: _ZL17javaSignalHandleriP9__siginfoPv in libjvm.dylib, mask=11100110000111110111111111111111, flags=SA_RESTART|SA_SIGINFO
    SIGILL: _ZL13crash_handleriP9__siginfoPv in libjvm.dylib, mask=11100110000111110111111111111111, flags=SA_RESTART|SA_SIGINFO
   SIGUSR2: _ZL10SR_handleriP9__siginfoP17__darwin_ucontext in libjvm.dylib, mask=00100000000000000000000000000000, flags=SA_RESTART|SA_SIGINFO
    SIGHUP: _ZL11UserHandleriPvS_ in libjvm.dylib, mask=11100110000111110111111111111111, flags=SA_RESTART|SA_SIGINFO
    SIGINT: _ZL11UserHandleriPvS_ in libjvm.dylib, mask=11100110000111110111111111111111, flags=SA_RESTART|SA_SIGINFO
   SIGTERM: _ZL11UserHandleriPvS_ in libjvm.dylib, mask=11100110000111110111111111111111, flags=SA_RESTART|SA_SIGINFO
   SIGQUIT: _ZL11UserHandleriPvS_ in libjvm.dylib, mask=11100110000111110111111111111111, flags=SA_RESTART|SA_SIGINFO
   SIGTRAP: _ZL13crash_handleriP9__siginfoPv in libjvm.dylib, mask=11100110000111110111111111111111, flags=SA_RESTART|SA_SIGINFO


---------------  S Y S T E M  ---------------

OS:
uname: Darwin 21.4.0 Darwin Kernel Version 21.4.0: Fri Mar 18 00:47:26 PDT 2022; root:xnu-8020.101.4~15/RELEASE_ARM64_T8101 arm64
OS uptime: 0 days 2:30 hours
rlimit (soft/hard): STACK 8176k/65520k , CORE 0k/infinity , NPROC 1333/2000 , NOFILE 10240/infinity , AS infinity/infinity , CPU infinity/infinity , DATA infinity/infinity , FSIZE infinity/infinity , MEMLOCK infinity/infinity , RSS infinity/infinity
load average: 2.55 2.28 1.98

CPU: total 8 (initial active 8) 0x61:0x0:0x1b588bb3:0, fp, simd, crc, lse

Memory: 16k page, physical 8388608k(95504k free), swap 0k(0k free)

vm_info: OpenJDK 64-Bit Server VM (17.0.2+8-LTS) for bsd-aarch64 JRE (17.0.2+8-LTS), built on Jan 16 2022 20:47:05 by "jenkins" with clang Apple LLVM 13.0.0 (clang-1300.0.29.30)

END.
