#
# A fatal error has been detected by the Java Runtime Environment:
#
#  SIGBUS (0xa) at pc=0x000000010be854f0, pid=50157, tid=36363
#
# JRE version: OpenJDK Runtime Environment Corretto-17.0.2.8.1 (17.0.2+8) (build 17.0.2+8-LTS)
# Java VM: OpenJDK 64-Bit Server VM Corretto-17.0.2.8.1 (17.0.2+8-LTS, mixed mode, sharing, tiered, compressed oops, compressed class ptrs, g1 gc, bsd-aarch64)
# Problematic frame:
# v  ~StubRoutines::SafeFetchN
#
# No core dump will be written. Core dumps have been disabled. To enable core dumping, try "ulimit -c unlimited" before starting Java again
#
# If you would like to submit a bug report, please visit:
#   https://github.com/corretto/corretto-17/issues/
# The crash happened outside the Java Virtual Machine in native code.
# See problematic frame for where to report the bug.
#

---------------  S U M M A R Y ------------

Command Line: -javaagent:/Applications/IntelliJ IDEA CE.app/Contents/lib/idea_rt.jar=64296:/Applications/IntelliJ IDEA CE.app/Contents/bin -Dfile.encoding=UTF-8 --module-path=/Users/simonluo/.m2/repository/org/openjfx/javafx-graphics/17.0.0.1/javafx-graphics-17.0.0.1-mac-aarch64.jar:/Users/simonluo/.m2/repository/org/xerial/sqlite-jdbc/3.36.0.3/sqlite-jdbc-3.36.0.3.jar:/Users/simonluo/.m2/repository/org/openjfx/javafx-base/17.0.0.1/javafx-base-17.0.0.1-mac-aarch64.jar:/Users/simonluo/.m2/repository/org/openjfx/javafx-fxml/17.0.0.1/javafx-fxml-17.0.0.1-mac-aarch64.jar:/Users/simonluo/cs151proj/passaver/target/classes:/Users/simonluo/.m2/repository/org/openjfx/javafx-controls/17.0.0.1/javafx-controls-17.0.0.1-mac-aarch64.jar -Djdk.module.main=cs151.passaver cs151.passaver/cs151.passaver.Passaver

Host: "MacBookAir10,1" arm64 1 MHz, 8 cores, 8G, Darwin 21.4.0, macOS 12.3.1 (21E258)
Time: Tue Apr 26 16:00:34 2022 PDT elapsed time: 3.983366 seconds (0d 0h 0m 3s)

---------------  T H R E A D  ---------------

Current thread (0x000000014c0a9a00):  JavaThread "InvokeLaterDispatcher" daemon [_thread_in_native, id=36363, stack(0x0000000288834000,0x0000000288a37000)]

Stack: [0x0000000288834000,0x0000000288a37000],  sp=0x0000000288a36790,  free space=2057k
Native frames: (J=compiled Java code, j=interpreted, Vv=VM code, C=native code)
v  ~StubRoutines::SafeFetchN
V  [libjvm.dylib+0x7b4740]  _ZN10OopStorage7releaseEPKP7oopDesc+0x20
V  [libjvm.dylib+0x4c7020]  jni_DeleteGlobalRef+0xd8
C  [libglass.dylib+0xab08]  -[GlassRunnable dealloc]+0x34
C  [Foundation+0x85618]  -[_NSThreadPerformInfo dealloc]+0x30
C  [Foundation+0x5198c]  -[NSObject(NSThreadPerformAdditions) performSelectorOnMainThread:withObject:waitUntilDone:]+0x88
C  0xb37a80010be8d8ac
j  com.sun.glass.ui.mac.MacApplication.submitForLaterInvocation(Ljava/lang/Runnable;)V+2 javafx.graphics
j  com.sun.glass.ui.InvokeLaterDispatcher.run()V+82 javafx.graphics
v  ~StubRoutines::call_stub
V  [libjvm.dylib+0x46bebc]  _ZN9JavaCalls11call_helperEP9JavaValueRK12methodHandleP17JavaCallArgumentsP10JavaThread+0x390
V  [libjvm.dylib+0x46af28]  _ZN9JavaCalls12call_virtualEP9JavaValueP5KlassP6SymbolS5_P17JavaCallArgumentsP10JavaThread+0xf8
V  [libjvm.dylib+0x46aff0]  _ZN9JavaCalls12call_virtualEP9JavaValue6HandleP5KlassP6SymbolS6_P10JavaThread+0x64
V  [libjvm.dylib+0x520354]  _ZL12thread_entryP10JavaThreadS0_+0xc4
V  [libjvm.dylib+0x997944]  _ZN10JavaThread17thread_main_innerEv+0x138
V  [libjvm.dylib+0x996020]  _ZN6Thread8call_runEv+0x128
V  [libjvm.dylib+0x7bb6a4]  _ZL19thread_native_entryP6Thread+0x158
C  [libsystem_pthread.dylib+0x726c]  _pthread_start+0x94

Java frames: (J=compiled Java code, j=interpreted, Vv=VM code)
j  com.sun.glass.ui.mac.MacApplication._submitForLaterInvocation(Ljava/lang/Runnable;)V+0 javafx.graphics
j  com.sun.glass.ui.mac.MacApplication.submitForLaterInvocation(Ljava/lang/Runnable;)V+2 javafx.graphics
j  com.sun.glass.ui.InvokeLaterDispatcher.run()V+82 javafx.graphics
v  ~StubRoutines::call_stub

siginfo: si_signo: 10 (SIGBUS), si_code: 1 (BUS_ADRALN), si_addr: 0x000000010be854f0

Register to memory mapping:

 x0=0x000000014d006cc8 is a global jni handle
 x1=0x0 is NULL
 x2=0x0000000786f00d10 is an oop: com.sun.glass.ui.InvokeLaterDispatcher$Future 
{0x0000000786f00d10} - klass: 'com/sun/glass/ui/InvokeLaterDispatcher$Future'
 - ---- fields (total size 3 words):
 - private 'done' 'Z' @12  true
 - private final 'runnable' 'Ljava/lang/Runnable;' @16  a 'com/sun/javafx/tk/quantum/QuantumToolkit$$Lambda$107+0x0000000800c3a418'{0x00000007868b3b68} (f0d1676d)
 - final synthetic 'this$0' 'Lcom/sun/glass/ui/InvokeLaterDispatcher;' @20  a 'com/sun/glass/ui/InvokeLaterDispatcher'{0x000000078680ac60} (f0d0158c)
 x3=0x0 is NULL
 x4=0x00000000000130a8 is an unknown value
 x5=0x0 is NULL
 x6=0x0 is NULL
 x7=0x0 is NULL
 x8=0x000000010be854ec is at begin+0 in a stub
StubRoutines::SafeFetchN [0x000000010be854ec, 0x000000010be854f8] (12 bytes)
 x9=0x0 is NULL
x10=0x2010000030300000 is an unknown value
x11=0x0000000000000007 is an unknown value
x12=0x0000000000000004 is an unknown value
x13=0x000060000208fa10 points into unknown readable memory: 0x89090001b668bc40 | 40 bc 68 b6 01 00 09 89
x14=0x0000040000000000 is an unknown value
x15=0x0000000124c3df98: OBJC_CLASS_$_GlassRunnable+0 in /Users/simonluo/.openjfx/cache/17.0.0.1/libglass.dylib at 0x0000000124bf8000
x16=0x00000001b67f50fc: pthread_getspecific+0 in /usr/lib/system/libsystem_pthread.dylib at 0x00000001b67f3000
x17=0x0000600002abed00 points into unknown readable memory: 0xfffffffffffffffe | fe ff ff ff ff ff ff ff
x18=0x0 is NULL
x19=0x00006000025bc150 points into unknown readable memory: 0x0000600000c840d0 | d0 40 c8 00 00 60 00 00
x20=0x000000014d006ac0 points into unknown readable memory: 0x3731282045524a20 | 20 4a 52 45 20 28 31 37
x21=0x000000014d006cc8 is a global jni handle
x22=0x000000014c0a9a00 is a thread
x23=0x0000000000000001 is an unknown value
x24=0x000000014d006c80 is a global jni handle
x25=0x0000000104077a08: _ZN12StubRoutines17_safefetchN_entryE+0 in /Users/simonluo/Library/Java/JavaVirtualMachines/corretto-17.0.2/Contents/Home/lib/server/libjvm.dylib at 0x0000000103420000
x26=0x0000000121d1a268 is pointing into metadata
x27=0x0 is NULL
x28=0x000000014c0a9a00 is a thread


Registers:
 x0=0x000000014d006cc8  x1=0x0000000000000000  x2=0x0000000786f00d10  x3=0x0000000000000000
 x4=0x00000000000130a8  x5=0x0000000000000000  x6=0x0000000000000000  x7=0x0000000000000000
 x8=0x000000010be854ec  x9=0x0000000000000000 x10=0x2010000030300000 x11=0x0000000000000007
x12=0x0000000000000004 x13=0x000060000208fa10 x14=0x0000040000000000 x15=0x0000000124c3df98
x16=0x00000001b67f50fc x17=0x0000600002abed00 x18=0x0000000000000000 x19=0x00006000025bc150
x20=0x000000014d006ac0 x21=0x000000014d006cc8 x22=0x000000014c0a9a00 x23=0x0000000000000001
x24=0x000000014d006c80 x25=0x0000000104077a08 x26=0x0000000121d1a268 x27=0x0000000000000000
x28=0x000000014c0a9a00  fp=0x0000000288a367d0  lr=0x0000000103bd351c  sp=0x0000000288a36790
pc=0x000000010be854f0 cpsr=0x0000000060001000
Top of Stack: (sp=0x0000000288a36790)
0x0000000288a36790:   0000000121d1a268 0000000000000001
0x0000000288a367a0:   000000013d171f38 0000000000000000
0x0000000288a367b0:   000000013d171ea8 000000014d006cb0
0x0000000288a367c0:   000000014d006cb0 00006000025bc150
0x0000000288a367d0:   0000000288a36810 0000000103bd4740
0x0000000288a367e0:   0000000000000001 000000014d006cb0
0x0000000288a367f0:   000000013d171ea8 000000014d006cb0
0x0000000288a36800:   0000000000000001 000000013d171c00
0x0000000288a36810:   0000000288a36850 00000001038e7020
0x0000000288a36820:   0000000288a36998 0000600000cb3370
0x0000000288a36830:   0000600000cb33a0 00000002008babe0
0x0000000288a36840:   0000000000000000 0000600000cb33a0
0x0000000288a36850:   0000000288a36880 0000000124c02b08
0x0000000288a36860:   1cd33648189d00bc 0000000000000000
0x0000000288a36870:   0000000000000000 0000600001bab880
0x0000000288a36880:   0000000288a368c0 00000001b77c2618
0x0000000288a36890:   0000000288a36998 0000600000cb3370
0x0000000288a368a0:   0000600000cb33a0 1cd33648189d00bc
0x0000000288a368b0:   0000000000000000 0000000000000000
0x0000000288a368c0:   0000000288a36900 24708001b778e98c
0x0000000288a368d0:   0000000288a36998 000000010be8c7c0
0x0000000288a368e0:   0000000000000000 000000010407f3c8
0x0000000288a368f0:   0000000288a36910 000000010be8b730
0x0000000288a36900:   0000000288a36970 b37a80010be8d8ac
0x0000000288a36910:   0000000288a36910 00000008009865d5
0x0000000288a36920:   0000000288a36920 0000000000000000
0x0000000288a36930:   0000000288a36998 0000000121d1a268
0x0000000288a36940:   00000007868369e0 0000000000000000
0x0000000288a36950:   0000000000000000 0000000121cf3770
0x0000000288a36960:   0000000000000000 0000000288a36970
0x0000000288a36970:   0000000288a369f0 000000010be89fc8
0x0000000288a36980:   0000000000000000 0000000000000000 

Instructions: (pc=0x000000010be854f0)
0x000000010be853f0:   f2a08089 f2c00029 6d425935 1e640886
0x000000010be85400:   0c402d31 1e6408c7 1f5654d0 1e6c1017
0x000000010be85410:   1f5050d0 1f504cd0 1f5048d0 1e650af6
0x000000010be85420:   1f50d8f6 1f5694d6 1f5158f6 1e762880
0x000000010be85430:   36000501 1e614000 14000026 2e251ca5
0x000000010be85440:   d2883009 f2a08089 f2c00029 6d425d36
0x000000010be85450:   1e600806 0c402d32 1f5758c7 1e6c101a
0x000000010be85460:   1f4754c7 1e650805 1f4750c7 d2866668
0x000000010be85470:   f2a7fa68 1f474cc7 1e6608c0 1f4748c7
0x000000010be85480:   1e6e1019 eb08007f 540000ac 1f479400
0x000000010be85490:   1f460340 1e603b20 1400000e d2a7fd29
0x000000010be854a0:   eb09007f 540000ac 51480069 d3607d29
0x000000010be854b0:   9e670121 14000002 1e6a5001 1f679417
0x000000010be854c0:   1f668742 1e613b23 1e773857 1e773860
0x000000010be854d0:   a8c17ff3 910003bf a8c17bfd d65f03c0
0x000000010be854e0:   b9400001 aa0103e0 d65f03c0 f9400001
0x000000010be854f0:   aa0103e0 d65f03c0 00000000 00000000
0x000000010be85500:   00000000 00000000 00000000 00000000
0x000000010be85510:   00000000 00000000 00000000 00000000
0x000000010be85520:   00000000 00000000 00000000 00000000
0x000000010be85530:   00000000 00000000 00000000 00000000
0x000000010be85540:   00000000 00000000 00000000 00000000
0x000000010be85550:   00000000 00000000 00000000 00000000
0x000000010be85560:   00000000 00000000 00000000 00000000
0x000000010be85570:   00000000 00000000 00000000 00000000
0x000000010be85580:   00000000 00000000 00000000 00000000
0x000000010be85590:   00000000 00000000 00000000 00000000
0x000000010be855a0:   00000000 00000000 00000000 00000000
0x000000010be855b0:   00000000 00000000 00000000 00000000
0x000000010be855c0:   00000000 00000000 00000000 00000000
0x000000010be855d0:   00000000 00000000 00000000 00000000
0x000000010be855e0:   00000000 00000000 00000000 00000000 


Stack slot to memory mapping:
stack at sp + 0 slots: 0x0000000121d1a268 is pointing into metadata
stack at sp + 1 slots: 0x0000000000000001 is an unknown value
stack at sp + 2 slots: 0x000000013d171f38 points into unknown readable memory: 0x6a2e797200000006 | 06 00 00 00 72 79 2e 6a
stack at sp + 3 slots: 0x0 is NULL
stack at sp + 4 slots: 0x000000013d171ea8 points into unknown readable memory: 0x00000001040328b0 | b0 28 03 04 01 00 00 00
stack at sp + 5 slots: 0x000000014d006cb0 is a global jni handle
stack at sp + 6 slots: 0x000000014d006cb0 is a global jni handle
stack at sp + 7 slots: 0x00006000025bc150 points into unknown readable memory: 0x0000600000c840d0 | d0 40 c8 00 00 60 00 00

StubRoutines::SafeFetchN [0x000000010be854ec, 0x000000010be854f8] (12 bytes)
[MachCode]
  0x000000010be854ec: 0100 40f9 | e003 01aa | c003 5fd6 
[/MachCode]

---------------  P R O C E S S  ---------------

Threads class SMR info:
_java_thread_list=0x0000600000e1a440, length=20, elements={
0x000000013d808a00, 0x000000013d019400, 0x000000014c808800, 0x000000014c80da00,
0x000000012102ae00, 0x000000012102b400, 0x000000012102ba00, 0x000000012102c000,
0x000000013d817e00, 0x000000013d012800, 0x000000014c07ee00, 0x0000000122008200,
0x000000013c017800, 0x000000014c0a9a00, 0x000000013d171c00, 0x000000014c855400,
0x000000013c064400, 0x000000013d241a00, 0x000000013d24cc00, 0x000000013d29e600
}

Java Threads: ( => current thread )
  0x000000013d808a00 JavaThread "main" [_thread_blocked, id=6147, stack(0x000000016dde8000,0x000000016dfeb000)]
  0x000000013d019400 JavaThread "Reference Handler" daemon [_thread_blocked, id=16387, stack(0x000000016ec3c000,0x000000016ee3f000)]
  0x000000014c808800 JavaThread "Finalizer" daemon [_thread_blocked, id=15107, stack(0x000000016ee48000,0x000000016f04b000)]
  0x000000014c80da00 JavaThread "Signal Dispatcher" daemon [_thread_blocked, id=22531, stack(0x000000016f16c000,0x000000016f36f000)]
  0x000000012102ae00 JavaThread "Service Thread" daemon [_thread_blocked, id=41987, stack(0x000000016f378000,0x000000016f57b000)]
  0x000000012102b400 JavaThread "Monitor Deflation Thread" daemon [_thread_blocked, id=23043, stack(0x000000016f584000,0x000000016f787000)]
  0x000000012102ba00 JavaThread "C2 CompilerThread0" daemon [_thread_blocked, id=23299, stack(0x000000016f790000,0x000000016f993000)]
  0x000000012102c000 JavaThread "C1 CompilerThread0" daemon [_thread_blocked, id=41219, stack(0x000000016f99c000,0x000000016fb9f000)]
  0x000000013d817e00 JavaThread "Sweeper thread" daemon [_thread_blocked, id=24067, stack(0x000000016fba8000,0x000000016fdab000)]
  0x000000013d012800 JavaThread "Common-Cleaner" daemon [_thread_blocked, id=24579, stack(0x000000016fdb4000,0x000000016ffb7000)]
  0x000000014c07ee00 JavaThread "Monitor Ctrl-Break" daemon [_thread_in_native, id=25091, stack(0x0000000288004000,0x0000000288207000)]
  0x0000000122008200 JavaThread "Notification Thread" daemon [_thread_blocked, id=25603, stack(0x0000000288210000,0x0000000288413000)]
  0x000000013c017800 JavaThread "QuantumRenderer-0" daemon [_thread_blocked, id=26627, stack(0x0000000288628000,0x000000028882b000)]
=>0x000000014c0a9a00 JavaThread "InvokeLaterDispatcher" daemon [_thread_in_native, id=36363, stack(0x0000000288834000,0x0000000288a37000)]
  0x000000013d171c00 JavaThread "JavaFX Application Thread" [_thread_in_vm, id=259, stack(0x000000016d560000,0x000000016dd5c000)]
  0x000000014c855400 JavaThread "JavaFX-Launcher" [_thread_blocked, id=75779, stack(0x0000000288cd8000,0x0000000288edb000)]
  0x000000013c064400 JavaThread "Attach Listener" daemon [_thread_blocked, id=78859, stack(0x0000000289920000,0x0000000289b23000)]
  0x000000013d241a00 JavaThread "Prism Font Disposer" daemon [_thread_blocked, id=57867, stack(0x000000028e38c000,0x000000028e58f000)]
  0x000000013d24cc00 JavaThread "Cleaner-0" daemon [_thread_blocked, id=56587, stack(0x000000028e624000,0x000000028e827000)]
  0x000000013d29e600 JavaThread "PulseTimer-CVDisplayLink thread" daemon [_thread_in_native, id=67079, stack(0x0000000288a40000,0x0000000288ac3000)]

Other Threads:
  0x000000013c806cb0 VMThread "VM Thread" [stack: 0x000000016ea30000,0x000000016ec33000] [id=16899]
  0x000000013ca074d0 WatcherThread [stack: 0x000000028841c000,0x000000028861f000] [id=26115]
  0x000000014d005530 GCTaskThread "GC Thread#0" [stack: 0x000000016dff4000,0x000000016e1f7000] [id=19203]
  0x000000013c83bd50 GCTaskThread "GC Thread#1" [stack: 0x0000000288ee4000,0x00000002890e7000] [id=55299]
  0x000000013c83c000 GCTaskThread "GC Thread#2" [stack: 0x00000002890f0000,0x00000002892f3000] [id=75267]
  0x000000013c83c480 GCTaskThread "GC Thread#3" [stack: 0x00000002892fc000,0x00000002894ff000] [id=75011]
  0x000000013c83c900 GCTaskThread "GC Thread#4" [stack: 0x0000000289508000,0x000000028970b000] [id=74755]
  0x000000013c83cd80 GCTaskThread "GC Thread#5" [stack: 0x0000000289714000,0x0000000289917000] [id=56323]
  0x000000014d005be0 ConcurrentGCThread "G1 Main Marker" [stack: 0x000000016e200000,0x000000016e403000] [id=12035]
  0x000000013c904190 ConcurrentGCThread "G1 Conc#0" [stack: 0x000000016e40c000,0x000000016e60f000] [id=18691]
  0x000000014be059e0 ConcurrentGCThread "G1 Refine#0" [stack: 0x000000016e618000,0x000000016e81b000] [id=18435]
  0x000000013c904a00 ConcurrentGCThread "G1 Service" [stack: 0x000000016e824000,0x000000016ea27000] [id=13315]

Threads with active compile tasks:

VM state: not at safepoint (normal execution)

VM Mutex/Monitor currently owned by a thread: None

Heap address: 0x0000000780000000, size: 2048 MB, Compressed Oops mode: Zero based, Oop shift amount: 3

CDS archive(s) mapped at: [0x0000000800000000-0x0000000800bd4000-0x0000000800bd4000), size 12402688, SharedBaseAddress: 0x0000000800000000, ArchiveRelocationMode: 0.
Compressed class space mapped at: 0x0000000800c00000-0x0000000840c00000, reserved size: 1073741824
Narrow klass base: 0x0000000800000000, Narrow klass shift: 0, Narrow klass range: 0x100000000

GC Precious Log:
 CPUs: 8 total, 8 available
 Memory: 8192M
 Large Page Support: Disabled
 NUMA Support: Disabled
 Compressed Oops: Enabled (Zero based)
 Heap Region Size: 1M
 Heap Min Capacity: 8M
 Heap Initial Capacity: 128M
 Heap Max Capacity: 2G
 Pre-touch: Disabled
 Parallel Workers: 8
 Concurrent Workers: 2
 Concurrent Refinement Workers: 8
 Periodic GC: Disabled

Heap:
 garbage-first heap   total 133120K, used 27733K [0x0000000780000000, 0x0000000800000000)
  region size 1024K, 25 young (25600K), 3 survivors (3072K)
 Metaspace       used 12665K, committed 12864K, reserved 1064960K
  class space    used 1746K, committed 1856K, reserved 1048576K

Heap Regions: E=young(eden), S=young(survivor), O=old, HS=humongous(starts), HC=humongous(continues), CS=collection set, F=free, OA=open archive, CA=closed archive, TAMS=top-at-mark-start (previous, next)
|   0|0x0000000780000000, 0x000000078001d600, 0x0000000780100000| 11%| O|  |TAMS 0x0000000780000000, 0x0000000780000000| Untracked 
|   1|0x0000000780100000, 0x0000000780200000, 0x0000000780200000|100%|HS|  |TAMS 0x0000000780100000, 0x0000000780100000| Complete 
|   2|0x0000000780200000, 0x0000000780300000, 0x0000000780300000|100%|HC|  |TAMS 0x0000000780200000, 0x0000000780200000| Complete 
|   3|0x0000000780300000, 0x0000000780300000, 0x0000000780400000|  0%| F|  |TAMS 0x0000000780300000, 0x0000000780300000| Untracked 
|   4|0x0000000780400000, 0x0000000780400000, 0x0000000780500000|  0%| F|  |TAMS 0x0000000780400000, 0x0000000780400000| Untracked 
|   5|0x0000000780500000, 0x0000000780500000, 0x0000000780600000|  0%| F|  |TAMS 0x0000000780500000, 0x0000000780500000| Untracked 
|   6|0x0000000780600000, 0x0000000780600000, 0x0000000780700000|  0%| F|  |TAMS 0x0000000780600000, 0x0000000780600000| Untracked 
|   7|0x0000000780700000, 0x0000000780700000, 0x0000000780800000|  0%| F|  |TAMS 0x0000000780700000, 0x0000000780700000| Untracked 
|   8|0x0000000780800000, 0x0000000780800000, 0x0000000780900000|  0%| F|  |TAMS 0x0000000780800000, 0x0000000780800000| Untracked 
|   9|0x0000000780900000, 0x0000000780900000, 0x0000000780a00000|  0%| F|  |TAMS 0x0000000780900000, 0x0000000780900000| Untracked 
|  10|0x0000000780a00000, 0x0000000780a00000, 0x0000000780b00000|  0%| F|  |TAMS 0x0000000780a00000, 0x0000000780a00000| Untracked 
|  11|0x0000000780b00000, 0x0000000780b00000, 0x0000000780c00000|  0%| F|  |TAMS 0x0000000780b00000, 0x0000000780b00000| Untracked 
|  12|0x0000000780c00000, 0x0000000780c00000, 0x0000000780d00000|  0%| F|  |TAMS 0x0000000780c00000, 0x0000000780c00000| Untracked 
|  13|0x0000000780d00000, 0x0000000780d00000, 0x0000000780e00000|  0%| F|  |TAMS 0x0000000780d00000, 0x0000000780d00000| Untracked 
|  14|0x0000000780e00000, 0x0000000780e00000, 0x0000000780f00000|  0%| F|  |TAMS 0x0000000780e00000, 0x0000000780e00000| Untracked 
|  15|0x0000000780f00000, 0x0000000780f00000, 0x0000000781000000|  0%| F|  |TAMS 0x0000000780f00000, 0x0000000780f00000| Untracked 
|  16|0x0000000781000000, 0x0000000781000000, 0x0000000781100000|  0%| F|  |TAMS 0x0000000781000000, 0x0000000781000000| Untracked 
|  17|0x0000000781100000, 0x0000000781100000, 0x0000000781200000|  0%| F|  |TAMS 0x0000000781100000, 0x0000000781100000| Untracked 
|  18|0x0000000781200000, 0x0000000781200000, 0x0000000781300000|  0%| F|  |TAMS 0x0000000781200000, 0x0000000781200000| Untracked 
|  19|0x0000000781300000, 0x0000000781300000, 0x0000000781400000|  0%| F|  |TAMS 0x0000000781300000, 0x0000000781300000| Untracked 
|  20|0x0000000781400000, 0x0000000781400000, 0x0000000781500000|  0%| F|  |TAMS 0x0000000781400000, 0x0000000781400000| Untracked 
|  21|0x0000000781500000, 0x0000000781500000, 0x0000000781600000|  0%| F|  |TAMS 0x0000000781500000, 0x0000000781500000| Untracked 
|  22|0x0000000781600000, 0x0000000781600000, 0x0000000781700000|  0%| F|  |TAMS 0x0000000781600000, 0x0000000781600000| Untracked 
|  23|0x0000000781700000, 0x0000000781700000, 0x0000000781800000|  0%| F|  |TAMS 0x0000000781700000, 0x0000000781700000| Untracked 
|  24|0x0000000781800000, 0x0000000781800000, 0x0000000781900000|  0%| F|  |TAMS 0x0000000781800000, 0x0000000781800000| Untracked 
|  25|0x0000000781900000, 0x0000000781900000, 0x0000000781a00000|  0%| F|  |TAMS 0x0000000781900000, 0x0000000781900000| Untracked 
|  26|0x0000000781a00000, 0x0000000781a00000, 0x0000000781b00000|  0%| F|  |TAMS 0x0000000781a00000, 0x0000000781a00000| Untracked 
|  27|0x0000000781b00000, 0x0000000781b00000, 0x0000000781c00000|  0%| F|  |TAMS 0x0000000781b00000, 0x0000000781b00000| Untracked 
|  28|0x0000000781c00000, 0x0000000781c00000, 0x0000000781d00000|  0%| F|  |TAMS 0x0000000781c00000, 0x0000000781c00000| Untracked 
|  29|0x0000000781d00000, 0x0000000781d00000, 0x0000000781e00000|  0%| F|  |TAMS 0x0000000781d00000, 0x0000000781d00000| Untracked 
|  30|0x0000000781e00000, 0x0000000781e00000, 0x0000000781f00000|  0%| F|  |TAMS 0x0000000781e00000, 0x0000000781e00000| Untracked 
|  31|0x0000000781f00000, 0x0000000781f00000, 0x0000000782000000|  0%| F|  |TAMS 0x0000000781f00000, 0x0000000781f00000| Untracked 
|  32|0x0000000782000000, 0x0000000782000000, 0x0000000782100000|  0%| F|  |TAMS 0x0000000782000000, 0x0000000782000000| Untracked 
|  33|0x0000000782100000, 0x0000000782100000, 0x0000000782200000|  0%| F|  |TAMS 0x0000000782100000, 0x0000000782100000| Untracked 
|  34|0x0000000782200000, 0x0000000782200000, 0x0000000782300000|  0%| F|  |TAMS 0x0000000782200000, 0x0000000782200000| Untracked 
|  35|0x0000000782300000, 0x0000000782300000, 0x0000000782400000|  0%| F|  |TAMS 0x0000000782300000, 0x0000000782300000| Untracked 
|  36|0x0000000782400000, 0x0000000782400000, 0x0000000782500000|  0%| F|  |TAMS 0x0000000782400000, 0x0000000782400000| Untracked 
|  37|0x0000000782500000, 0x0000000782500000, 0x0000000782600000|  0%| F|  |TAMS 0x0000000782500000, 0x0000000782500000| Untracked 
|  38|0x0000000782600000, 0x0000000782600000, 0x0000000782700000|  0%| F|  |TAMS 0x0000000782600000, 0x0000000782600000| Untracked 
|  39|0x0000000782700000, 0x0000000782700000, 0x0000000782800000|  0%| F|  |TAMS 0x0000000782700000, 0x0000000782700000| Untracked 
|  40|0x0000000782800000, 0x0000000782800000, 0x0000000782900000|  0%| F|  |TAMS 0x0000000782800000, 0x0000000782800000| Untracked 
|  41|0x0000000782900000, 0x0000000782900000, 0x0000000782a00000|  0%| F|  |TAMS 0x0000000782900000, 0x0000000782900000| Untracked 
|  42|0x0000000782a00000, 0x0000000782a00000, 0x0000000782b00000|  0%| F|  |TAMS 0x0000000782a00000, 0x0000000782a00000| Untracked 
|  43|0x0000000782b00000, 0x0000000782b00000, 0x0000000782c00000|  0%| F|  |TAMS 0x0000000782b00000, 0x0000000782b00000| Untracked 
|  44|0x0000000782c00000, 0x0000000782c00000, 0x0000000782d00000|  0%| F|  |TAMS 0x0000000782c00000, 0x0000000782c00000| Untracked 
|  45|0x0000000782d00000, 0x0000000782d00000, 0x0000000782e00000|  0%| F|  |TAMS 0x0000000782d00000, 0x0000000782d00000| Untracked 
|  46|0x0000000782e00000, 0x0000000782e00000, 0x0000000782f00000|  0%| F|  |TAMS 0x0000000782e00000, 0x0000000782e00000| Untracked 
|  47|0x0000000782f00000, 0x0000000782f00000, 0x0000000783000000|  0%| F|  |TAMS 0x0000000782f00000, 0x0000000782f00000| Untracked 
|  48|0x0000000783000000, 0x0000000783000000, 0x0000000783100000|  0%| F|  |TAMS 0x0000000783000000, 0x0000000783000000| Untracked 
|  49|0x0000000783100000, 0x0000000783100000, 0x0000000783200000|  0%| F|  |TAMS 0x0000000783100000, 0x0000000783100000| Untracked 
|  50|0x0000000783200000, 0x0000000783200000, 0x0000000783300000|  0%| F|  |TAMS 0x0000000783200000, 0x0000000783200000| Untracked 
|  51|0x0000000783300000, 0x0000000783300000, 0x0000000783400000|  0%| F|  |TAMS 0x0000000783300000, 0x0000000783300000| Untracked 
|  52|0x0000000783400000, 0x0000000783400000, 0x0000000783500000|  0%| F|  |TAMS 0x0000000783400000, 0x0000000783400000| Untracked 
|  53|0x0000000783500000, 0x0000000783500000, 0x0000000783600000|  0%| F|  |TAMS 0x0000000783500000, 0x0000000783500000| Untracked 
|  54|0x0000000783600000, 0x0000000783600000, 0x0000000783700000|  0%| F|  |TAMS 0x0000000783600000, 0x0000000783600000| Untracked 
|  55|0x0000000783700000, 0x0000000783700000, 0x0000000783800000|  0%| F|  |TAMS 0x0000000783700000, 0x0000000783700000| Untracked 
|  56|0x0000000783800000, 0x0000000783800000, 0x0000000783900000|  0%| F|  |TAMS 0x0000000783800000, 0x0000000783800000| Untracked 
|  57|0x0000000783900000, 0x0000000783900000, 0x0000000783a00000|  0%| F|  |TAMS 0x0000000783900000, 0x0000000783900000| Untracked 
|  58|0x0000000783a00000, 0x0000000783a00000, 0x0000000783b00000|  0%| F|  |TAMS 0x0000000783a00000, 0x0000000783a00000| Untracked 
|  59|0x0000000783b00000, 0x0000000783b00000, 0x0000000783c00000|  0%| F|  |TAMS 0x0000000783b00000, 0x0000000783b00000| Untracked 
|  60|0x0000000783c00000, 0x0000000783c00000, 0x0000000783d00000|  0%| F|  |TAMS 0x0000000783c00000, 0x0000000783c00000| Untracked 
|  61|0x0000000783d00000, 0x0000000783d00000, 0x0000000783e00000|  0%| F|  |TAMS 0x0000000783d00000, 0x0000000783d00000| Untracked 
|  62|0x0000000783e00000, 0x0000000783e00000, 0x0000000783f00000|  0%| F|  |TAMS 0x0000000783e00000, 0x0000000783e00000| Untracked 
|  63|0x0000000783f00000, 0x0000000783f00000, 0x0000000784000000|  0%| F|  |TAMS 0x0000000783f00000, 0x0000000783f00000| Untracked 
|  64|0x0000000784000000, 0x0000000784000000, 0x0000000784100000|  0%| F|  |TAMS 0x0000000784000000, 0x0000000784000000| Untracked 
|  65|0x0000000784100000, 0x0000000784100000, 0x0000000784200000|  0%| F|  |TAMS 0x0000000784100000, 0x0000000784100000| Untracked 
|  66|0x0000000784200000, 0x0000000784200000, 0x0000000784300000|  0%| F|  |TAMS 0x0000000784200000, 0x0000000784200000| Untracked 
|  67|0x0000000784300000, 0x0000000784300000, 0x0000000784400000|  0%| F|  |TAMS 0x0000000784300000, 0x0000000784300000| Untracked 
|  68|0x0000000784400000, 0x0000000784400000, 0x0000000784500000|  0%| F|  |TAMS 0x0000000784400000, 0x0000000784400000| Untracked 
|  69|0x0000000784500000, 0x0000000784500000, 0x0000000784600000|  0%| F|  |TAMS 0x0000000784500000, 0x0000000784500000| Untracked 
|  70|0x0000000784600000, 0x0000000784600000, 0x0000000784700000|  0%| F|  |TAMS 0x0000000784600000, 0x0000000784600000| Untracked 
|  71|0x0000000784700000, 0x0000000784700000, 0x0000000784800000|  0%| F|  |TAMS 0x0000000784700000, 0x0000000784700000| Untracked 
|  72|0x0000000784800000, 0x0000000784800000, 0x0000000784900000|  0%| F|  |TAMS 0x0000000784800000, 0x0000000784800000| Untracked 
|  73|0x0000000784900000, 0x0000000784900000, 0x0000000784a00000|  0%| F|  |TAMS 0x0000000784900000, 0x0000000784900000| Untracked 
|  74|0x0000000784a00000, 0x0000000784a00000, 0x0000000784b00000|  0%| F|  |TAMS 0x0000000784a00000, 0x0000000784a00000| Untracked 
|  75|0x0000000784b00000, 0x0000000784b00000, 0x0000000784c00000|  0%| F|  |TAMS 0x0000000784b00000, 0x0000000784b00000| Untracked 
|  76|0x0000000784c00000, 0x0000000784c00000, 0x0000000784d00000|  0%| F|  |TAMS 0x0000000784c00000, 0x0000000784c00000| Untracked 
|  77|0x0000000784d00000, 0x0000000784d00000, 0x0000000784e00000|  0%| F|  |TAMS 0x0000000784d00000, 0x0000000784d00000| Untracked 
|  78|0x0000000784e00000, 0x0000000784e00000, 0x0000000784f00000|  0%| F|  |TAMS 0x0000000784e00000, 0x0000000784e00000| Untracked 
|  79|0x0000000784f00000, 0x0000000784f00000, 0x0000000785000000|  0%| F|  |TAMS 0x0000000784f00000, 0x0000000784f00000| Untracked 
|  80|0x0000000785000000, 0x0000000785000000, 0x0000000785100000|  0%| F|  |TAMS 0x0000000785000000, 0x0000000785000000| Untracked 
|  81|0x0000000785100000, 0x0000000785100000, 0x0000000785200000|  0%| F|  |TAMS 0x0000000785100000, 0x0000000785100000| Untracked 
|  82|0x0000000785200000, 0x0000000785200000, 0x0000000785300000|  0%| F|  |TAMS 0x0000000785200000, 0x0000000785200000| Untracked 
|  83|0x0000000785300000, 0x0000000785300000, 0x0000000785400000|  0%| F|  |TAMS 0x0000000785300000, 0x0000000785300000| Untracked 
|  84|0x0000000785400000, 0x0000000785400000, 0x0000000785500000|  0%| F|  |TAMS 0x0000000785400000, 0x0000000785400000| Untracked 
|  85|0x0000000785500000, 0x0000000785500000, 0x0000000785600000|  0%| F|  |TAMS 0x0000000785500000, 0x0000000785500000| Untracked 
|  86|0x0000000785600000, 0x0000000785600000, 0x0000000785700000|  0%| F|  |TAMS 0x0000000785600000, 0x0000000785600000| Untracked 
|  87|0x0000000785700000, 0x0000000785700000, 0x0000000785800000|  0%| F|  |TAMS 0x0000000785700000, 0x0000000785700000| Untracked 
|  88|0x0000000785800000, 0x0000000785800000, 0x0000000785900000|  0%| F|  |TAMS 0x0000000785800000, 0x0000000785800000| Untracked 
|  89|0x0000000785900000, 0x0000000785900000, 0x0000000785a00000|  0%| F|  |TAMS 0x0000000785900000, 0x0000000785900000| Untracked 
|  90|0x0000000785a00000, 0x0000000785a00000, 0x0000000785b00000|  0%| F|  |TAMS 0x0000000785a00000, 0x0000000785a00000| Untracked 
|  91|0x0000000785b00000, 0x0000000785b00000, 0x0000000785c00000|  0%| F|  |TAMS 0x0000000785b00000, 0x0000000785b00000| Untracked 
|  92|0x0000000785c00000, 0x0000000785c00000, 0x0000000785d00000|  0%| F|  |TAMS 0x0000000785c00000, 0x0000000785c00000| Untracked 
|  93|0x0000000785d00000, 0x0000000785d00000, 0x0000000785e00000|  0%| F|  |TAMS 0x0000000785d00000, 0x0000000785d00000| Untracked 
|  94|0x0000000785e00000, 0x0000000785e00000, 0x0000000785f00000|  0%| F|  |TAMS 0x0000000785e00000, 0x0000000785e00000| Untracked 
|  95|0x0000000785f00000, 0x0000000785f00000, 0x0000000786000000|  0%| F|  |TAMS 0x0000000785f00000, 0x0000000785f00000| Untracked 
|  96|0x0000000786000000, 0x0000000786000000, 0x0000000786100000|  0%| F|  |TAMS 0x0000000786000000, 0x0000000786000000| Untracked 
|  97|0x0000000786100000, 0x0000000786100000, 0x0000000786200000|  0%| F|  |TAMS 0x0000000786100000, 0x0000000786100000| Untracked 
|  98|0x0000000786200000, 0x0000000786200000, 0x0000000786300000|  0%| F|  |TAMS 0x0000000786200000, 0x0000000786200000| Untracked 
|  99|0x0000000786300000, 0x0000000786300000, 0x0000000786400000|  0%| F|  |TAMS 0x0000000786300000, 0x0000000786300000| Untracked 
| 100|0x0000000786400000, 0x0000000786400000, 0x0000000786500000|  0%| F|  |TAMS 0x0000000786400000, 0x0000000786400000| Untracked 
| 101|0x0000000786500000, 0x0000000786500000, 0x0000000786600000|  0%| F|  |TAMS 0x0000000786500000, 0x0000000786500000| Untracked 
| 102|0x0000000786600000, 0x0000000786700000, 0x0000000786700000|100%| S|CS|TAMS 0x0000000786600000, 0x0000000786600000| Complete 
| 103|0x0000000786700000, 0x0000000786800000, 0x0000000786800000|100%| S|CS|TAMS 0x0000000786700000, 0x0000000786700000| Complete 
| 104|0x0000000786800000, 0x0000000786900000, 0x0000000786900000|100%| S|CS|TAMS 0x0000000786800000, 0x0000000786800000| Complete 
| 105|0x0000000786900000, 0x0000000786900000, 0x0000000786a00000|  0%| F|  |TAMS 0x0000000786900000, 0x0000000786900000| Untracked 
| 106|0x0000000786a00000, 0x0000000786aaa048, 0x0000000786b00000| 66%| E|  |TAMS 0x0000000786a00000, 0x0000000786a00000| Complete 
| 107|0x0000000786b00000, 0x0000000786c00000, 0x0000000786c00000|100%| E|CS|TAMS 0x0000000786b00000, 0x0000000786b00000| Complete 
| 108|0x0000000786c00000, 0x0000000786d00000, 0x0000000786d00000|100%| E|CS|TAMS 0x0000000786c00000, 0x0000000786c00000| Complete 
| 109|0x0000000786d00000, 0x0000000786e00000, 0x0000000786e00000|100%| E|CS|TAMS 0x0000000786d00000, 0x0000000786d00000| Complete 
| 110|0x0000000786e00000, 0x0000000786f00000, 0x0000000786f00000|100%| E|CS|TAMS 0x0000000786e00000, 0x0000000786e00000| Complete 
| 111|0x0000000786f00000, 0x0000000787000000, 0x0000000787000000|100%| E|CS|TAMS 0x0000000786f00000, 0x0000000786f00000| Complete 
| 112|0x0000000787000000, 0x0000000787100000, 0x0000000787100000|100%| E|CS|TAMS 0x0000000787000000, 0x0000000787000000| Complete 
| 113|0x0000000787100000, 0x0000000787200000, 0x0000000787200000|100%| E|CS|TAMS 0x0000000787100000, 0x0000000787100000| Complete 
| 114|0x0000000787200000, 0x0000000787300000, 0x0000000787300000|100%| E|CS|TAMS 0x0000000787200000, 0x0000000787200000| Complete 
| 115|0x0000000787300000, 0x0000000787400000, 0x0000000787400000|100%| E|CS|TAMS 0x0000000787300000, 0x0000000787300000| Complete 
| 116|0x0000000787400000, 0x0000000787500000, 0x0000000787500000|100%| E|CS|TAMS 0x0000000787400000, 0x0000000787400000| Complete 
| 117|0x0000000787500000, 0x0000000787600000, 0x0000000787600000|100%| E|CS|TAMS 0x0000000787500000, 0x0000000787500000| Complete 
| 118|0x0000000787600000, 0x0000000787700000, 0x0000000787700000|100%| E|CS|TAMS 0x0000000787600000, 0x0000000787600000| Complete 
| 119|0x0000000787700000, 0x0000000787800000, 0x0000000787800000|100%| E|CS|TAMS 0x0000000787700000, 0x0000000787700000| Complete 
| 120|0x0000000787800000, 0x0000000787900000, 0x0000000787900000|100%| E|CS|TAMS 0x0000000787800000, 0x0000000787800000| Complete 
| 121|0x0000000787900000, 0x0000000787a00000, 0x0000000787a00000|100%| E|CS|TAMS 0x0000000787900000, 0x0000000787900000| Complete 
| 122|0x0000000787a00000, 0x0000000787b00000, 0x0000000787b00000|100%| E|CS|TAMS 0x0000000787a00000, 0x0000000787a00000| Complete 
| 123|0x0000000787b00000, 0x0000000787c00000, 0x0000000787c00000|100%| E|CS|TAMS 0x0000000787b00000, 0x0000000787b00000| Complete 
| 124|0x0000000787c00000, 0x0000000787d00000, 0x0000000787d00000|100%| E|CS|TAMS 0x0000000787c00000, 0x0000000787c00000| Complete 
| 125|0x0000000787d00000, 0x0000000787e00000, 0x0000000787e00000|100%| E|CS|TAMS 0x0000000787d00000, 0x0000000787d00000| Complete 
| 126|0x0000000787e00000, 0x0000000787f00000, 0x0000000787f00000|100%| E|CS|TAMS 0x0000000787e00000, 0x0000000787e00000| Complete 
| 127|0x0000000787f00000, 0x0000000788000000, 0x0000000788000000|100%| E|CS|TAMS 0x0000000787f00000, 0x0000000787f00000| Complete 
|2046|0x00000007ffe00000, 0x00000007ffe78000, 0x00000007fff00000| 46%|OA|  |TAMS 0x00000007ffe00000, 0x00000007ffe00000| Untracked 
|2047|0x00000007fff00000, 0x00000007fff80000, 0x0000000800000000| 50%|CA|  |TAMS 0x00000007fff00000, 0x00000007fff00000| Untracked 

Card table byte_map: [0x00000001029fc000,0x0000000102dfc000] _byte_map_base: 0x00000000fedfc000

Marking Bits (Prev, Next): (CMBitMap*) 0x000000012c01ae10, (CMBitMap*) 0x000000012c01ae50
 Prev Bits: [0x000000011ae84000, 0x000000011ce84000)
 Next Bits: [0x000000011ce84000, 0x000000011ee84000)

Polling page: 0x0000000102228000

Metaspace:

Usage:
  Non-class:     10.66 MB used.
      Class:      1.71 MB used.
       Both:     12.37 MB used.

Virtual space:
  Non-class space:       16.00 MB reserved,      10.75 MB ( 67%) committed,  2 nodes.
      Class space:        1.00 GB reserved,       1.81 MB ( <1%) committed,  1 nodes.
             Both:        1.02 GB reserved,      12.56 MB (  1%) committed. 

Chunk freelists:
   Non-Class:  1.08 MB
       Class:  2.15 MB
        Both:  3.23 MB

MaxMetaspaceSize: unlimited
CompressedClassSpaceSize: 1.00 GB
Initial GC threshold: 21.00 MB
Current GC threshold: 21.00 MB
CDS: on
MetaspaceReclaimPolicy: balanced
 - commit_granule_bytes: 65536.
 - commit_granule_words: 8192.
 - virtual_space_node_default_size: 1048576.
 - enlarge_chunks_in_place: 1.
 - new_chunks_are_fully_committed: 0.
 - uncommit_free_chunks: 1.
 - use_allocation_guard: 0.
 - handle_deallocations: 1.


Internal statistics:

num_allocs_failed_limit: 0.
num_arena_births: 186.
num_arena_deaths: 0.
num_vsnodes_births: 3.
num_vsnodes_deaths: 0.
num_space_committed: 201.
num_space_uncommitted: 0.
num_chunks_returned_to_freelist: 0.
num_chunks_taken_from_freelist: 561.
num_chunk_merges: 0.
num_chunk_splits: 388.
num_chunks_enlarged: 300.
num_purges: 0.
num_inconsistent_stats: 0.

CodeHeap 'non-profiled nmethods': size=120032Kb used=466Kb max_used=466Kb free=119566Kb
 bounds [0x000000011394c000, 0x0000000113bbc000, 0x000000011ae84000]
CodeHeap 'profiled nmethods': size=120016Kb used=2747Kb max_used=2747Kb free=117268Kb
 bounds [0x000000010c418000, 0x000000010c6c8000, 0x000000011394c000]
CodeHeap 'non-nmethods': size=5712Kb used=1358Kb max_used=1389Kb free=4353Kb
 bounds [0x000000010be84000, 0x000000010c0f4000, 0x000000010c418000]
 total_blobs=2189 nmethods=1447 adapters=659
 compilation: enabled
              stopped_count=0, restarted_count=0
 full_count=0

Compilation events (20 events):
Event: 3.768 Thread 0x000000012102c000 1490       3       com.sun.marlin.Helpers::outcode (70 bytes)
Event: 3.768 Thread 0x000000012102c000 nmethod 1490 0x000000010c6c4a10 code [0x000000010c6c4bc0, 0x000000010c6c4ee8]
Event: 3.768 Thread 0x000000012102c000 1491       3       com.sun.marlin.Renderer::tosubpixx (6 bytes)
Event: 3.768 Thread 0x000000012102c000 nmethod 1491 0x000000010c6c5010 code [0x000000010c6c5200, 0x000000010c6c5328]
Event: 3.768 Thread 0x000000012102ba00 1492 %     4       com.sun.marlin.MaskMarlinAlphaConsumer::setAndClearRelativeAlphas @ 391 (641 bytes)
Event: 3.770 Thread 0x000000012102c000 1493       1       javafx.scene.layout.CornerRadii::getTopLeftHorizontalRadius (5 bytes)
Event: 3.770 Thread 0x000000012102c000 nmethod 1493 0x00000001139bea10 code [0x00000001139beb80, 0x00000001139bec68]
Event: 3.771 Thread 0x000000012102c000 1494       1       com.sun.prism.es2.ES2Context::getGLContext (5 bytes)
Event: 3.771 Thread 0x000000012102c000 nmethod 1494 0x00000001139bed10 code [0x00000001139bee80, 0x00000001139bef68]
Event: 3.771 Thread 0x000000012102c000 1495       1       com.sun.prism.impl.BaseTexture::getContentWidth (5 bytes)
Event: 3.771 Thread 0x000000012102c000 nmethod 1495 0x00000001139bf010 code [0x00000001139bf180, 0x00000001139bf268]
Event: 3.771 Thread 0x000000012102c000 1496       1       com.sun.prism.es2.GLContext::getActiveTextureUnit (5 bytes)
Event: 3.771 Thread 0x000000012102c000 nmethod 1496 0x00000001139bf310 code [0x00000001139bf480, 0x00000001139bf568]
Event: 3.776 Thread 0x000000012102ba00 nmethod 1492% 0x00000001139bf610 code [0x00000001139bf840, 0x00000001139c00c0]
Event: 3.782 Thread 0x000000012102c000 1497       3       java.lang.StrictMath::floorOrCeil (128 bytes)
Event: 3.782 Thread 0x000000012102c000 nmethod 1497 0x000000010c6c5410 code [0x000000010c6c5600, 0x000000010c6c5a28]
Event: 3.782 Thread 0x000000012102c000 1498       3       java.lang.Math::getExponent (17 bytes)
Event: 3.782 Thread 0x000000012102c000 nmethod 1498 0x000000010c6c5b10 code [0x000000010c6c5cc0, 0x000000010c6c5de8]
Event: 3.832 Thread 0x000000012102c000 1499       3       java.util.WeakHashMap$HashIterator::hasNext (95 bytes)
Event: 3.833 Thread 0x000000012102c000 nmethod 1499 0x000000010c6c5e90 code [0x000000010c6c6080, 0x000000010c6c6668]

GC Heap History (2 events):
Event: 0.874 GC heap before
{Heap before GC invocations=0 (full 0):
 garbage-first heap   total 133120K, used 23520K [0x0000000780000000, 0x0000000800000000)
  region size 1024K, 23 young (23552K), 0 survivors (0K)
 Metaspace       used 7377K, committed 7488K, reserved 1056768K
  class space    used 963K, committed 1024K, reserved 1048576K
}
Event: 0.877 GC heap after
{Heap after GC invocations=1 (full 0):
 garbage-first heap   total 133120K, used 4181K [0x0000000780000000, 0x0000000800000000)
  region size 1024K, 3 young (3072K), 3 survivors (3072K)
 Metaspace       used 7377K, committed 7488K, reserved 1056768K
  class space    used 963K, committed 1024K, reserved 1048576K
}

Deoptimization events (20 events):
Event: 1.218 Thread 0x000000013d171c00 Uncommon trap: trap_request=0xffffff45 fr.pc=0x000000011395c150 relative=0x0000000000000190
Event: 1.218 Thread 0x000000013d171c00 Uncommon trap: reason=unstable_if action=reinterpret pc=0x000000011395c150 method=java.lang.String.isLatin1()Z @ 10 c2
Event: 1.218 Thread 0x000000013d171c00 DEOPT PACKING pc=0x000000011395c150 sp=0x000000016dd55e00
Event: 1.218 Thread 0x000000013d171c00 DEOPT UNPACKING pc=0x000000010bec2d1c sp=0x000000016dd55d30 mode 2
Event: 1.228 Thread 0x000000013d171c00 Uncommon trap: trap_request=0xffffffde fr.pc=0x0000000113964d18 relative=0x0000000000000158
Event: 1.228 Thread 0x000000013d171c00 Uncommon trap: reason=class_check action=maybe_recompile pc=0x0000000113964d18 method=java.lang.String.equals(Ljava/lang/Object;)Z @ 8 c2
Event: 1.228 Thread 0x000000013d171c00 DEOPT PACKING pc=0x0000000113964d18 sp=0x000000016dd56070
Event: 1.228 Thread 0x000000013d171c00 DEOPT UNPACKING pc=0x000000010bec2d1c sp=0x000000016dd56010 mode 2
Event: 1.244 Thread 0x000000013d171c00 Uncommon trap: trap_request=0xffffff45 fr.pc=0x00000001139961dc relative=0x000000000000019c
Event: 1.244 Thread 0x000000013d171c00 Uncommon trap: reason=unstable_if action=reinterpret pc=0x00000001139961dc method=java.io.ByteArrayInputStream.read()I @ 8 c2
Event: 1.244 Thread 0x000000013d171c00 DEOPT PACKING pc=0x00000001139961dc sp=0x000000016dd55440
Event: 1.244 Thread 0x000000013d171c00 DEOPT UNPACKING pc=0x000000010bec2d1c sp=0x000000016dd553c0 mode 2
Event: 1.296 Thread 0x000000013c017800 DEOPT PACKING pc=0x000000010c58d214 sp=0x00000002888280c0
Event: 1.296 Thread 0x000000013c017800 DEOPT UNPACKING pc=0x000000010bec2b7c sp=0x0000000288827d90 mode 3
Event: 1.296 Thread 0x000000013c017800 DEOPT PACKING pc=0x000000010c58ea60 sp=0x0000000288828120
Event: 1.296 Thread 0x000000013c017800 DEOPT UNPACKING pc=0x000000010bec2b7c sp=0x0000000288827df0 mode 3
Event: 3.694 Thread 0x000000013c017800 DEOPT PACKING pc=0x000000010c695974 sp=0x00000002888294c0
Event: 3.694 Thread 0x000000013c017800 DEOPT UNPACKING pc=0x000000010bec2b7c sp=0x0000000288829120 mode 0
Event: 3.770 Thread 0x000000013c017800 DEOPT PACKING pc=0x000000010c69594c sp=0x00000002888294c0
Event: 3.770 Thread 0x000000013c017800 DEOPT UNPACKING pc=0x000000010bec2b7c sp=0x0000000288829120 mode 0

Classes unloaded (0 events):
No events

Classes redefined (0 events):
No events

Internal exceptions (20 events):
Event: 0.801 Thread 0x000000013d171c00 Exception <a 'java/lang/NoSuchMethodError'{0x00000007872a07c0}: 'void java.lang.invoke.DirectMethodHandle$Holder.invokeStaticInit(java.lang.Object)'> (0x00000007872a07c0) 
thrown [src/hotspot/share/interpreter/linkResolver.cpp, line 766]
Event: 0.803 Thread 0x000000013d808a00 Exception <a 'java/lang/NoSuchMethodError'{0x0000000787549a18}: 'java.lang.Object java.lang.invoke.DirectMethodHandle$Holder.newInvokeSpecial(java.lang.Object, java.lang.Object, java.lang.Object, java.lang.Object, java.lang.Object, java.lang.Object)'> (0x0000000787549a18) 
thrown [src/hotspot/share/interpreter/linkResolver.cpp, line 766]
Event: 0.812 Thread 0x000000013d808a00 Exception <a 'java/lang/NoSuchMethodError'{0x00000007871791a8}: 'java.lang.Object java.lang.invoke.DirectMethodHandle$Holder.newInvokeSpecial(java.lang.Object, java.lang.Object, java.lang.Object, java.lang.Object, java.lang.Object)'> (0x00000007871791a8) 
thrown [src/hotspot/share/interpreter/linkResolver.cpp, line 766]
Event: 0.836 Thread 0x000000013d171c00 Exception <a 'sun/nio/fs/UnixException'{0x0000000786ee96b8}> (0x0000000786ee96b8) 
thrown [src/hotspot/share/prims/jni.cpp, line 516]
Event: 0.857 Thread 0x000000013d171c00 Exception <a 'java/lang/NoSuchMethodError'{0x0000000786b611b8}: 'java.lang.Object java.lang.invoke.DirectMethodHandle$Holder.invokeStaticInit(java.lang.Object, java.lang.Object, java.lang.Object, java.lang.Object)'> (0x0000000786b611b8) 
thrown [src/hotspot/share/interpreter/linkResolver.cpp, line 766]
Event: 0.857 Thread 0x000000013d171c00 Exception <a 'java/lang/NullPointerException'{0x0000000786b6cec0}> (0x0000000786b6cec0) 
thrown [src/hotspot/share/interpreter/linkResolver.cpp, line 1357]
Event: 0.866 Thread 0x000000013d171c00 Exception <a 'java/lang/NoSuchMethodError'{0x0000000786af7a98}: 'java.lang.Object java.lang.invoke.DirectMethodHandle$Holder.invokeSpecial(java.lang.Object, java.lang.Object, java.lang.Object, int, java.lang.Object)'> (0x0000000786af7a98) 
thrown [src/hotspot/share/interpreter/linkResolver.cpp, line 766]
Event: 1.066 Thread 0x000000013d171c00 Exception <a 'java/lang/NoSuchMethodError'{0x0000000787aeead0}: 'void java.lang.invoke.DirectMethodHandle$Holder.invokeStaticInit(java.lang.Object, java.lang.Object)'> (0x0000000787aeead0) 
thrown [src/hotspot/share/interpreter/linkResolver.cpp, line 766]
Event: 1.079 Thread 0x000000013d171c00 Exception <a 'sun/nio/fs/UnixException'{0x000000078783a5f8}> (0x000000078783a5f8) 
thrown [src/hotspot/share/prims/jni.cpp, line 516]
Event: 1.084 Thread 0x000000013d171c00 Implicit null exception at 0x0000000113988ff8 to 0x0000000113989088
Event: 1.089 Thread 0x000000013d171c00 Implicit null exception at 0x00000001139952d4 to 0x00000001139955e4
Event: 1.130 Thread 0x000000013d171c00 Implicit null exception at 0x00000001139914d4 to 0x00000001139917a8
Event: 1.225 Thread 0x000000013d171c00 Exception <a 'java/lang/NoSuchMethodError'{0x00000007872c1548}: 'java.lang.Object java.lang.invoke.DirectMethodHandle$Holder.invokeInterface(java.lang.Object, java.lang.Object, java.lang.Object)'> (0x00000007872c1548) 
thrown [src/hotspot/share/interpreter/linkResolver.cpp, line 766]
Event: 1.225 Thread 0x000000013d171c00 Exception <a 'java/lang/IncompatibleClassChangeError'{0x00000007872c4ed0}: Found class java.lang.Object, but interface was expected> (0x00000007872c4ed0) 
thrown [src/hotspot/share/interpreter/linkResolver.cpp, line 833]
Event: 1.253 Thread 0x000000013d171c00 Exception <a 'java/lang/NoSuchMethodError'{0x00000007870abf28}: 'java.lang.Object java.lang.invoke.DirectMethodHandle$Holder.newInvokeSpecial(java.lang.Object, java.lang.Object, int)'> (0x00000007870abf28) 
thrown [src/hotspot/share/interpreter/linkResolver.cpp, line 766]
Event: 1.300 Thread 0x000000013c017800 Exception <a 'java/lang/NoSuchMethodError'{0x0000000786fcd7d0}: 'int java.lang.invoke.DirectMethodHandle$Holder.invokeStaticInit(java.lang.Object, java.lang.Object)'> (0x0000000786fcd7d0) 
thrown [src/hotspot/share/interpreter/linkResolver.cpp, line 766]
Event: 3.684 Thread 0x000000013d171c00 Exception <a 'java/lang/NoSuchMethodError'{0x0000000786a29828}: 'long java.lang.invoke.DirectMethodHandle$Holder.invokeStatic(java.lang.Object, java.lang.Object, java.lang.Object)'> (0x0000000786a29828) 
thrown [src/hotspot/share/interpreter/linkResolver.cpp, line 766]
Event: 3.684 Thread 0x000000013d171c00 Exception <a 'java/lang/NoSuchMethodError'{0x0000000786a2cfd0}: 'long java.lang.invoke.DirectMethodHandle$Holder.invokeStaticInit(java.lang.Object, java.lang.Object, java.lang.Object)'> (0x0000000786a2cfd0) 
thrown [src/hotspot/share/interpreter/linkResolver.cpp, line 766]
Event: 3.686 Thread 0x000000013d171c00 Exception <a 'java/lang/NoSuchMethodError'{0x0000000786a44bd8}: 'java.lang.Object java.lang.invoke.DirectMethodHandle$Holder.newInvokeSpecial(java.lang.Object, java.lang.Object, long)'> (0x0000000786a44bd8) 
thrown [src/hotspot/share/interpreter/linkResolver.cpp, line 766]
Event: 3.687 Thread 0x000000013d171c00 Exception <a 'java/lang/NoSuchMethodError'{0x0000000786a484a0}: 'java.lang.Object java.lang.invoke.Invokers$Holder.linkToTargetMethod(java.lang.Object, long, java.lang.Object)'> (0x0000000786a484a0) 
thrown [src/hotspot/share/interpreter/linkResolver.cpp, line 766]

VM Operations (20 events):
Event: 0.088 Executing VM operation: HandshakeAllThreads
Event: 0.088 Executing VM operation: HandshakeAllThreads done
Event: 0.104 Executing VM operation: HandshakeAllThreads
Event: 0.104 Executing VM operation: HandshakeAllThreads done
Event: 0.586 Executing VM operation: ICBufferFull
Event: 0.586 Executing VM operation: ICBufferFull done
Event: 0.870 Executing VM operation: HandshakeAllThreads
Event: 0.870 Executing VM operation: HandshakeAllThreads done
Event: 0.874 Executing VM operation: G1CollectForAllocation
Event: 0.877 Executing VM operation: G1CollectForAllocation done
Event: 1.036 Executing VM operation: HandshakeAllThreads
Event: 1.036 Executing VM operation: HandshakeAllThreads done
Event: 1.132 Executing VM operation: ICBufferFull
Event: 1.132 Executing VM operation: ICBufferFull done
Event: 1.217 Executing VM operation: HandshakeAllThreads
Event: 1.217 Executing VM operation: HandshakeAllThreads done
Event: 2.218 Executing VM operation: Cleanup
Event: 2.218 Executing VM operation: Cleanup done
Event: 3.223 Executing VM operation: Cleanup
Event: 3.224 Executing VM operation: Cleanup done

Events (20 events):
Event: 1.327 loading class java/nio/DirectShortBufferU
Event: 1.327 loading class java/nio/ShortBuffer
Event: 1.327 loading class java/nio/ShortBuffer done
Event: 1.327 loading class java/nio/DirectShortBufferU done
Event: 1.337 loading class java/nio/FloatBuffer
Event: 1.337 loading class java/nio/FloatBuffer done
Event: 1.337 loading class java/nio/DoubleBuffer
Event: 1.337 loading class java/nio/DoubleBuffer done
Event: 1.337 loading class java/nio/DirectFloatBufferU
Event: 1.337 loading class java/nio/DirectFloatBufferU done
Event: 1.343 loading class jdk/internal/misc/ScopedMemoryAccess$Scope
Event: 1.343 loading class jdk/internal/misc/ScopedMemoryAccess$Scope done
Event: 1.581 Protecting memory [0x0000000288a40000,0x0000000288a4c000] with protection modes 3
Event: 1.581 Thread 0x000000014c887600 Thread exited: 0x000000014c887600
Event: 2.764 Protecting memory [0x0000000288a40000,0x0000000288a4c000] with protection modes 0
Event: 2.764 Thread 0x0000000121029400 Thread added: 0x0000000121029400
Event: 3.048 Protecting memory [0x0000000288a40000,0x0000000288a4c000] with protection modes 3
Event: 3.048 Thread 0x0000000121029400 Thread exited: 0x0000000121029400
Event: 3.682 Protecting memory [0x0000000288a40000,0x0000000288a4c000] with protection modes 0
Event: 3.682 Thread 0x000000013d29e600 Thread added: 0x000000013d29e600


Dynamic libraries:
0x00000001021d8000 	/Users/simonluo/Library/Java/JavaVirtualMachines/corretto-17.0.2/Contents/Home/lib/libjli.dylib
0x00000001c1288000 	/usr/lib/libz.1.dylib
0x00000001c133f000 	/usr/lib/libSystem.B.dylib
0x00000001c1339000 	/usr/lib/system/libcache.dylib
0x00000001c12f7000 	/usr/lib/system/libcommonCrypto.dylib
0x00000001c1320000 	/usr/lib/system/libcompiler_rt.dylib
0x00000001c1317000 	/usr/lib/system/libcopyfile.dylib
0x00000001b657f000 	/usr/lib/system/libcorecrypto.dylib
0x00000001b6632000 	/usr/lib/system/libdispatch.dylib
0x00000001b6800000 	/usr/lib/system/libdyld.dylib
0x00000001c132f000 	/usr/lib/system/libkeymgr.dylib
0x00000001c12d2000 	/usr/lib/system/libmacho.dylib
0x00000001c09c7000 	/usr/lib/system/libquarantine.dylib
0x00000001c132c000 	/usr/lib/system/libremovefile.dylib
0x00000001bb968000 	/usr/lib/system/libsystem_asl.dylib
0x00000001b6521000 	/usr/lib/system/libsystem_blocks.dylib
0x00000001b66ba000 	/usr/lib/system/libsystem_c.dylib
0x00000001c1324000 	/usr/lib/system/libsystem_collections.dylib
0x00000001bfe55000 	/usr/lib/system/libsystem_configuration.dylib
0x00000001bf0b1000 	/usr/lib/system/libsystem_containermanager.dylib
0x00000001c1034000 	/usr/lib/system/libsystem_coreservices.dylib
0x00000001b8f28000 	/usr/lib/system/libsystem_darwin.dylib
0x00000001c1330000 	/usr/lib/system/libsystem_dnssd.dylib
0x00000001b66b7000 	/usr/lib/system/libsystem_featureflags.dylib
0x00000001b6815000 	/usr/lib/system/libsystem_info.dylib
0x00000001c129a000 	/usr/lib/system/libsystem_m.dylib
0x00000001b6607000 	/usr/lib/system/libsystem_malloc.dylib
0x00000001bb8f7000 	/usr/lib/system/libsystem_networkextension.dylib
0x00000001b9381000 	/usr/lib/system/libsystem_notify.dylib
0x00000001c767d000 	/usr/lib/system/libsystem_product_info_filter.dylib
0x00000001bfe5a000 	/usr/lib/system/libsystem_sandbox.dylib
0x00000001c1329000 	/usr/lib/system/libsystem_secinit.dylib
0x00000001b67bb000 	/usr/lib/system/libsystem_kernel.dylib
0x00000001b680d000 	/usr/lib/system/libsystem_platform.dylib
0x00000001b67f3000 	/usr/lib/system/libsystem_pthread.dylib
0x00000001bd0c0000 	/usr/lib/system/libsystem_symptoms.dylib
0x00000001b6565000 	/usr/lib/system/libsystem_trace.dylib
0x00000001c1304000 	/usr/lib/system/libunwind.dylib
0x00000001b6523000 	/usr/lib/system/libxpc.dylib
0x00000001b67a3000 	/usr/lib/libc++abi.dylib
0x00000001b6679000 	/usr/lib/libobjc.A.dylib
0x00000001c130f000 	/usr/lib/liboah.dylib
0x00000001b673c000 	/usr/lib/libc++.1.dylib
0x00000001cd196000 	/System/Library/Frameworks/Cocoa.framework/Versions/A/Cocoa
0x00000001b93e2000 	/System/Library/Frameworks/AppKit.framework/Versions/C/AppKit
0x00000001bc8e8000 	/System/Library/Frameworks/CoreData.framework/Versions/A/CoreData
0x00000001b773d000 	/System/Library/Frameworks/Foundation.framework/Versions/C/Foundation
0x00000001ba29a000 	/System/Library/PrivateFrameworks/UIFoundation.framework/Versions/A/UIFoundation
0x00000001c7377000 	/System/Library/PrivateFrameworks/RemoteViewServices.framework/Versions/A/RemoteViewServices
0x00000001bf7fd000 	/System/Library/PrivateFrameworks/XCTTargetBootstrap.framework/Versions/A/XCTTargetBootstrap
0x00000001c307b000 	/System/Library/PrivateFrameworks/InternationalSupport.framework/Versions/A/InternationalSupport
0x00000001c3104000 	/System/Library/PrivateFrameworks/UserActivity.framework/Versions/A/UserActivity
0x00000001c2576000 	/usr/lib/libspindump.dylib
0x00000001ba50b000 	/System/Library/Frameworks/UniformTypeIdentifiers.framework/Versions/A/UniformTypeIdentifiers
0x00000001bdd48000 	/usr/lib/libapp_launch_measurement.dylib
0x00000001bd272000 	/System/Library/PrivateFrameworks/CoreAnalytics.framework/Versions/A/CoreAnalytics
0x00000001bdd4b000 	/System/Library/PrivateFrameworks/CoreAutoLayout.framework/Versions/A/CoreAutoLayout
0x00000001bf0ee000 	/System/Library/Frameworks/Metal.framework/Versions/A/Metal
0x00000001bfe65000 	/usr/lib/liblangid.dylib
0x00000001bf802000 	/System/Library/PrivateFrameworks/CoreSVG.framework/Versions/A/CoreSVG
0x00000001bb99c000 	/System/Library/PrivateFrameworks/SkyLight.framework/Versions/A/SkyLight
0x00000001bbd71000 	/System/Library/Frameworks/CoreGraphics.framework/Versions/A/CoreGraphics
0x00000001c7a43000 	/System/Library/Frameworks/Accelerate.framework/Versions/A/Accelerate
0x00000001c1fed000 	/System/Library/PrivateFrameworks/IconServices.framework/Versions/A/IconServices
0x00000001bf0d0000 	/System/Library/Frameworks/IOSurface.framework/Versions/A/IOSurface
0x00000001bd2a3000 	/usr/lib/libDiagnosticMessagesClient.dylib
0x00000001caf44000 	/System/Library/Frameworks/ApplicationServices.framework/Versions/A/ApplicationServices
0x00000001bf7e5000 	/System/Library/PrivateFrameworks/DFRFoundation.framework/Versions/A/DFRFoundation
0x00000001b8c72000 	/usr/lib/libicucore.A.dylib
0x00000001c3f27000 	/System/Library/Frameworks/AudioToolbox.framework/Versions/A/AudioToolbox
0x00000001c3087000 	/System/Library/PrivateFrameworks/DataDetectorsCore.framework/Versions/A/DataDetectorsCore
0x00000001d99c7000 	/System/Library/PrivateFrameworks/TextInput.framework/Versions/A/TextInput
0x00000001bb911000 	/usr/lib/libMobileGestalt.dylib
0x00000001bf4b1000 	/System/Library/Frameworks/Carbon.framework/Versions/A/Frameworks/HIToolbox.framework/Versions/A/HIToolbox
0x00000001bd724000 	/System/Library/Frameworks/QuartzCore.framework/Versions/A/QuartzCore
0x00000001b88f5000 	/System/Library/Frameworks/Security.framework/Versions/A/Security
0x00000001c73b7000 	/System/Library/Frameworks/Carbon.framework/Versions/A/Frameworks/SpeechRecognition.framework/Versions/A/SpeechRecognition
0x00000001bda9e000 	/System/Library/PrivateFrameworks/CoreUI.framework/Versions/A/CoreUI
0x00000001b81d2000 	/System/Library/Frameworks/CoreAudio.framework/Versions/A/CoreAudio
0x00000001bd398000 	/System/Library/Frameworks/DiskArbitration.framework/Versions/A/DiskArbitration
0x00000001c2980000 	/System/Library/PrivateFrameworks/MultitouchSupport.framework/Versions/A/MultitouchSupport
0x00000001bb90f000 	/usr/lib/libenergytrace.dylib
0x00000001b92aa000 	/System/Library/Frameworks/IOKit.framework/Versions/A/IOKit
0x00000001c77a6000 	/System/Library/Frameworks/CoreServices.framework/Versions/A/CoreServices
0x00000001bdcd8000 	/System/Library/PrivateFrameworks/PerformanceAnalysis.framework/Versions/A/PerformanceAnalysis
0x0000000217caf000 	/System/Library/Frameworks/OpenGL.framework/Versions/A/OpenGL
0x00000001c08df000 	/System/Library/PrivateFrameworks/MobileKeyBag.framework/Versions/A/MobileKeyBag
0x00000001bc37e000 	/System/Library/Frameworks/ColorSync.framework/Versions/A/ColorSync
0x00000001b6842000 	/System/Library/Frameworks/CoreFoundation.framework/Versions/A/CoreFoundation
0x00000001bfa81000 	/System/Library/Frameworks/CoreImage.framework/Versions/A/CoreImage
0x00000001b7ff6000 	/System/Library/Frameworks/CoreText.framework/Versions/A/CoreText
0x00000001bf832000 	/System/Library/Frameworks/ImageIO.framework/Versions/A/ImageIO
0x00000001c1345000 	/System/Library/PrivateFrameworks/SoftLinking.framework/Versions/A/SoftLinking
0x00000001bdd96000 	/usr/lib/libxml2.2.dylib
0x00000001c15de000 	/usr/lib/libcompression.dylib
0x00000001c2fd7000 	/System/Library/PrivateFrameworks/TextureIO.framework/Versions/A/TextureIO
0x00000001c1d06000 	/usr/lib/libate.dylib
0x00000001c1bcb000 	/usr/lib/liblzma.5.dylib
0x00000001b7431000 	/System/Library/Frameworks/SystemConfiguration.framework/Versions/A/SystemConfiguration
0x00000001c1341000 	/usr/lib/libfakelink.dylib
0x00000001bb443000 	/System/Library/Frameworks/CFNetwork.framework/Versions/A/CFNetwork
0x00000001c1487000 	/usr/lib/libarchive.2.dylib
0x00000001bfe61000 	/System/Library/PrivateFrameworks/AppleSystemInfo.framework/Versions/A/AppleSystemInfo
0x00000001c09f2000 	/usr/lib/libbsm.0.dylib
0x00000001ba9b4000 	/usr/lib/libnetwork.dylib
0x00000001c12db000 	/usr/lib/system/libkxld.dylib
0x00000001c0605000 	/System/Library/PrivateFrameworks/IOMobileFramebuffer.framework/Versions/A/IOMobileFramebuffer
0x00000002355db000 	/usr/lib/libCoreEntitlements.dylib
0x00000001c1016000 	/System/Library/PrivateFrameworks/AppleFSCompression.framework/Versions/A/AppleFSCompression
0x00000001c09da000 	/usr/lib/libcoretls.dylib
0x00000001c1be4000 	/usr/lib/libcoretls_cfhelpers.dylib
0x00000001c15d9000 	/usr/lib/libpam.2.dylib
0x00000001bccd7000 	/usr/lib/libsqlite3.dylib
0x00000001c1c4d000 	/usr/lib/libxar.1.dylib
0x00000001c1027000 	/usr/lib/libbz2.1.0.dylib
0x00000001c1346000 	/usr/lib/libpcap.A.dylib
0x00000001bd0b7000 	/usr/lib/libdns_services.dylib
0x00000001c15ac000 	/usr/lib/libapple_nghttp2.dylib
0x00000001c1383000 	/usr/lib/libiconv.2.dylib
0x00000001c12d1000 	/usr/lib/libcharset.1.dylib
0x00000001bdd14000 	/System/Library/Frameworks/CoreServices.framework/Versions/A/Frameworks/FSEvents.framework/Versions/A/FSEvents
0x00000001b8f33000 	/System/Library/Frameworks/CoreServices.framework/Versions/A/Frameworks/CarbonCore.framework/Versions/A/CarbonCore
0x00000001bd2f8000 	/System/Library/Frameworks/CoreServices.framework/Versions/A/Frameworks/Metadata.framework/Versions/A/Metadata
0x00000001c103a000 	/System/Library/Frameworks/CoreServices.framework/Versions/A/Frameworks/OSServices.framework/Versions/A/OSServices
0x00000001c150d000 	/System/Library/Frameworks/CoreServices.framework/Versions/A/Frameworks/SearchKit.framework/Versions/A/SearchKit
0x00000001bd046000 	/System/Library/Frameworks/CoreServices.framework/Versions/A/Frameworks/AE.framework/Versions/A/AE
0x00000001b6d88000 	/System/Library/Frameworks/CoreServices.framework/Versions/A/Frameworks/LaunchServices.framework/Versions/A/LaunchServices
0x00000001c1b74000 	/System/Library/Frameworks/CoreServices.framework/Versions/A/Frameworks/DictionaryServices.framework/Versions/A/DictionaryServices
0x00000001bdd21000 	/System/Library/Frameworks/CoreServices.framework/Versions/A/Frameworks/SharedFileList.framework/Versions/A/SharedFileList
0x00000001c09ca000 	/usr/lib/libCheckFix.dylib
0x00000001bb980000 	/System/Library/PrivateFrameworks/TCC.framework/Versions/A/TCC
0x00000001bfe67000 	/System/Library/PrivateFrameworks/CoreNLP.framework/Versions/A/CoreNLP
0x00000001bd2a6000 	/System/Library/PrivateFrameworks/MetadataUtilities.framework/Versions/A/MetadataUtilities
0x00000001b74ea000 	/usr/lib/libmecabra.dylib
0x00000001c0a03000 	/usr/lib/libmecab.dylib
0x00000001b74b6000 	/usr/lib/libCRFSuite.dylib
0x00000001c0a60000 	/usr/lib/libgermantok.dylib
0x00000001c1585000 	/usr/lib/libThaiTokenizer.dylib
0x00000001bd3a0000 	/System/Library/Frameworks/Accelerate.framework/Versions/A/Frameworks/vImage.framework/Versions/A/vImage
0x00000001c777d000 	/System/Library/Frameworks/Accelerate.framework/Versions/A/Frameworks/vecLib.framework/Versions/A/vecLib
0x00000001c1c92000 	/System/Library/Frameworks/Accelerate.framework/Versions/A/Frameworks/vecLib.framework/Versions/A/libvMisc.dylib
0x00000001c050c000 	/System/Library/Frameworks/Accelerate.framework/Versions/A/Frameworks/vecLib.framework/Versions/A/libvDSP.dylib
0x00000001b7111000 	/System/Library/Frameworks/Accelerate.framework/Versions/A/Frameworks/vecLib.framework/Versions/A/libBLAS.dylib
0x00000001c16af000 	/System/Library/Frameworks/Accelerate.framework/Versions/A/Frameworks/vecLib.framework/Versions/A/libLAPACK.dylib
0x00000001c0a63000 	/System/Library/Frameworks/Accelerate.framework/Versions/A/Frameworks/vecLib.framework/Versions/A/libLinearAlgebra.dylib
0x00000001c15c4000 	/System/Library/Frameworks/Accelerate.framework/Versions/A/Frameworks/vecLib.framework/Versions/A/libSparseBLAS.dylib
0x00000001c16aa000 	/System/Library/Frameworks/Accelerate.framework/Versions/A/Frameworks/vecLib.framework/Versions/A/libQuadrature.dylib
0x00000001bff60000 	/System/Library/Frameworks/Accelerate.framework/Versions/A/Frameworks/vecLib.framework/Versions/A/libBNNS.dylib
0x00000001b73cf000 	/System/Library/Frameworks/Accelerate.framework/Versions/A/Frameworks/vecLib.framework/Versions/A/libSparse.dylib
0x00000001bff58000 	/System/Library/PrivateFrameworks/LinguisticData.framework/Versions/A/LinguisticData
0x00000001b7387000 	/System/Library/PrivateFrameworks/Lexicon.framework/Versions/A/Lexicon
0x00000001c1c8a000 	/usr/lib/libChineseTokenizer.dylib
0x00000001b7b2e000 	/System/Library/PrivateFrameworks/LanguageModeling.framework/Versions/A/LanguageModeling
0x00000001c1587000 	/System/Library/PrivateFrameworks/AppleSauce.framework/Versions/A/AppleSauce
0x00000001c05f2000 	/System/Library/PrivateFrameworks/CoreEmoji.framework/Versions/A/CoreEmoji
0x00000001c1475000 	/usr/lib/libcmph.dylib
0x00000001bdcf4000 	/System/Library/Frameworks/OpenDirectory.framework/Versions/A/Frameworks/CFOpenDirectory.framework/Versions/A/CFOpenDirectory
0x00000001bdce4000 	/System/Library/Frameworks/OpenDirectory.framework/Versions/A/OpenDirectory
0x00000001c1be6000 	/System/Library/PrivateFrameworks/APFS.framework/Versions/A/APFS
0x00000001c091a000 	/System/Library/Frameworks/SecurityFoundation.framework/Versions/A/SecurityFoundation
0x00000001c1c5c000 	/usr/lib/libutil.dylib
0x00000001b926c000 	/System/Library/PrivateFrameworks/CoreServicesStore.framework/Versions/A/CoreServicesStore
0x00000001c1c60000 	/usr/lib/libxslt.1.dylib
0x00000001c09ae000 	/System/Library/PrivateFrameworks/BackgroundTaskManagement.framework/Versions/A/BackgroundTaskManagement
0x00000001c2ef8000 	/System/Library/Frameworks/ImageIO.framework/Versions/A/Resources/libRadiance.dylib
0x00000001c2f01000 	/System/Library/Frameworks/ImageIO.framework/Versions/A/Resources/libJPEG.dylib
0x00000001c2e54000 	/System/Library/Frameworks/ImageIO.framework/Versions/A/Resources/libPng.dylib
0x00000001c2e76000 	/System/Library/Frameworks/ImageIO.framework/Versions/A/Resources/libTIFF.dylib
0x00000001c2f5c000 	/System/Library/Frameworks/ImageIO.framework/Versions/A/Resources/libGIF.dylib
0x00000001c2890000 	/System/Library/Frameworks/ImageIO.framework/Versions/A/Resources/libJP2.dylib
0x00000001c1fb2000 	/usr/lib/libexpat.1.dylib
0x00000001c284b000 	/System/Library/PrivateFrameworks/AppleJPEG.framework/Versions/A/AppleJPEG
0x00000001bf36d000 	/System/Library/PrivateFrameworks/FontServices.framework/libFontParser.dylib
0x00000001bcfeb000 	/System/Library/PrivateFrameworks/RunningBoardServices.framework/Versions/A/RunningBoardServices
0x00000001cd869000 	/System/Library/PrivateFrameworks/IOSurfaceAccelerator.framework/Versions/A/IOSurfaceAccelerator
0x00000001c297c000 	/System/Library/PrivateFrameworks/WatchdogClient.framework/Versions/A/WatchdogClient
0x00000001b7c32000 	/System/Library/Frameworks/CoreDisplay.framework/Versions/A/CoreDisplay
0x00000001bf257000 	/System/Library/Frameworks/CoreMedia.framework/Versions/A/CoreMedia
0x00000001bf0e4000 	/System/Library/PrivateFrameworks/IOAccelerator.framework/Versions/A/IOAccelerator
0x00000001bde84000 	/System/Library/Frameworks/CoreVideo.framework/Versions/A/CoreVideo
0x00000001c15d7000 	/System/Library/Frameworks/MetalPerformanceShaders.framework/Versions/A/MetalPerformanceShaders
0x00000001c29bb000 	/System/Library/Frameworks/VideoToolbox.framework/Versions/A/VideoToolbox
0x00000001bcf2f000 	/System/Library/PrivateFrameworks/BaseBoard.framework/Versions/A/BaseBoard
0x00000001bccbd000 	/System/Library/PrivateFrameworks/ProtocolBuffer.framework/Versions/A/ProtocolBuffer
0x00000001c2ef3000 	/System/Library/PrivateFrameworks/GPUWrangler.framework/Versions/A/GPUWrangler
0x00000001c2ed3000 	/System/Library/PrivateFrameworks/IOPresentment.framework/Versions/A/IOPresentment
0x00000001c2efb000 	/System/Library/PrivateFrameworks/DSExternalDisplay.framework/Versions/A/DSExternalDisplay
0x0000000217ca2000 	/System/Library/Frameworks/OpenGL.framework/Versions/A/Libraries/libCoreFSCache.dylib
0x0000000222161000 	/System/Library/PrivateFrameworks/GPUCompiler.framework/Versions/31001/Libraries/libGPUCompilerUtils.dylib
0x00000001c2f61000 	/System/Library/PrivateFrameworks/CMCaptureCore.framework/Versions/A/CMCaptureCore
0x00000001c2563000 	/System/Library/PrivateFrameworks/AppServerSupport.framework/Versions/A/AppServerSupport
0x00000001c47e4000 	/System/Library/PrivateFrameworks/perfdata.framework/Versions/A/perfdata
0x00000001b7d52000 	/System/Library/PrivateFrameworks/AudioToolboxCore.framework/Versions/A/AudioToolboxCore
0x00000001bf230000 	/System/Library/PrivateFrameworks/caulk.framework/Versions/A/caulk
0x00000001c40d9000 	/usr/lib/libAudioStatistics.dylib
0x00000001d602e000 	/System/Library/PrivateFrameworks/SystemPolicy.framework/Versions/A/SystemPolicy
0x00000001c4345000 	/usr/lib/libSMC.dylib
0x00000001cd078000 	/System/Library/Frameworks/CoreMIDI.framework/Versions/A/CoreMIDI
0x00000001c2e22000 	/usr/lib/libAudioToolboxUtility.dylib
0x00000001d20fb000 	/System/Library/PrivateFrameworks/OSAServicesClient.framework/Versions/A/OSAServicesClient
0x00000001c47f1000 	/usr/lib/libperfcheck.dylib
0x00000001d6b46000 	/usr/lib/libmis.dylib
0x0000000217d04000 	/System/Library/Frameworks/OpenGL.framework/Versions/A/Libraries/libGLU.dylib
0x0000000217cc3000 	/System/Library/Frameworks/OpenGL.framework/Versions/A/Libraries/libGFXShared.dylib
0x0000000217eb0000 	/System/Library/Frameworks/OpenGL.framework/Versions/A/Libraries/libGL.dylib
0x0000000217ccc000 	/System/Library/Frameworks/OpenGL.framework/Versions/A/Libraries/libGLImage.dylib
0x0000000217cc0000 	/System/Library/Frameworks/OpenGL.framework/Versions/A/Libraries/libCVMSPluginSupport.dylib
0x0000000217ca9000 	/System/Library/Frameworks/OpenGL.framework/Versions/A/Libraries/libCoreVMClient.dylib
0x00000001bfde1000 	/System/Library/Frameworks/MetalPerformanceShaders.framework/Versions/A/Frameworks/MPSCore.framework/Versions/A/MPSCore
0x00000001c0f89000 	/System/Library/Frameworks/MetalPerformanceShaders.framework/Versions/A/Frameworks/MPSImage.framework/Versions/A/MPSImage
0x00000001c0a78000 	/System/Library/Frameworks/MetalPerformanceShaders.framework/Versions/A/Frameworks/MPSNeuralNetwork.framework/Versions/A/MPSNeuralNetwork
0x00000001c0eb1000 	/System/Library/Frameworks/MetalPerformanceShaders.framework/Versions/A/Frameworks/MPSMatrix.framework/Versions/A/MPSMatrix
0x00000001c0c8a000 	/System/Library/Frameworks/MetalPerformanceShaders.framework/Versions/A/Frameworks/MPSRayIntersector.framework/Versions/A/MPSRayIntersector
0x00000001c0ee2000 	/System/Library/Frameworks/MetalPerformanceShaders.framework/Versions/A/Frameworks/MPSNDArray.framework/Versions/A/MPSNDArray
0x0000000219e1b000 	/System/Library/Frameworks/MetalPerformanceShaders.framework/Versions/A/Frameworks/MPSFunctions.framework/Versions/A/MPSFunctions
0x00000001b6fe8000 	/System/Library/PrivateFrameworks/MetalTools.framework/Versions/A/MetalTools
0x00000001bfe5f000 	/System/Library/PrivateFrameworks/AggregateDictionary.framework/Versions/A/AggregateDictionary
0x00000001c1d97000 	/usr/lib/libIOReport.dylib
0x00000001cc096000 	/System/Library/PrivateFrameworks/ASEProcessing.framework/Versions/A/ASEProcessing
0x00000001c210c000 	/System/Library/PrivateFrameworks/FaceCore.framework/Versions/A/FaceCore
0x00000001c20fe000 	/System/Library/PrivateFrameworks/GraphVisualizer.framework/Versions/A/GraphVisualizer
0x0000000222078000 	/System/Library/PrivateFrameworks/FontServices.framework/Versions/A/FontServices
0x00000001c251f000 	/System/Library/PrivateFrameworks/OTSVG.framework/Versions/A/OTSVG
0x00000001bda4e000 	/System/Library/Frameworks/ApplicationServices.framework/Versions/A/Frameworks/ATS.framework/Versions/A/Resources/libFontRegistry.dylib
0x00000001c256c000 	/System/Library/PrivateFrameworks/FontServices.framework/libhvf.dylib
0x0000000222079000 	/System/Library/PrivateFrameworks/FontServices.framework/libXTFontStaticRegistryData.dylib
0x0000000218051000 	/System/Library/Frameworks/OpenCL.framework/Versions/A/OpenCL
0x00000001c1f66000 	/System/Library/PrivateFrameworks/AppleVA.framework/Versions/A/AppleVA
0x00000001c4101000 	/System/Library/Frameworks/ApplicationServices.framework/Versions/A/Frameworks/ATS.framework/Versions/A/ATS
0x00000001bc47b000 	/System/Library/Frameworks/ApplicationServices.framework/Versions/A/Frameworks/HIServices.framework/Versions/A/HIServices
0x00000001c2f6b000 	/System/Library/Frameworks/ApplicationServices.framework/Versions/A/Frameworks/PrintCore.framework/Versions/A/PrintCore
0x00000001c4498000 	/System/Library/Frameworks/ApplicationServices.framework/Versions/A/Frameworks/QD.framework/Versions/A/QD
0x00000001c4490000 	/System/Library/Frameworks/ApplicationServices.framework/Versions/A/Frameworks/ColorSyncLegacy.framework/Versions/A/ColorSyncLegacy
0x00000001c40ed000 	/System/Library/Frameworks/ApplicationServices.framework/Versions/A/Frameworks/SpeechSynthesis.framework/Versions/A/SpeechSynthesis
0x00000001c2f2c000 	/System/Library/Frameworks/ApplicationServices.framework/Versions/A/Frameworks/ATSUI.framework/Versions/A/ATSUI
0x00000001c4425000 	/usr/lib/libcups.2.dylib
0x00000001c47ff000 	/System/Library/Frameworks/Kerberos.framework/Versions/A/Kerberos
0x00000001c4810000 	/System/Library/Frameworks/GSS.framework/Versions/A/GSS
0x00000001c4171000 	/usr/lib/libresolv.9.dylib
0x00000001c257b000 	/System/Library/PrivateFrameworks/Heimdal.framework/Versions/A/Heimdal
0x00000001cb2cb000 	/System/Library/Frameworks/Kerberos.framework/Versions/A/Libraries/libHeimdalProxy.dylib
0x00000001bd0c9000 	/System/Library/Frameworks/Network.framework/Versions/A/Network
0x00000001c1fcd000 	/usr/lib/libheimdal-asn1.dylib
0x00000001c4860000 	/System/Library/PrivateFrameworks/CommonAuth.framework/Versions/A/CommonAuth
0x00000001c4067000 	/System/Library/PrivateFrameworks/AudioSession.framework/Versions/A/AudioSession
0x00000001c205f000 	/System/Library/PrivateFrameworks/MediaExperience.framework/Versions/A/MediaExperience
0x00000001c3eed000 	/System/Library/PrivateFrameworks/AudioSession.framework/libSessionUtility.dylib
0x00000001c44a4000 	/System/Library/PrivateFrameworks/AudioResourceArbitration.framework/Versions/A/AudioResourceArbitration
0x00000001c865a000 	/System/Library/PrivateFrameworks/PowerLog.framework/Versions/A/PowerLog
0x00000001c1fd7000 	/System/Library/PrivateFrameworks/IconFoundation.framework/Versions/A/IconFoundation
0x00000001c73a3000 	/System/Library/PrivateFrameworks/SpeechRecognitionCore.framework/Versions/A/SpeechRecognitionCore
0x0000000103420000 	/Users/simonluo/Library/Java/JavaVirtualMachines/corretto-17.0.2/Contents/Home/lib/server/libjvm.dylib
0x000000010223c000 	/Users/simonluo/Library/Java/JavaVirtualMachines/corretto-17.0.2/Contents/Home/lib/libjimage.dylib
0x0000000102268000 	/Users/simonluo/Library/Java/JavaVirtualMachines/corretto-17.0.2/Contents/Home/lib/libinstrument.dylib
0x00000001022b4000 	/Users/simonluo/Library/Java/JavaVirtualMachines/corretto-17.0.2/Contents/Home/lib/libjava.dylib
0x0000000102328000 	/Users/simonluo/Library/Java/JavaVirtualMachines/corretto-17.0.2/Contents/Home/lib/libnio.dylib
0x0000000102348000 	/Users/simonluo/Library/Java/JavaVirtualMachines/corretto-17.0.2/Contents/Home/lib/libnet.dylib
0x000000010229c000 	/Users/simonluo/Library/Java/JavaVirtualMachines/corretto-17.0.2/Contents/Home/lib/libzip.dylib
0x0000000103264000 	/Users/simonluo/.openjfx/cache/17.0.0.1/libprism_es2.dylib
0x00000001b922f000 	/System/Library/PrivateFrameworks/CoreServicesInternal.framework/Versions/A/CoreServicesInternal
0x0000000217eba000 	/System/Library/Frameworks/OpenGL.framework/Versions/A/Resources/GLEngine.bundle/GLEngine
0x0000000217d42000 	/System/Library/Frameworks/OpenGL.framework/Versions/A/Libraries/libGLProgrammability.dylib
0x000000010332c000 	/System/Library/Extensions/AppleMetalOpenGLRenderer.bundle/Contents/MacOS/AppleMetalOpenGLRenderer
0x0000000218029000 	/System/Library/Frameworks/OpenGL.framework/Versions/A/Resources/GLRendererFloat.bundle/GLRendererFloat
0x0000000218129000 	/System/Library/Extensions/AGXMetal13_3.bundle/Contents/MacOS/AGXMetal13_3
0x00000001d6b62000 	/System/Library/PrivateFrameworks/GPURawCounter.framework/Versions/A/GPURawCounter
0x00000001d126c000 	/System/Library/PrivateFrameworks/IOGPU.framework/Versions/A/IOGPU
0x0000000124bf8000 	/Users/simonluo/.openjfx/cache/17.0.0.1/libglass.dylib
0x00000001c88b2000 	/System/Library/Frameworks/FileProvider.framework/Versions/A/FileProvider
0x00000001bce97000 	/System/Library/Frameworks/Accounts.framework/Versions/A/Accounts
0x00000001c8a36000 	/System/Library/PrivateFrameworks/GenerationalStorage.framework/Versions/A/GenerationalStorage
0x00000001c95f9000 	/System/Library/PrivateFrameworks/CoreSymbolication.framework/Versions/A/CoreSymbolication
0x00000001c864e000 	/System/Library/PrivateFrameworks/SymptomDiagnosticReporter.framework/Versions/A/SymptomDiagnosticReporter
0x00000001ba51f000 	/System/Library/PrivateFrameworks/DesktopServicesPriv.framework/Versions/A/DesktopServicesPriv
0x00000001b9391000 	/usr/lib/libsandbox.1.dylib
0x00000001bdf12000 	/System/Library/PrivateFrameworks/UserManagement.framework/Versions/A/UserManagement
0x00000001c95b6000 	/System/Library/PrivateFrameworks/DebugSymbols.framework/Versions/A/DebugSymbols
0x00000001c4483000 	/System/Library/PrivateFrameworks/NetAuth.framework/Versions/A/NetAuth
0x00000001c53a1000 	/System/Library/PrivateFrameworks/Sharing.framework/Versions/A/Sharing
0x00000001bdee2000 	/System/Library/PrivateFrameworks/login.framework/Versions/A/Frameworks/loginsupport.framework/Versions/A/loginsupport
0x00000001ca7eb000 	/System/Library/PrivateFrameworks/Apple80211.framework/Versions/A/Apple80211
0x00000001c106d000 	/System/Library/PrivateFrameworks/AuthKit.framework/Versions/A/AuthKit
0x00000001c06ee000 	/System/Library/PrivateFrameworks/CoreUtils.framework/Versions/A/CoreUtils
0x00000001c0611000 	/System/Library/Frameworks/CoreWLAN.framework/Versions/A/CoreWLAN
0x00000001c5511000 	/System/Library/Frameworks/IOBluetooth.framework/Versions/A/IOBluetooth
0x00000001ca84b000 	/System/Library/PrivateFrameworks/CoreWiFi.framework/Versions/A/CoreWiFi
0x00000001c9196000 	/System/Library/PrivateFrameworks/FrontBoardServices.framework/Versions/A/FrontBoardServices
0x00000001c922e000 	/System/Library/PrivateFrameworks/BoardServices.framework/Versions/A/BoardServices
0x00000001c0908000 	/System/Library/PrivateFrameworks/AssertionServices.framework/Versions/A/AssertionServices
0x00000001ca9c8000 	/System/Library/PrivateFrameworks/BackBoardServices.framework/Versions/A/BackBoardServices
0x00000001c48f7000 	/System/Library/PrivateFrameworks/CorePhoneNumbers.framework/Versions/A/CorePhoneNumbers
0x00000001c877e000 	/System/Library/PrivateFrameworks/DiskManagement.framework/Versions/A/DiskManagement
0x00000001c8681000 	/System/Library/PrivateFrameworks/AppleIDAuthSupport.framework/Versions/A/AppleIDAuthSupport
0x000000021c642000 	/System/Library/PrivateFrameworks/AAAFoundation.framework/Versions/A/AAAFoundation
0x00000001c48d6000 	/System/Library/PrivateFrameworks/KeychainCircle.framework/Versions/A/KeychainCircle
0x00000001c874a000 	/System/Library/PrivateFrameworks/MediaKit.framework/Versions/A/MediaKit
0x00000001c868e000 	/System/Library/Frameworks/DiscRecording.framework/Versions/A/DiscRecording
0x00000001c1ee2000 	/usr/lib/libCoreStorage.dylib
0x00000001cacc5000 	/usr/lib/libcsfde.dylib
0x00000001c55e6000 	/System/Library/PrivateFrameworks/ProtectedCloudStorage.framework/Versions/A/ProtectedCloudStorage
0x00000001cacbd000 	/System/Library/PrivateFrameworks/EFILogin.framework/Versions/A/EFILogin
0x00000001c8a5d000 	/System/Library/PrivateFrameworks/OctagonTrust.framework/Versions/A/OctagonTrust
0x0000000221213000 	/System/Library/PrivateFrameworks/CoreUtilsExtras.framework/Versions/A/CoreUtilsExtras
0x00000001c85b3000 	/System/Library/Frameworks/CoreBluetooth.framework/Versions/A/CoreBluetooth
0x00000001cb350000 	/System/Library/Frameworks/AudioUnit.framework/Versions/A/AudioUnit
0x00000001c1eda000 	/usr/lib/libMatch.1.dylib
0x00000001db00e000 	/System/Library/Frameworks/Accelerate.framework/Versions/A/Frameworks/vImage.framework/Versions/A/Libraries/libCGInterfaces.dylib
0x0000000125fac000 	/usr/lib/libobjc-trampolines.dylib
0x00000001bdbdc000 	/System/Library/PrivateFrameworks/ViewBridge.framework/Versions/A/ViewBridge
0x000000021ccf5000 	/System/Library/PrivateFrameworks/AccessibilityBundles.framework/Versions/A/AccessibilityBundles
0x000000012871c000 	/Users/simonluo/.openjfx/cache/17.0.0.1/libjavafx_font.dylib
0x00000001c263e000 	/System/Library/PrivateFrameworks/login.framework/Versions/A/login


VM Arguments:
jvm_args: -javaagent:/Applications/IntelliJ IDEA CE.app/Contents/lib/idea_rt.jar=64296:/Applications/IntelliJ IDEA CE.app/Contents/bin -Dfile.encoding=UTF-8 --module-path=/Users/simonluo/.m2/repository/org/openjfx/javafx-graphics/17.0.0.1/javafx-graphics-17.0.0.1-mac-aarch64.jar:/Users/simonluo/.m2/repository/org/xerial/sqlite-jdbc/3.36.0.3/sqlite-jdbc-3.36.0.3.jar:/Users/simonluo/.m2/repository/org/openjfx/javafx-base/17.0.0.1/javafx-base-17.0.0.1-mac-aarch64.jar:/Users/simonluo/.m2/repository/org/openjfx/javafx-fxml/17.0.0.1/javafx-fxml-17.0.0.1-mac-aarch64.jar:/Users/simonluo/cs151proj/passaver/target/classes:/Users/simonluo/.m2/repository/org/openjfx/javafx-controls/17.0.0.1/javafx-controls-17.0.0.1-mac-aarch64.jar -Djdk.module.main=cs151.passaver 
java_command: cs151.passaver/cs151.passaver.Passaver
java_class_path (initial): /Users/simonluo/.m2/repository/org/openjfx/javafx-controls/17.0.0.1/javafx-controls-17.0.0.1.jar:/Users/simonluo/.m2/repository/org/openjfx/javafx-graphics/17.0.0.1/javafx-graphics-17.0.0.1.jar:/Users/simonluo/.m2/repository/org/openjfx/javafx-base/17.0.0.1/javafx-base-17.0.0.1.jar:/Users/simonluo/.m2/repository/org/openjfx/javafx-fxml/17.0.0.1/javafx-fxml-17.0.0.1.jar
Launcher Type: SUN_STANDARD

[Global flags]
     intx CICompilerCount                          = 4                                         {product} {ergonomic}
     uint ConcGCThreads                            = 2                                         {product} {ergonomic}
     uint G1ConcRefinementThreads                  = 8                                         {product} {ergonomic}
   size_t G1HeapRegionSize                         = 1048576                                   {product} {ergonomic}
    uintx GCDrainStackTargetSize                   = 64                                        {product} {ergonomic}
   size_t InitialHeapSize                          = 134217728                                 {product} {ergonomic}
   size_t MarkStackSize                            = 4194304                                   {product} {ergonomic}
   size_t MaxHeapSize                              = 2147483648                                {product} {ergonomic}
   size_t MaxNewSize                               = 1287651328                                {product} {ergonomic}
   size_t MinHeapDeltaBytes                        = 1048576                                   {product} {ergonomic}
   size_t MinHeapSize                              = 8388608                                   {product} {ergonomic}
    uintx NonNMethodCodeHeapSize                   = 5839564                                {pd product} {ergonomic}
    uintx NonProfiledCodeHeapSize                  = 122909338                              {pd product} {ergonomic}
    uintx ProfiledCodeHeapSize                     = 122909338                              {pd product} {ergonomic}
    uintx ReservedCodeCacheSize                    = 251658240                              {pd product} {ergonomic}
     bool SegmentedCodeCache                       = true                                      {product} {ergonomic}
   size_t SoftMaxHeapSize                          = 2147483648                             {manageable} {ergonomic}
     bool UseCompressedClassPointers               = true                           {product lp64_product} {ergonomic}
     bool UseCompressedOops                        = true                           {product lp64_product} {ergonomic}
     bool UseG1GC                                  = true                                      {product} {ergonomic}
     bool UseNUMA                                  = false                                     {product} {ergonomic}
     bool UseNUMAInterleaving                      = false                                     {product} {ergonomic}

Logging:
Log output configuration:
 #0: stdout all=warning uptime,level,tags
 #1: stderr all=off uptime,level,tags

Environment Variables:
PATH=/Users/simonluo/opt/anaconda3/bin:/Users/simonluo/opt/anaconda3/condabin:/Library/Frameworks/Python.framework/Versions/3.9/bin:/usr/local/bin:/usr/bin:/bin:/usr/sbin:/sbin
SHELL=/bin/zsh
LC_CTYPE=en_US.UTF-8

Signal Handlers:
   SIGSEGV: _ZL13crash_handleriP9__siginfoPv in libjvm.dylib, mask=11100110000111110111111111111111, flags=SA_RESTART|SA_SIGINFO
    SIGBUS: _ZL13crash_handleriP9__siginfoPv in libjvm.dylib, mask=11100110000111110111111111111111, flags=SA_RESTART|SA_SIGINFO
    SIGFPE: _ZL13crash_handleriP9__siginfoPv in libjvm.dylib, mask=11100110000111110111111111111111, flags=SA_RESTART|SA_SIGINFO
   SIGPIPE: _ZL17javaSignalHandleriP9__siginfoPv in libjvm.dylib, mask=11100110000111110111111111111111, flags=SA_RESTART|SA_SIGINFO
   SIGXFSZ: _ZL17javaSignalHandleriP9__siginfoPv in libjvm.dylib, mask=11100110000111110111111111111111, flags=SA_RESTART|SA_SIGINFO
    SIGILL: _ZL13crash_handleriP9__siginfoPv in libjvm.dylib, mask=11100110000111110111111111111111, flags=SA_RESTART|SA_SIGINFO
   SIGUSR2: _ZL10SR_handleriP9__siginfoP17__darwin_ucontext in libjvm.dylib, mask=00100000000000000000000000000000, flags=SA_RESTART|SA_SIGINFO
    SIGHUP: _ZL11UserHandleriPvS_ in libjvm.dylib, mask=11100110000111110111111111111111, flags=SA_RESTART|SA_SIGINFO
    SIGINT: _ZL11UserHandleriPvS_ in libjvm.dylib, mask=11100110000111110111111111111111, flags=SA_RESTART|SA_SIGINFO
   SIGTERM: _ZL11UserHandleriPvS_ in libjvm.dylib, mask=11100110000111110111111111111111, flags=SA_RESTART|SA_SIGINFO
   SIGQUIT: _ZL11UserHandleriPvS_ in libjvm.dylib, mask=11100110000111110111111111111111, flags=SA_RESTART|SA_SIGINFO
   SIGTRAP: _ZL13crash_handleriP9__siginfoPv in libjvm.dylib, mask=11100110000111110111111111111111, flags=SA_RESTART|SA_SIGINFO


---------------  S Y S T E M  ---------------

OS:
uname: Darwin 21.4.0 Darwin Kernel Version 21.4.0: Fri Mar 18 00:47:26 PDT 2022; root:xnu-8020.101.4~15/RELEASE_ARM64_T8101 arm64
OS uptime: 7 days 1:01 hours
rlimit (soft/hard): STACK 8176k/65520k , CORE 0k/infinity , NPROC 1333/2000 , NOFILE 10240/infinity , AS infinity/infinity , CPU infinity/infinity , DATA infinity/infinity , FSIZE infinity/infinity , MEMLOCK infinity/infinity , RSS infinity/infinity
load average: 2.84 2.50 2.12

CPU: total 8 (initial active 8) 0x61:0x0:0x1b588bb3:0, fp, simd, crc, lse

Memory: 16k page, physical 8388608k(118832k free), swap 2097152k(1391104k free)

vm_info: OpenJDK 64-Bit Server VM (17.0.2+8-LTS) for bsd-aarch64 JRE (17.0.2+8-LTS), built on Jan 16 2022 20:47:05 by "jenkins" with clang Apple LLVM 13.0.0 (clang-1300.0.29.30)

END.
